ERROR - 2024-02-28 05:14:40 --> Error connecting to the database: Too many connections
CRITICAL - 2024-02-28 05:14:40 --> Unable to connect to the database.
Main connection [MySQLi]: Too many connections
in SYSTEMPATH/Database/BaseConnection.php on line 415.
 1 SYSTEMPATH/Database/BaseConnection.php(585): CodeIgniter\Database\BaseConnection->initialize()
 2 APPPATH/Models/Users_model.php(613): CodeIgniter\Database\BaseConnection->query('SELECT * FROM seo_users ORDER BY id')
 3 APPPATH/Libraries/User_details.php(385): App\Models\Users_model->getUserDetails()
 4 APPPATH/Controllers/UiController.php(22): App\Libraries\User_details->getUserDetails()
 5 APPPATH/Controllers/Home.php(19): App\Controllers\UiController->__construct()
 6 SYSTEMPATH/CodeIgniter.php(860): App\Controllers\Home->__construct()
 7 SYSTEMPATH/CodeIgniter.php(459): CodeIgniter\CodeIgniter->createController()
 8 SYSTEMPATH/CodeIgniter.php(351): CodeIgniter\CodeIgniter->handleRequest(null, Object(Config\Cache), false)
 9 FCPATH/index.php(55): CodeIgniter\CodeIgniter->run()
ERROR - 2024-02-28 06:13:56 --> Error connecting to the database: Too many connections
CRITICAL - 2024-02-28 06:13:56 --> Unable to connect to the database.
Main connection [MySQLi]: Too many connections
in SYSTEMPATH/Database/BaseConnection.php on line 415.
 1 SYSTEMPATH/Database/BaseConnection.php(585): CodeIgniter\Database\BaseConnection->initialize()
 2 APPPATH/Models/Settings_model.php(47): CodeIgniter\Database\BaseConnection->query('SELECT seo_settings.setting_name,  seo_settings.setting_value
        FROM seo_settings
        WHERE seo_settings.deleted=0 AND (seo_settings.type = \'app\' OR (seo_settings.type =\'user\' AND seo_settings.setting_name LIKE \'user__%\'))')
 3 APPPATH/Controllers/AppController.php(31): App\Models\Settings_model->get_all_required_settings(false)
 4 APPPATH/Controllers/PostController.php(18): App\Controllers\AppController->__construct()
 5 SYSTEMPATH/CodeIgniter.php(860): App\Controllers\PostController->__construct()
 6 SYSTEMPATH/CodeIgniter.php(459): CodeIgniter\CodeIgniter->createController()
 7 SYSTEMPATH/CodeIgniter.php(351): CodeIgniter\CodeIgniter->handleRequest(null, Object(Config\Cache), false)
 8 FCPATH/index.php(55): CodeIgniter\CodeIgniter->run()
