CRITICAL - 2023-12-01 00:56:39 --> Trying to access array offset on value of type null
in APPPATH/Views/theme1/frontend/update_detail.php on line 20.
 1 APPPATH/Views/theme1/frontend/update_detail.php(20): CodeIgniter\Debug\Exceptions->errorHandler(8, 'Trying to access array offset on value of type null', 'APPPATH/Views/theme1/frontend/update_detail.php', 20, [...])
 2 SYSTEMPATH/View/View.php(213): include('APPPATH/Views/theme1/frontend/update_detail.php')
 3 SYSTEMPATH/View/View.php(216): CodeIgniter\View\View->CodeIgniter\View\{closure}()
 4 SYSTEMPATH/Common.php(1135): CodeIgniter\View\View->render('theme1/frontend/update_detail', [], true)
 5 APPPATH/Controllers/Update.php(146): view('theme1/frontend/update_detail', [...])
 6 SYSTEMPATH/CodeIgniter.php(898): App\Controllers\Update->update_details()
 7 SYSTEMPATH/CodeIgniter.php(468): CodeIgniter\CodeIgniter->runController(Object(App\Controllers\Update))
 8 SYSTEMPATH/CodeIgniter.php(351): CodeIgniter\CodeIgniter->handleRequest(null, Object(Config\Cache), false)
 9 FCPATH/index.php(55): CodeIgniter\CodeIgniter->run()
CRITICAL - 2023-12-01 01:58:55 --> Trying to access array offset on value of type null
in APPPATH/Controllers/Custom.php on line 266.
 1 APPPATH/Controllers/Custom.php(266): CodeIgniter\Debug\Exceptions->errorHandler(8, 'Trying to access array offset on value of type null', 'APPPATH/Controllers/Custom.php', 266, [...])
 2 SYSTEMPATH/CodeIgniter.php(898): App\Controllers\Custom->custom_Main_Menu()
 3 SYSTEMPATH/CodeIgniter.php(468): CodeIgniter\CodeIgniter->runController(Object(App\Controllers\Custom))
 4 SYSTEMPATH/CodeIgniter.php(351): CodeIgniter\CodeIgniter->handleRequest(null, Object(Config\Cache), false)
 5 FCPATH/index.php(55): CodeIgniter\CodeIgniter->run()
CRITICAL - 2023-12-01 09:31:29 --> Trying to access array offset on value of type null
in APPPATH/Views/theme1/frontend/update_detail.php on line 20.
 1 APPPATH/Views/theme1/frontend/update_detail.php(20): CodeIgniter\Debug\Exceptions->errorHandler(8, 'Trying to access array offset on value of type null', 'APPPATH/Views/theme1/frontend/update_detail.php', 20, [...])
 2 SYSTEMPATH/View/View.php(213): include('APPPATH/Views/theme1/frontend/update_detail.php')
 3 SYSTEMPATH/View/View.php(216): CodeIgniter\View\View->CodeIgniter\View\{closure}()
 4 SYSTEMPATH/Common.php(1135): CodeIgniter\View\View->render('theme1/frontend/update_detail', [], true)
 5 APPPATH/Controllers/Update.php(146): view('theme1/frontend/update_detail', [...])
 6 SYSTEMPATH/CodeIgniter.php(898): App\Controllers\Update->update_details()
 7 SYSTEMPATH/CodeIgniter.php(468): CodeIgniter\CodeIgniter->runController(Object(App\Controllers\Update))
 8 SYSTEMPATH/CodeIgniter.php(351): CodeIgniter\CodeIgniter->handleRequest(null, Object(Config\Cache), false)
 9 FCPATH/index.php(55): CodeIgniter\CodeIgniter->run()
CRITICAL - 2023-12-01 12:55:55 --> Trying to access array offset on value of type null
in APPPATH/Controllers/Custom.php on line 266.
 1 APPPATH/Controllers/Custom.php(266): CodeIgniter\Debug\Exceptions->errorHandler(8, 'Trying to access array offset on value of type null', 'APPPATH/Controllers/Custom.php', 266, [...])
 2 SYSTEMPATH/CodeIgniter.php(898): App\Controllers\Custom->custom_Main_Menu()
 3 SYSTEMPATH/CodeIgniter.php(468): CodeIgniter\CodeIgniter->runController(Object(App\Controllers\Custom))
 4 SYSTEMPATH/CodeIgniter.php(351): CodeIgniter\CodeIgniter->handleRequest(null, Object(Config\Cache), false)
 5 FCPATH/index.php(55): CodeIgniter\CodeIgniter->run()
CRITICAL - 2023-12-01 13:02:16 --> Trying to access array offset on value of type null
in APPPATH/Controllers/Custom.php on line 266.
 1 APPPATH/Controllers/Custom.php(266): CodeIgniter\Debug\Exceptions->errorHandler(8, 'Trying to access array offset on value of type null', 'APPPATH/Controllers/Custom.php', 266, [...])
 2 SYSTEMPATH/CodeIgniter.php(898): App\Controllers\Custom->custom_Main_Menu()
 3 SYSTEMPATH/CodeIgniter.php(468): CodeIgniter\CodeIgniter->runController(Object(App\Controllers\Custom))
 4 SYSTEMPATH/CodeIgniter.php(351): CodeIgniter\CodeIgniter->handleRequest(null, Object(Config\Cache), false)
 5 FCPATH/index.php(55): CodeIgniter\CodeIgniter->run()
CRITICAL - 2023-12-01 14:10:56 --> Trying to access array offset on value of type null
in APPPATH/Controllers/Custom.php on line 266.
 1 APPPATH/Controllers/Custom.php(266): CodeIgniter\Debug\Exceptions->errorHandler(8, 'Trying to access array offset on value of type null', 'APPPATH/Controllers/Custom.php', 266, [...])
 2 SYSTEMPATH/CodeIgniter.php(898): App\Controllers\Custom->custom_Main_Menu()
 3 SYSTEMPATH/CodeIgniter.php(468): CodeIgniter\CodeIgniter->runController(Object(App\Controllers\Custom))
 4 SYSTEMPATH/CodeIgniter.php(351): CodeIgniter\CodeIgniter->handleRequest(null, Object(Config\Cache), false)
 5 FCPATH/index.php(55): CodeIgniter\CodeIgniter->run()
CRITICAL - 2023-12-01 14:29:57 --> Trying to access array offset on value of type null
in APPPATH/Controllers/Custom.php on line 266.
 1 APPPATH/Controllers/Custom.php(266): CodeIgniter\Debug\Exceptions->errorHandler(8, 'Trying to access array offset on value of type null', 'APPPATH/Controllers/Custom.php', 266, [...])
 2 SYSTEMPATH/CodeIgniter.php(898): App\Controllers\Custom->custom_Main_Menu()
 3 SYSTEMPATH/CodeIgniter.php(468): CodeIgniter\CodeIgniter->runController(Object(App\Controllers\Custom))
 4 SYSTEMPATH/CodeIgniter.php(351): CodeIgniter\CodeIgniter->handleRequest(null, Object(Config\Cache), false)
 5 FCPATH/index.php(55): CodeIgniter\CodeIgniter->run()
CRITICAL - 2023-12-01 14:59:39 --> Trying to access array offset on value of type null
in APPPATH/Controllers/Custom.php on line 266.
 1 APPPATH/Controllers/Custom.php(266): CodeIgniter\Debug\Exceptions->errorHandler(8, 'Trying to access array offset on value of type null', 'APPPATH/Controllers/Custom.php', 266, [...])
 2 SYSTEMPATH/CodeIgniter.php(898): App\Controllers\Custom->custom_Main_Menu()
 3 SYSTEMPATH/CodeIgniter.php(468): CodeIgniter\CodeIgniter->runController(Object(App\Controllers\Custom))
 4 SYSTEMPATH/CodeIgniter.php(351): CodeIgniter\CodeIgniter->handleRequest(null, Object(Config\Cache), false)
 5 FCPATH/index.php(55): CodeIgniter\CodeIgniter->run()
CRITICAL - 2023-12-01 15:24:14 --> Trying to access array offset on value of type null
in APPPATH/Controllers/Custom.php on line 266.
 1 APPPATH/Controllers/Custom.php(266): CodeIgniter\Debug\Exceptions->errorHandler(8, 'Trying to access array offset on value of type null', 'APPPATH/Controllers/Custom.php', 266, [...])
 2 SYSTEMPATH/CodeIgniter.php(898): App\Controllers\Custom->custom_Main_Menu()
 3 SYSTEMPATH/CodeIgniter.php(468): CodeIgniter\CodeIgniter->runController(Object(App\Controllers\Custom))
 4 SYSTEMPATH/CodeIgniter.php(351): CodeIgniter\CodeIgniter->handleRequest(null, Object(Config\Cache), false)
 5 FCPATH/index.php(55): CodeIgniter\CodeIgniter->run()
CRITICAL - 2023-12-01 15:25:16 --> Trying to access array offset on value of type null
in APPPATH/Controllers/Custom.php on line 266.
 1 APPPATH/Controllers/Custom.php(266): CodeIgniter\Debug\Exceptions->errorHandler(8, 'Trying to access array offset on value of type null', 'APPPATH/Controllers/Custom.php', 266, [...])
 2 SYSTEMPATH/CodeIgniter.php(898): App\Controllers\Custom->custom_Main_Menu()
 3 SYSTEMPATH/CodeIgniter.php(468): CodeIgniter\CodeIgniter->runController(Object(App\Controllers\Custom))
 4 SYSTEMPATH/CodeIgniter.php(351): CodeIgniter\CodeIgniter->handleRequest(null, Object(Config\Cache), false)
 5 FCPATH/index.php(55): CodeIgniter\CodeIgniter->run()
CRITICAL - 2023-12-01 15:26:17 --> Trying to access array offset on value of type null
in APPPATH/Controllers/Custom.php on line 266.
 1 APPPATH/Controllers/Custom.php(266): CodeIgniter\Debug\Exceptions->errorHandler(8, 'Trying to access array offset on value of type null', 'APPPATH/Controllers/Custom.php', 266, [...])
 2 SYSTEMPATH/CodeIgniter.php(898): App\Controllers\Custom->custom_Main_Menu()
 3 SYSTEMPATH/CodeIgniter.php(468): CodeIgniter\CodeIgniter->runController(Object(App\Controllers\Custom))
 4 SYSTEMPATH/CodeIgniter.php(351): CodeIgniter\CodeIgniter->handleRequest(null, Object(Config\Cache), false)
 5 FCPATH/index.php(55): CodeIgniter\CodeIgniter->run()
CRITICAL - 2023-12-01 15:27:18 --> Trying to access array offset on value of type null
in APPPATH/Controllers/Custom.php on line 266.
 1 APPPATH/Controllers/Custom.php(266): CodeIgniter\Debug\Exceptions->errorHandler(8, 'Trying to access array offset on value of type null', 'APPPATH/Controllers/Custom.php', 266, [...])
 2 SYSTEMPATH/CodeIgniter.php(898): App\Controllers\Custom->custom_Main_Menu()
 3 SYSTEMPATH/CodeIgniter.php(468): CodeIgniter\CodeIgniter->runController(Object(App\Controllers\Custom))
 4 SYSTEMPATH/CodeIgniter.php(351): CodeIgniter\CodeIgniter->handleRequest(null, Object(Config\Cache), false)
 5 FCPATH/index.php(55): CodeIgniter\CodeIgniter->run()
CRITICAL - 2023-12-01 19:43:33 --> Trying to access array offset on value of type null
in APPPATH/Controllers/Custom.php on line 266.
 1 APPPATH/Controllers/Custom.php(266): CodeIgniter\Debug\Exceptions->errorHandler(8, 'Trying to access array offset on value of type null', 'APPPATH/Controllers/Custom.php', 266, [...])
 2 SYSTEMPATH/CodeIgniter.php(898): App\Controllers\Custom->custom_Main_Menu()
 3 SYSTEMPATH/CodeIgniter.php(468): CodeIgniter\CodeIgniter->runController(Object(App\Controllers\Custom))
 4 SYSTEMPATH/CodeIgniter.php(351): CodeIgniter\CodeIgniter->handleRequest(null, Object(Config\Cache), false)
 5 FCPATH/index.php(55): CodeIgniter\CodeIgniter->run()
CRITICAL - 2023-12-01 19:43:33 --> Trying to access array offset on value of type null
in APPPATH/Controllers/Custom.php on line 266.
 1 APPPATH/Controllers/Custom.php(266): CodeIgniter\Debug\Exceptions->errorHandler(8, 'Trying to access array offset on value of type null', 'APPPATH/Controllers/Custom.php', 266, [...])
 2 SYSTEMPATH/CodeIgniter.php(898): App\Controllers\Custom->custom_Main_Menu()
 3 SYSTEMPATH/CodeIgniter.php(468): CodeIgniter\CodeIgniter->runController(Object(App\Controllers\Custom))
 4 SYSTEMPATH/CodeIgniter.php(351): CodeIgniter\CodeIgniter->handleRequest(null, Object(Config\Cache), false)
 5 FCPATH/index.php(55): CodeIgniter\CodeIgniter->run()
CRITICAL - 2023-12-01 19:43:33 --> Trying to access array offset on value of type null
in APPPATH/Controllers/Custom.php on line 266.
 1 APPPATH/Controllers/Custom.php(266): CodeIgniter\Debug\Exceptions->errorHandler(8, 'Trying to access array offset on value of type null', 'APPPATH/Controllers/Custom.php', 266, [...])
 2 SYSTEMPATH/CodeIgniter.php(898): App\Controllers\Custom->custom_Main_Menu()
 3 SYSTEMPATH/CodeIgniter.php(468): CodeIgniter\CodeIgniter->runController(Object(App\Controllers\Custom))
 4 SYSTEMPATH/CodeIgniter.php(351): CodeIgniter\CodeIgniter->handleRequest(null, Object(Config\Cache), false)
 5 FCPATH/index.php(55): CodeIgniter\CodeIgniter->run()
CRITICAL - 2023-12-01 19:43:33 --> Trying to access array offset on value of type null
in APPPATH/Controllers/Custom.php on line 266.
 1 APPPATH/Controllers/Custom.php(266): CodeIgniter\Debug\Exceptions->errorHandler(8, 'Trying to access array offset on value of type null', 'APPPATH/Controllers/Custom.php', 266, [...])
 2 SYSTEMPATH/CodeIgniter.php(898): App\Controllers\Custom->custom_Main_Menu()
 3 SYSTEMPATH/CodeIgniter.php(468): CodeIgniter\CodeIgniter->runController(Object(App\Controllers\Custom))
 4 SYSTEMPATH/CodeIgniter.php(351): CodeIgniter\CodeIgniter->handleRequest(null, Object(Config\Cache), false)
 5 FCPATH/index.php(55): CodeIgniter\CodeIgniter->run()
CRITICAL - 2023-12-01 19:43:33 --> Trying to access array offset on value of type null
in APPPATH/Controllers/Custom.php on line 266.
 1 APPPATH/Controllers/Custom.php(266): CodeIgniter\Debug\Exceptions->errorHandler(8, 'Trying to access array offset on value of type null', 'APPPATH/Controllers/Custom.php', 266, [...])
 2 SYSTEMPATH/CodeIgniter.php(898): App\Controllers\Custom->custom_Main_Menu()
 3 SYSTEMPATH/CodeIgniter.php(468): CodeIgniter\CodeIgniter->runController(Object(App\Controllers\Custom))
 4 SYSTEMPATH/CodeIgniter.php(351): CodeIgniter\CodeIgniter->handleRequest(null, Object(Config\Cache), false)
 5 FCPATH/index.php(55): CodeIgniter\CodeIgniter->run()
CRITICAL - 2023-12-01 19:43:33 --> Trying to access array offset on value of type null
in APPPATH/Controllers/Custom.php on line 266.
 1 APPPATH/Controllers/Custom.php(266): CodeIgniter\Debug\Exceptions->errorHandler(8, 'Trying to access array offset on value of type null', 'APPPATH/Controllers/Custom.php', 266, [...])
 2 SYSTEMPATH/CodeIgniter.php(898): App\Controllers\Custom->custom_Main_Menu()
 3 SYSTEMPATH/CodeIgniter.php(468): CodeIgniter\CodeIgniter->runController(Object(App\Controllers\Custom))
 4 SYSTEMPATH/CodeIgniter.php(351): CodeIgniter\CodeIgniter->handleRequest(null, Object(Config\Cache), false)
 5 FCPATH/index.php(55): CodeIgniter\CodeIgniter->run()
CRITICAL - 2023-12-01 19:43:33 --> Trying to access array offset on value of type null
in APPPATH/Controllers/Custom.php on line 266.
 1 APPPATH/Controllers/Custom.php(266): CodeIgniter\Debug\Exceptions->errorHandler(8, 'Trying to access array offset on value of type null', 'APPPATH/Controllers/Custom.php', 266, [...])
 2 SYSTEMPATH/CodeIgniter.php(898): App\Controllers\Custom->custom_Main_Menu()
 3 SYSTEMPATH/CodeIgniter.php(468): CodeIgniter\CodeIgniter->runController(Object(App\Controllers\Custom))
 4 SYSTEMPATH/CodeIgniter.php(351): CodeIgniter\CodeIgniter->handleRequest(null, Object(Config\Cache), false)
 5 FCPATH/index.php(55): CodeIgniter\CodeIgniter->run()
CRITICAL - 2023-12-01 19:43:33 --> Trying to access array offset on value of type null
in APPPATH/Controllers/Custom.php on line 266.
 1 APPPATH/Controllers/Custom.php(266): CodeIgniter\Debug\Exceptions->errorHandler(8, 'Trying to access array offset on value of type null', 'APPPATH/Controllers/Custom.php', 266, [...])
 2 SYSTEMPATH/CodeIgniter.php(898): App\Controllers\Custom->custom_Main_Menu()
 3 SYSTEMPATH/CodeIgniter.php(468): CodeIgniter\CodeIgniter->runController(Object(App\Controllers\Custom))
 4 SYSTEMPATH/CodeIgniter.php(351): CodeIgniter\CodeIgniter->handleRequest(null, Object(Config\Cache), false)
 5 FCPATH/index.php(55): CodeIgniter\CodeIgniter->run()
CRITICAL - 2023-12-01 19:43:33 --> Trying to access array offset on value of type null
in APPPATH/Controllers/Custom.php on line 266.
 1 APPPATH/Controllers/Custom.php(266): CodeIgniter\Debug\Exceptions->errorHandler(8, 'Trying to access array offset on value of type null', 'APPPATH/Controllers/Custom.php', 266, [...])
 2 SYSTEMPATH/CodeIgniter.php(898): App\Controllers\Custom->custom_Main_Menu()
 3 SYSTEMPATH/CodeIgniter.php(468): CodeIgniter\CodeIgniter->runController(Object(App\Controllers\Custom))
 4 SYSTEMPATH/CodeIgniter.php(351): CodeIgniter\CodeIgniter->handleRequest(null, Object(Config\Cache), false)
 5 FCPATH/index.php(55): CodeIgniter\CodeIgniter->run()
CRITICAL - 2023-12-01 19:43:33 --> Trying to access array offset on value of type null
in APPPATH/Controllers/Custom.php on line 266.
 1 APPPATH/Controllers/Custom.php(266): CodeIgniter\Debug\Exceptions->errorHandler(8, 'Trying to access array offset on value of type null', 'APPPATH/Controllers/Custom.php', 266, [...])
 2 SYSTEMPATH/CodeIgniter.php(898): App\Controllers\Custom->custom_Main_Menu()
 3 SYSTEMPATH/CodeIgniter.php(468): CodeIgniter\CodeIgniter->runController(Object(App\Controllers\Custom))
 4 SYSTEMPATH/CodeIgniter.php(351): CodeIgniter\CodeIgniter->handleRequest(null, Object(Config\Cache), false)
 5 FCPATH/index.php(55): CodeIgniter\CodeIgniter->run()
CRITICAL - 2023-12-01 19:43:33 --> Trying to access array offset on value of type null
in APPPATH/Controllers/Custom.php on line 266.
 1 APPPATH/Controllers/Custom.php(266): CodeIgniter\Debug\Exceptions->errorHandler(8, 'Trying to access array offset on value of type null', 'APPPATH/Controllers/Custom.php', 266, [...])
 2 SYSTEMPATH/CodeIgniter.php(898): App\Controllers\Custom->custom_Main_Menu()
 3 SYSTEMPATH/CodeIgniter.php(468): CodeIgniter\CodeIgniter->runController(Object(App\Controllers\Custom))
 4 SYSTEMPATH/CodeIgniter.php(351): CodeIgniter\CodeIgniter->handleRequest(null, Object(Config\Cache), false)
 5 FCPATH/index.php(55): CodeIgniter\CodeIgniter->run()
CRITICAL - 2023-12-01 19:43:33 --> Trying to access array offset on value of type null
in APPPATH/Controllers/Custom.php on line 266.
 1 APPPATH/Controllers/Custom.php(266): CodeIgniter\Debug\Exceptions->errorHandler(8, 'Trying to access array offset on value of type null', 'APPPATH/Controllers/Custom.php', 266, [...])
 2 SYSTEMPATH/CodeIgniter.php(898): App\Controllers\Custom->custom_Main_Menu()
 3 SYSTEMPATH/CodeIgniter.php(468): CodeIgniter\CodeIgniter->runController(Object(App\Controllers\Custom))
 4 SYSTEMPATH/CodeIgniter.php(351): CodeIgniter\CodeIgniter->handleRequest(null, Object(Config\Cache), false)
 5 FCPATH/index.php(55): CodeIgniter\CodeIgniter->run()
CRITICAL - 2023-12-01 19:43:33 --> Trying to access array offset on value of type null
in APPPATH/Controllers/Custom.php on line 266.
 1 APPPATH/Controllers/Custom.php(266): CodeIgniter\Debug\Exceptions->errorHandler(8, 'Trying to access array offset on value of type null', 'APPPATH/Controllers/Custom.php', 266, [...])
 2 SYSTEMPATH/CodeIgniter.php(898): App\Controllers\Custom->custom_Main_Menu()
 3 SYSTEMPATH/CodeIgniter.php(468): CodeIgniter\CodeIgniter->runController(Object(App\Controllers\Custom))
 4 SYSTEMPATH/CodeIgniter.php(351): CodeIgniter\CodeIgniter->handleRequest(null, Object(Config\Cache), false)
 5 FCPATH/index.php(55): CodeIgniter\CodeIgniter->run()
CRITICAL - 2023-12-01 19:43:33 --> Trying to access array offset on value of type null
in APPPATH/Controllers/Custom.php on line 266.
 1 APPPATH/Controllers/Custom.php(266): CodeIgniter\Debug\Exceptions->errorHandler(8, 'Trying to access array offset on value of type null', 'APPPATH/Controllers/Custom.php', 266, [...])
 2 SYSTEMPATH/CodeIgniter.php(898): App\Controllers\Custom->custom_Main_Menu()
 3 SYSTEMPATH/CodeIgniter.php(468): CodeIgniter\CodeIgniter->runController(Object(App\Controllers\Custom))
 4 SYSTEMPATH/CodeIgniter.php(351): CodeIgniter\CodeIgniter->handleRequest(null, Object(Config\Cache), false)
 5 FCPATH/index.php(55): CodeIgniter\CodeIgniter->run()
CRITICAL - 2023-12-01 20:58:54 --> Trying to access array offset on value of type null
in APPPATH/Views/theme1/frontend/update_detail.php on line 20.
 1 APPPATH/Views/theme1/frontend/update_detail.php(20): CodeIgniter\Debug\Exceptions->errorHandler(8, 'Trying to access array offset on value of type null', 'APPPATH/Views/theme1/frontend/update_detail.php', 20, [...])
 2 SYSTEMPATH/View/View.php(213): include('APPPATH/Views/theme1/frontend/update_detail.php')
 3 SYSTEMPATH/View/View.php(216): CodeIgniter\View\View->CodeIgniter\View\{closure}()
 4 SYSTEMPATH/Common.php(1135): CodeIgniter\View\View->render('theme1/frontend/update_detail', [], true)
 5 APPPATH/Controllers/Update.php(146): view('theme1/frontend/update_detail', [...])
 6 SYSTEMPATH/CodeIgniter.php(898): App\Controllers\Update->update_details()
 7 SYSTEMPATH/CodeIgniter.php(468): CodeIgniter\CodeIgniter->runController(Object(App\Controllers\Update))
 8 SYSTEMPATH/CodeIgniter.php(351): CodeIgniter\CodeIgniter->handleRequest(null, Object(Config\Cache), false)
 9 FCPATH/index.php(55): CodeIgniter\CodeIgniter->run()
CRITICAL - 2023-12-01 23:10:49 --> Trying to access array offset on value of type null
in APPPATH/Controllers/Custom.php on line 266.
 1 APPPATH/Controllers/Custom.php(266): CodeIgniter\Debug\Exceptions->errorHandler(8, 'Trying to access array offset on value of type null', 'APPPATH/Controllers/Custom.php', 266, [...])
 2 SYSTEMPATH/CodeIgniter.php(898): App\Controllers\Custom->custom_Main_Menu()
 3 SYSTEMPATH/CodeIgniter.php(468): CodeIgniter\CodeIgniter->runController(Object(App\Controllers\Custom))
 4 SYSTEMPATH/CodeIgniter.php(351): CodeIgniter\CodeIgniter->handleRequest(null, Object(Config\Cache), false)
 5 FCPATH/index.php(55): CodeIgniter\CodeIgniter->run()
CRITICAL - 2023-12-01 23:10:49 --> Trying to access array offset on value of type null
in APPPATH/Controllers/Custom.php on line 266.
 1 APPPATH/Controllers/Custom.php(266): CodeIgniter\Debug\Exceptions->errorHandler(8, 'Trying to access array offset on value of type null', 'APPPATH/Controllers/Custom.php', 266, [...])
 2 SYSTEMPATH/CodeIgniter.php(898): App\Controllers\Custom->custom_Main_Menu()
 3 SYSTEMPATH/CodeIgniter.php(468): CodeIgniter\CodeIgniter->runController(Object(App\Controllers\Custom))
 4 SYSTEMPATH/CodeIgniter.php(351): CodeIgniter\CodeIgniter->handleRequest(null, Object(Config\Cache), false)
 5 FCPATH/index.php(55): CodeIgniter\CodeIgniter->run()
CRITICAL - 2023-12-01 23:10:50 --> Trying to access array offset on value of type null
in APPPATH/Controllers/Custom.php on line 266.
 1 APPPATH/Controllers/Custom.php(266): CodeIgniter\Debug\Exceptions->errorHandler(8, 'Trying to access array offset on value of type null', 'APPPATH/Controllers/Custom.php', 266, [...])
 2 SYSTEMPATH/CodeIgniter.php(898): App\Controllers\Custom->custom_Main_Menu()
 3 SYSTEMPATH/CodeIgniter.php(468): CodeIgniter\CodeIgniter->runController(Object(App\Controllers\Custom))
 4 SYSTEMPATH/CodeIgniter.php(351): CodeIgniter\CodeIgniter->handleRequest(null, Object(Config\Cache), false)
 5 FCPATH/index.php(55): CodeIgniter\CodeIgniter->run()
CRITICAL - 2023-12-01 23:10:50 --> Trying to access array offset on value of type null
in APPPATH/Controllers/Custom.php on line 266.
 1 APPPATH/Controllers/Custom.php(266): CodeIgniter\Debug\Exceptions->errorHandler(8, 'Trying to access array offset on value of type null', 'APPPATH/Controllers/Custom.php', 266, [...])
 2 SYSTEMPATH/CodeIgniter.php(898): App\Controllers\Custom->custom_Main_Menu()
 3 SYSTEMPATH/CodeIgniter.php(468): CodeIgniter\CodeIgniter->runController(Object(App\Controllers\Custom))
 4 SYSTEMPATH/CodeIgniter.php(351): CodeIgniter\CodeIgniter->handleRequest(null, Object(Config\Cache), false)
 5 FCPATH/index.php(55): CodeIgniter\CodeIgniter->run()
CRITICAL - 2023-12-01 23:10:50 --> Trying to access array offset on value of type null
in APPPATH/Controllers/Custom.php on line 266.
 1 APPPATH/Controllers/Custom.php(266): CodeIgniter\Debug\Exceptions->errorHandler(8, 'Trying to access array offset on value of type null', 'APPPATH/Controllers/Custom.php', 266, [...])
 2 SYSTEMPATH/CodeIgniter.php(898): App\Controllers\Custom->custom_Main_Menu()
 3 SYSTEMPATH/CodeIgniter.php(468): CodeIgniter\CodeIgniter->runController(Object(App\Controllers\Custom))
 4 SYSTEMPATH/CodeIgniter.php(351): CodeIgniter\CodeIgniter->handleRequest(null, Object(Config\Cache), false)
 5 FCPATH/index.php(55): CodeIgniter\CodeIgniter->run()
CRITICAL - 2023-12-01 23:10:51 --> Trying to access array offset on value of type null
in APPPATH/Controllers/Custom.php on line 266.
 1 APPPATH/Controllers/Custom.php(266): CodeIgniter\Debug\Exceptions->errorHandler(8, 'Trying to access array offset on value of type null', 'APPPATH/Controllers/Custom.php', 266, [...])
 2 SYSTEMPATH/CodeIgniter.php(898): App\Controllers\Custom->custom_Main_Menu()
 3 SYSTEMPATH/CodeIgniter.php(468): CodeIgniter\CodeIgniter->runController(Object(App\Controllers\Custom))
 4 SYSTEMPATH/CodeIgniter.php(351): CodeIgniter\CodeIgniter->handleRequest(null, Object(Config\Cache), false)
 5 FCPATH/index.php(55): CodeIgniter\CodeIgniter->run()
CRITICAL - 2023-12-01 23:10:51 --> Trying to access array offset on value of type null
in APPPATH/Controllers/Custom.php on line 266.
 1 APPPATH/Controllers/Custom.php(266): CodeIgniter\Debug\Exceptions->errorHandler(8, 'Trying to access array offset on value of type null', 'APPPATH/Controllers/Custom.php', 266, [...])
 2 SYSTEMPATH/CodeIgniter.php(898): App\Controllers\Custom->custom_Main_Menu()
 3 SYSTEMPATH/CodeIgniter.php(468): CodeIgniter\CodeIgniter->runController(Object(App\Controllers\Custom))
 4 SYSTEMPATH/CodeIgniter.php(351): CodeIgniter\CodeIgniter->handleRequest(null, Object(Config\Cache), false)
 5 FCPATH/index.php(55): CodeIgniter\CodeIgniter->run()
CRITICAL - 2023-12-01 23:10:51 --> Trying to access array offset on value of type null
in APPPATH/Controllers/Custom.php on line 266.
 1 APPPATH/Controllers/Custom.php(266): CodeIgniter\Debug\Exceptions->errorHandler(8, 'Trying to access array offset on value of type null', 'APPPATH/Controllers/Custom.php', 266, [...])
 2 SYSTEMPATH/CodeIgniter.php(898): App\Controllers\Custom->custom_Main_Menu()
 3 SYSTEMPATH/CodeIgniter.php(468): CodeIgniter\CodeIgniter->runController(Object(App\Controllers\Custom))
 4 SYSTEMPATH/CodeIgniter.php(351): CodeIgniter\CodeIgniter->handleRequest(null, Object(Config\Cache), false)
 5 FCPATH/index.php(55): CodeIgniter\CodeIgniter->run()
CRITICAL - 2023-12-01 23:10:52 --> Trying to access array offset on value of type null
in APPPATH/Controllers/Custom.php on line 266.
 1 APPPATH/Controllers/Custom.php(266): CodeIgniter\Debug\Exceptions->errorHandler(8, 'Trying to access array offset on value of type null', 'APPPATH/Controllers/Custom.php', 266, [...])
 2 SYSTEMPATH/CodeIgniter.php(898): App\Controllers\Custom->custom_Main_Menu()
 3 SYSTEMPATH/CodeIgniter.php(468): CodeIgniter\CodeIgniter->runController(Object(App\Controllers\Custom))
 4 SYSTEMPATH/CodeIgniter.php(351): CodeIgniter\CodeIgniter->handleRequest(null, Object(Config\Cache), false)
 5 FCPATH/index.php(55): CodeIgniter\CodeIgniter->run()
CRITICAL - 2023-12-01 23:10:52 --> Trying to access array offset on value of type null
in APPPATH/Controllers/Custom.php on line 266.
 1 APPPATH/Controllers/Custom.php(266): CodeIgniter\Debug\Exceptions->errorHandler(8, 'Trying to access array offset on value of type null', 'APPPATH/Controllers/Custom.php', 266, [...])
 2 SYSTEMPATH/CodeIgniter.php(898): App\Controllers\Custom->custom_Main_Menu()
 3 SYSTEMPATH/CodeIgniter.php(468): CodeIgniter\CodeIgniter->runController(Object(App\Controllers\Custom))
 4 SYSTEMPATH/CodeIgniter.php(351): CodeIgniter\CodeIgniter->handleRequest(null, Object(Config\Cache), false)
 5 FCPATH/index.php(55): CodeIgniter\CodeIgniter->run()
CRITICAL - 2023-12-01 23:10:53 --> Trying to access array offset on value of type null
in APPPATH/Controllers/Custom.php on line 266.
 1 APPPATH/Controllers/Custom.php(266): CodeIgniter\Debug\Exceptions->errorHandler(8, 'Trying to access array offset on value of type null', 'APPPATH/Controllers/Custom.php', 266, [...])
 2 SYSTEMPATH/CodeIgniter.php(898): App\Controllers\Custom->custom_Main_Menu()
 3 SYSTEMPATH/CodeIgniter.php(468): CodeIgniter\CodeIgniter->runController(Object(App\Controllers\Custom))
 4 SYSTEMPATH/CodeIgniter.php(351): CodeIgniter\CodeIgniter->handleRequest(null, Object(Config\Cache), false)
 5 FCPATH/index.php(55): CodeIgniter\CodeIgniter->run()
CRITICAL - 2023-12-01 23:10:53 --> Trying to access array offset on value of type null
in APPPATH/Controllers/Custom.php on line 266.
 1 APPPATH/Controllers/Custom.php(266): CodeIgniter\Debug\Exceptions->errorHandler(8, 'Trying to access array offset on value of type null', 'APPPATH/Controllers/Custom.php', 266, [...])
 2 SYSTEMPATH/CodeIgniter.php(898): App\Controllers\Custom->custom_Main_Menu()
 3 SYSTEMPATH/CodeIgniter.php(468): CodeIgniter\CodeIgniter->runController(Object(App\Controllers\Custom))
 4 SYSTEMPATH/CodeIgniter.php(351): CodeIgniter\CodeIgniter->handleRequest(null, Object(Config\Cache), false)
 5 FCPATH/index.php(55): CodeIgniter\CodeIgniter->run()
CRITICAL - 2023-12-01 23:10:53 --> Trying to access array offset on value of type null
in APPPATH/Controllers/Custom.php on line 266.
 1 APPPATH/Controllers/Custom.php(266): CodeIgniter\Debug\Exceptions->errorHandler(8, 'Trying to access array offset on value of type null', 'APPPATH/Controllers/Custom.php', 266, [...])
 2 SYSTEMPATH/CodeIgniter.php(898): App\Controllers\Custom->custom_Main_Menu()
 3 SYSTEMPATH/CodeIgniter.php(468): CodeIgniter\CodeIgniter->runController(Object(App\Controllers\Custom))
 4 SYSTEMPATH/CodeIgniter.php(351): CodeIgniter\CodeIgniter->handleRequest(null, Object(Config\Cache), false)
 5 FCPATH/index.php(55): CodeIgniter\CodeIgniter->run()
CRITICAL - 2023-12-01 23:10:54 --> Trying to access array offset on value of type null
in APPPATH/Controllers/Custom.php on line 266.
 1 APPPATH/Controllers/Custom.php(266): CodeIgniter\Debug\Exceptions->errorHandler(8, 'Trying to access array offset on value of type null', 'APPPATH/Controllers/Custom.php', 266, [...])
 2 SYSTEMPATH/CodeIgniter.php(898): App\Controllers\Custom->custom_Main_Menu()
 3 SYSTEMPATH/CodeIgniter.php(468): CodeIgniter\CodeIgniter->runController(Object(App\Controllers\Custom))
 4 SYSTEMPATH/CodeIgniter.php(351): CodeIgniter\CodeIgniter->handleRequest(null, Object(Config\Cache), false)
 5 FCPATH/index.php(55): CodeIgniter\CodeIgniter->run()
CRITICAL - 2023-12-01 23:10:54 --> Trying to access array offset on value of type null
in APPPATH/Controllers/Custom.php on line 266.
 1 APPPATH/Controllers/Custom.php(266): CodeIgniter\Debug\Exceptions->errorHandler(8, 'Trying to access array offset on value of type null', 'APPPATH/Controllers/Custom.php', 266, [...])
 2 SYSTEMPATH/CodeIgniter.php(898): App\Controllers\Custom->custom_Main_Menu()
 3 SYSTEMPATH/CodeIgniter.php(468): CodeIgniter\CodeIgniter->runController(Object(App\Controllers\Custom))
 4 SYSTEMPATH/CodeIgniter.php(351): CodeIgniter\CodeIgniter->handleRequest(null, Object(Config\Cache), false)
 5 FCPATH/index.php(55): CodeIgniter\CodeIgniter->run()
CRITICAL - 2023-12-01 23:10:54 --> Trying to access array offset on value of type null
in APPPATH/Controllers/Custom.php on line 266.
 1 APPPATH/Controllers/Custom.php(266): CodeIgniter\Debug\Exceptions->errorHandler(8, 'Trying to access array offset on value of type null', 'APPPATH/Controllers/Custom.php', 266, [...])
 2 SYSTEMPATH/CodeIgniter.php(898): App\Controllers\Custom->custom_Main_Menu()
 3 SYSTEMPATH/CodeIgniter.php(468): CodeIgniter\CodeIgniter->runController(Object(App\Controllers\Custom))
 4 SYSTEMPATH/CodeIgniter.php(351): CodeIgniter\CodeIgniter->handleRequest(null, Object(Config\Cache), false)
 5 FCPATH/index.php(55): CodeIgniter\CodeIgniter->run()
CRITICAL - 2023-12-01 23:10:55 --> Trying to access array offset on value of type null
in APPPATH/Controllers/Custom.php on line 266.
 1 APPPATH/Controllers/Custom.php(266): CodeIgniter\Debug\Exceptions->errorHandler(8, 'Trying to access array offset on value of type null', 'APPPATH/Controllers/Custom.php', 266, [...])
 2 SYSTEMPATH/CodeIgniter.php(898): App\Controllers\Custom->custom_Main_Menu()
 3 SYSTEMPATH/CodeIgniter.php(468): CodeIgniter\CodeIgniter->runController(Object(App\Controllers\Custom))
 4 SYSTEMPATH/CodeIgniter.php(351): CodeIgniter\CodeIgniter->handleRequest(null, Object(Config\Cache), false)
 5 FCPATH/index.php(55): CodeIgniter\CodeIgniter->run()
CRITICAL - 2023-12-01 23:10:55 --> Trying to access array offset on value of type null
in APPPATH/Controllers/Custom.php on line 266.
 1 APPPATH/Controllers/Custom.php(266): CodeIgniter\Debug\Exceptions->errorHandler(8, 'Trying to access array offset on value of type null', 'APPPATH/Controllers/Custom.php', 266, [...])
 2 SYSTEMPATH/CodeIgniter.php(898): App\Controllers\Custom->custom_Main_Menu()
 3 SYSTEMPATH/CodeIgniter.php(468): CodeIgniter\CodeIgniter->runController(Object(App\Controllers\Custom))
 4 SYSTEMPATH/CodeIgniter.php(351): CodeIgniter\CodeIgniter->handleRequest(null, Object(Config\Cache), false)
 5 FCPATH/index.php(55): CodeIgniter\CodeIgniter->run()
