CRITICAL - 2023-11-14 00:09:19 --> Trying to access array offset on value of type null
in APPPATH/Controllers/Custom.php on line 266.
 1 APPPATH/Controllers/Custom.php(266): CodeIgniter\Debug\Exceptions->errorHandler(8, 'Trying to access array offset on value of type null', 'APPPATH/Controllers/Custom.php', 266, [...])
 2 SYSTEMPATH/CodeIgniter.php(898): App\Controllers\Custom->custom_Main_Menu()
 3 SYSTEMPATH/CodeIgniter.php(468): CodeIgniter\CodeIgniter->runController(Object(App\Controllers\Custom))
 4 SYSTEMPATH/CodeIgniter.php(351): CodeIgniter\CodeIgniter->handleRequest(null, Object(Config\Cache), false)
 5 FCPATH/index.php(55): CodeIgniter\CodeIgniter->run()
CRITICAL - 2023-11-14 00:28:17 --> Trying to access array offset on value of type null
in APPPATH/Controllers/Custom.php on line 266.
 1 APPPATH/Controllers/Custom.php(266): CodeIgniter\Debug\Exceptions->errorHandler(8, 'Trying to access array offset on value of type null', 'APPPATH/Controllers/Custom.php', 266, [...])
 2 SYSTEMPATH/CodeIgniter.php(898): App\Controllers\Custom->custom_Main_Menu()
 3 SYSTEMPATH/CodeIgniter.php(468): CodeIgniter\CodeIgniter->runController(Object(App\Controllers\Custom))
 4 SYSTEMPATH/CodeIgniter.php(351): CodeIgniter\CodeIgniter->handleRequest(null, Object(Config\Cache), false)
 5 FCPATH/index.php(55): CodeIgniter\CodeIgniter->run()
CRITICAL - 2023-11-14 03:36:44 --> Trying to access array offset on value of type null
in APPPATH/Controllers/Custom.php on line 266.
 1 APPPATH/Controllers/Custom.php(266): CodeIgniter\Debug\Exceptions->errorHandler(8, 'Trying to access array offset on value of type null', 'APPPATH/Controllers/Custom.php', 266, [...])
 2 SYSTEMPATH/CodeIgniter.php(898): App\Controllers\Custom->custom_Main_Menu()
 3 SYSTEMPATH/CodeIgniter.php(468): CodeIgniter\CodeIgniter->runController(Object(App\Controllers\Custom))
 4 SYSTEMPATH/CodeIgniter.php(351): CodeIgniter\CodeIgniter->handleRequest(null, Object(Config\Cache), false)
 5 FCPATH/index.php(55): CodeIgniter\CodeIgniter->run()
CRITICAL - 2023-11-14 08:58:20 --> Trying to access array offset on value of type null
in APPPATH/Controllers/Custom.php on line 266.
 1 APPPATH/Controllers/Custom.php(266): CodeIgniter\Debug\Exceptions->errorHandler(8, 'Trying to access array offset on value of type null', 'APPPATH/Controllers/Custom.php', 266, [...])
 2 SYSTEMPATH/CodeIgniter.php(898): App\Controllers\Custom->custom_Main_Menu()
 3 SYSTEMPATH/CodeIgniter.php(468): CodeIgniter\CodeIgniter->runController(Object(App\Controllers\Custom))
 4 SYSTEMPATH/CodeIgniter.php(351): CodeIgniter\CodeIgniter->handleRequest(null, Object(Config\Cache), false)
 5 FCPATH/index.php(55): CodeIgniter\CodeIgniter->run()
CRITICAL - 2023-11-14 10:43:20 --> Trying to access array offset on value of type null
in APPPATH/Controllers/Custom.php on line 266.
 1 APPPATH/Controllers/Custom.php(266): CodeIgniter\Debug\Exceptions->errorHandler(8, 'Trying to access array offset on value of type null', 'APPPATH/Controllers/Custom.php', 266, [...])
 2 SYSTEMPATH/CodeIgniter.php(898): App\Controllers\Custom->custom_Main_Menu()
 3 SYSTEMPATH/CodeIgniter.php(468): CodeIgniter\CodeIgniter->runController(Object(App\Controllers\Custom))
 4 SYSTEMPATH/CodeIgniter.php(351): CodeIgniter\CodeIgniter->handleRequest(null, Object(Config\Cache), false)
 5 FCPATH/index.php(55): CodeIgniter\CodeIgniter->run()
CRITICAL - 2023-11-14 10:45:15 --> Trying to access array offset on value of type null
in APPPATH/Controllers/Custom.php on line 266.
 1 APPPATH/Controllers/Custom.php(266): CodeIgniter\Debug\Exceptions->errorHandler(8, 'Trying to access array offset on value of type null', 'APPPATH/Controllers/Custom.php', 266, [...])
 2 SYSTEMPATH/CodeIgniter.php(898): App\Controllers\Custom->custom_Main_Menu()
 3 SYSTEMPATH/CodeIgniter.php(468): CodeIgniter\CodeIgniter->runController(Object(App\Controllers\Custom))
 4 SYSTEMPATH/CodeIgniter.php(351): CodeIgniter\CodeIgniter->handleRequest(null, Object(Config\Cache), false)
 5 FCPATH/index.php(55): CodeIgniter\CodeIgniter->run()
CRITICAL - 2023-11-14 10:45:40 --> Trying to access array offset on value of type null
in APPPATH/Controllers/Custom.php on line 266.
 1 APPPATH/Controllers/Custom.php(266): CodeIgniter\Debug\Exceptions->errorHandler(8, 'Trying to access array offset on value of type null', 'APPPATH/Controllers/Custom.php', 266, [...])
 2 SYSTEMPATH/CodeIgniter.php(898): App\Controllers\Custom->custom_Main_Menu()
 3 SYSTEMPATH/CodeIgniter.php(468): CodeIgniter\CodeIgniter->runController(Object(App\Controllers\Custom))
 4 SYSTEMPATH/CodeIgniter.php(351): CodeIgniter\CodeIgniter->handleRequest(null, Object(Config\Cache), false)
 5 FCPATH/index.php(55): CodeIgniter\CodeIgniter->run()
CRITICAL - 2023-11-14 10:45:43 --> Trying to access array offset on value of type null
in APPPATH/Controllers/Custom.php on line 266.
 1 APPPATH/Controllers/Custom.php(266): CodeIgniter\Debug\Exceptions->errorHandler(8, 'Trying to access array offset on value of type null', 'APPPATH/Controllers/Custom.php', 266, [...])
 2 SYSTEMPATH/CodeIgniter.php(898): App\Controllers\Custom->custom_Main_Menu()
 3 SYSTEMPATH/CodeIgniter.php(468): CodeIgniter\CodeIgniter->runController(Object(App\Controllers\Custom))
 4 SYSTEMPATH/CodeIgniter.php(351): CodeIgniter\CodeIgniter->handleRequest(null, Object(Config\Cache), false)
 5 FCPATH/index.php(55): CodeIgniter\CodeIgniter->run()
CRITICAL - 2023-11-14 10:46:44 --> Trying to access array offset on value of type null
in APPPATH/Controllers/Custom.php on line 266.
 1 APPPATH/Controllers/Custom.php(266): CodeIgniter\Debug\Exceptions->errorHandler(8, 'Trying to access array offset on value of type null', 'APPPATH/Controllers/Custom.php', 266, [...])
 2 SYSTEMPATH/CodeIgniter.php(898): App\Controllers\Custom->custom_Main_Menu()
 3 SYSTEMPATH/CodeIgniter.php(468): CodeIgniter\CodeIgniter->runController(Object(App\Controllers\Custom))
 4 SYSTEMPATH/CodeIgniter.php(351): CodeIgniter\CodeIgniter->handleRequest(null, Object(Config\Cache), false)
 5 FCPATH/index.php(55): CodeIgniter\CodeIgniter->run()
CRITICAL - 2023-11-14 10:48:01 --> Trying to access array offset on value of type null
in APPPATH/Controllers/Custom.php on line 266.
 1 APPPATH/Controllers/Custom.php(266): CodeIgniter\Debug\Exceptions->errorHandler(8, 'Trying to access array offset on value of type null', 'APPPATH/Controllers/Custom.php', 266, [...])
 2 SYSTEMPATH/CodeIgniter.php(898): App\Controllers\Custom->custom_Main_Menu()
 3 SYSTEMPATH/CodeIgniter.php(468): CodeIgniter\CodeIgniter->runController(Object(App\Controllers\Custom))
 4 SYSTEMPATH/CodeIgniter.php(351): CodeIgniter\CodeIgniter->handleRequest(null, Object(Config\Cache), false)
 5 FCPATH/index.php(55): CodeIgniter\CodeIgniter->run()
CRITICAL - 2023-11-14 10:48:14 --> Trying to access array offset on value of type null
in APPPATH/Controllers/Custom.php on line 266.
 1 APPPATH/Controllers/Custom.php(266): CodeIgniter\Debug\Exceptions->errorHandler(8, 'Trying to access array offset on value of type null', 'APPPATH/Controllers/Custom.php', 266, [...])
 2 SYSTEMPATH/CodeIgniter.php(898): App\Controllers\Custom->custom_Main_Menu()
 3 SYSTEMPATH/CodeIgniter.php(468): CodeIgniter\CodeIgniter->runController(Object(App\Controllers\Custom))
 4 SYSTEMPATH/CodeIgniter.php(351): CodeIgniter\CodeIgniter->handleRequest(null, Object(Config\Cache), false)
 5 FCPATH/index.php(55): CodeIgniter\CodeIgniter->run()
CRITICAL - 2023-11-14 10:48:23 --> Trying to access array offset on value of type null
in APPPATH/Controllers/Custom.php on line 266.
 1 APPPATH/Controllers/Custom.php(266): CodeIgniter\Debug\Exceptions->errorHandler(8, 'Trying to access array offset on value of type null', 'APPPATH/Controllers/Custom.php', 266, [...])
 2 SYSTEMPATH/CodeIgniter.php(898): App\Controllers\Custom->custom_Main_Menu()
 3 SYSTEMPATH/CodeIgniter.php(468): CodeIgniter\CodeIgniter->runController(Object(App\Controllers\Custom))
 4 SYSTEMPATH/CodeIgniter.php(351): CodeIgniter\CodeIgniter->handleRequest(null, Object(Config\Cache), false)
 5 FCPATH/index.php(55): CodeIgniter\CodeIgniter->run()
CRITICAL - 2023-11-14 12:41:49 --> Trying to access array offset on value of type null
in APPPATH/Controllers/Custom.php on line 266.
 1 APPPATH/Controllers/Custom.php(266): CodeIgniter\Debug\Exceptions->errorHandler(8, 'Trying to access array offset on value of type null', 'APPPATH/Controllers/Custom.php', 266, [...])
 2 SYSTEMPATH/CodeIgniter.php(898): App\Controllers\Custom->custom_Main_Menu()
 3 SYSTEMPATH/CodeIgniter.php(468): CodeIgniter\CodeIgniter->runController(Object(App\Controllers\Custom))
 4 SYSTEMPATH/CodeIgniter.php(351): CodeIgniter\CodeIgniter->handleRequest(null, Object(Config\Cache), false)
 5 FCPATH/index.php(55): CodeIgniter\CodeIgniter->run()
CRITICAL - 2023-11-14 17:23:09 --> Trying to access array offset on value of type null
in APPPATH/Controllers/Custom.php on line 266.
 1 APPPATH/Controllers/Custom.php(266): CodeIgniter\Debug\Exceptions->errorHandler(8, 'Trying to access array offset on value of type null', 'APPPATH/Controllers/Custom.php', 266, [...])
 2 SYSTEMPATH/CodeIgniter.php(898): App\Controllers\Custom->custom_Main_Menu()
 3 SYSTEMPATH/CodeIgniter.php(468): CodeIgniter\CodeIgniter->runController(Object(App\Controllers\Custom))
 4 SYSTEMPATH/CodeIgniter.php(351): CodeIgniter\CodeIgniter->handleRequest(null, Object(Config\Cache), false)
 5 FCPATH/index.php(55): CodeIgniter\CodeIgniter->run()
