CRITICAL - 2025-10-28 14:35:48 --> Call to undefined function CodeIgniter\locale_set_default()
in SYSTEMPATH\CodeIgniter.php on line 193.
 1 FCPATH\index.php(43): CodeIgniter\CodeIgniter->initialize()
CRITICAL - 2025-10-28 14:38:50 --> Call to undefined function CodeIgniter\locale_set_default()
in SYSTEMPATH\CodeIgniter.php on line 193.
 1 FCPATH\index.php(43): CodeIgniter\CodeIgniter->initialize()
CRITICAL - 2025-10-28 14:41:05 --> Call to undefined function CodeIgniter\locale_set_default()
in SYSTEMPATH\CodeIgniter.php on line 193.
 1 FCPATH\index.php(43): CodeIgniter\CodeIgniter->initialize()
CRITICAL - 2025-10-28 14:41:38 --> Call to undefined function CodeIgniter\locale_set_default()
in SYSTEMPATH\CodeIgniter.php on line 193.
 1 FCPATH\index.php(43): CodeIgniter\CodeIgniter->initialize()
CRITICAL - 2025-10-28 14:42:07 --> Call to undefined function CodeIgniter\locale_set_default()
in SYSTEMPATH\CodeIgniter.php on line 193.
 1 FCPATH\index.php(43): CodeIgniter\CodeIgniter->initialize()
CRITICAL - 2025-10-28 14:42:13 --> Call to undefined function CodeIgniter\locale_set_default()
in SYSTEMPATH\CodeIgniter.php on line 193.
 1 FCPATH\index.php(43): CodeIgniter\CodeIgniter->initialize()
CRITICAL - 2025-10-28 14:42:16 --> Call to undefined function CodeIgniter\locale_set_default()
in SYSTEMPATH\CodeIgniter.php on line 193.
 1 FCPATH\index.php(43): CodeIgniter\CodeIgniter->initialize()
CRITICAL - 2025-10-28 14:44:15 --> Call to undefined function CodeIgniter\locale_set_default()
in SYSTEMPATH\CodeIgniter.php on line 193.
 1 FCPATH\index.php(43): CodeIgniter\CodeIgniter->initialize()
CRITICAL - 2025-10-28 14:45:28 --> Call to undefined function CodeIgniter\locale_set_default()
in SYSTEMPATH\CodeIgniter.php on line 193.
 1 FCPATH\index.php(43): CodeIgniter\CodeIgniter->initialize()
CRITICAL - 2025-10-28 14:48:05 --> Call to undefined function CodeIgniter\locale_set_default()
in SYSTEMPATH\CodeIgniter.php on line 193.
 1 FCPATH\index.php(43): CodeIgniter\CodeIgniter->initialize()
CRITICAL - 2025-10-28 08:55:23 --> Trying to access array offset on value of type null
in APPPATH\Controllers\Custom.php on line 270.
 1 APPPATH\Controllers\Custom.php(270): CodeIgniter\Debug\Exceptions->errorHandler(2, 'Trying to access array offset on value of type null', 'APPPATH\\Controllers\\Custom.php', 270)
 2 SYSTEMPATH\CodeIgniter.php(898): App\Controllers\Custom->custom_Main_Menu()
 3 SYSTEMPATH\CodeIgniter.php(468): CodeIgniter\CodeIgniter->runController(Object(App\Controllers\Custom))
 4 SYSTEMPATH\CodeIgniter.php(351): CodeIgniter\CodeIgniter->handleRequest(null, Object(Config\Cache), false)
 5 FCPATH\index.php(55): CodeIgniter\CodeIgniter->run()
CRITICAL - 2025-10-28 08:55:25 --> Trying to access array offset on value of type null
in APPPATH\Controllers\Custom.php on line 270.
 1 APPPATH\Controllers\Custom.php(270): CodeIgniter\Debug\Exceptions->errorHandler(2, 'Trying to access array offset on value of type null', 'APPPATH\\Controllers\\Custom.php', 270)
 2 SYSTEMPATH\CodeIgniter.php(898): App\Controllers\Custom->custom_Main_Menu()
 3 SYSTEMPATH\CodeIgniter.php(468): CodeIgniter\CodeIgniter->runController(Object(App\Controllers\Custom))
 4 SYSTEMPATH\CodeIgniter.php(351): CodeIgniter\CodeIgniter->handleRequest(null, Object(Config\Cache), false)
 5 FCPATH\index.php(55): CodeIgniter\CodeIgniter->run()
