CRITICAL - 2023-12-17 01:52:53 --> Trying to access array offset on value of type null
in APPPATH/Controllers/Custom.php on line 266.
 1 APPPATH/Controllers/Custom.php(266): CodeIgniter\Debug\Exceptions->errorHandler(8, 'Trying to access array offset on value of type null', 'APPPATH/Controllers/Custom.php', 266, [...])
 2 SYSTEMPATH/CodeIgniter.php(898): App\Controllers\Custom->custom_Main_Menu()
 3 SYSTEMPATH/CodeIgniter.php(468): CodeIgniter\CodeIgniter->runController(Object(App\Controllers\Custom))
 4 SYSTEMPATH/CodeIgniter.php(351): CodeIgniter\CodeIgniter->handleRequest(null, Object(Config\Cache), false)
 5 FCPATH/index.php(55): CodeIgniter\CodeIgniter->run()
CRITICAL - 2023-12-17 02:41:58 --> Trying to access array offset on value of type null
in APPPATH/Controllers/Custom.php on line 266.
 1 APPPATH/Controllers/Custom.php(266): CodeIgniter\Debug\Exceptions->errorHandler(8, 'Trying to access array offset on value of type null', 'APPPATH/Controllers/Custom.php', 266, [...])
 2 SYSTEMPATH/CodeIgniter.php(898): App\Controllers\Custom->custom_Main_Menu()
 3 SYSTEMPATH/CodeIgniter.php(468): CodeIgniter\CodeIgniter->runController(Object(App\Controllers\Custom))
 4 SYSTEMPATH/CodeIgniter.php(351): CodeIgniter\CodeIgniter->handleRequest(null, Object(Config\Cache), false)
 5 FCPATH/index.php(55): CodeIgniter\CodeIgniter->run()
CRITICAL - 2023-12-17 02:59:14 --> Trying to access array offset on value of type null
in APPPATH/Controllers/Custom.php on line 266.
 1 APPPATH/Controllers/Custom.php(266): CodeIgniter\Debug\Exceptions->errorHandler(8, 'Trying to access array offset on value of type null', 'APPPATH/Controllers/Custom.php', 266, [...])
 2 SYSTEMPATH/CodeIgniter.php(898): App\Controllers\Custom->custom_Main_Menu()
 3 SYSTEMPATH/CodeIgniter.php(468): CodeIgniter\CodeIgniter->runController(Object(App\Controllers\Custom))
 4 SYSTEMPATH/CodeIgniter.php(351): CodeIgniter\CodeIgniter->handleRequest(null, Object(Config\Cache), false)
 5 FCPATH/index.php(55): CodeIgniter\CodeIgniter->run()
CRITICAL - 2023-12-17 04:29:44 --> Trying to access array offset on value of type null
in APPPATH/Controllers/Custom.php on line 266.
 1 APPPATH/Controllers/Custom.php(266): CodeIgniter\Debug\Exceptions->errorHandler(8, 'Trying to access array offset on value of type null', 'APPPATH/Controllers/Custom.php', 266, [...])
 2 SYSTEMPATH/CodeIgniter.php(898): App\Controllers\Custom->custom_Main_Menu()
 3 SYSTEMPATH/CodeIgniter.php(468): CodeIgniter\CodeIgniter->runController(Object(App\Controllers\Custom))
 4 SYSTEMPATH/CodeIgniter.php(351): CodeIgniter\CodeIgniter->handleRequest(null, Object(Config\Cache), false)
 5 FCPATH/index.php(55): CodeIgniter\CodeIgniter->run()
CRITICAL - 2023-12-17 05:51:27 --> Trying to access array offset on value of type null
in APPPATH/Controllers/Custom.php on line 266.
 1 APPPATH/Controllers/Custom.php(266): CodeIgniter\Debug\Exceptions->errorHandler(8, 'Trying to access array offset on value of type null', 'APPPATH/Controllers/Custom.php', 266, [...])
 2 SYSTEMPATH/CodeIgniter.php(898): App\Controllers\Custom->custom_Main_Menu()
 3 SYSTEMPATH/CodeIgniter.php(468): CodeIgniter\CodeIgniter->runController(Object(App\Controllers\Custom))
 4 SYSTEMPATH/CodeIgniter.php(351): CodeIgniter\CodeIgniter->handleRequest(null, Object(Config\Cache), false)
 5 FCPATH/index.php(55): CodeIgniter\CodeIgniter->run()
CRITICAL - 2023-12-17 07:56:20 --> Trying to access array offset on value of type null
in APPPATH/Controllers/Custom.php on line 266.
 1 APPPATH/Controllers/Custom.php(266): CodeIgniter\Debug\Exceptions->errorHandler(8, 'Trying to access array offset on value of type null', 'APPPATH/Controllers/Custom.php', 266, [...])
 2 SYSTEMPATH/CodeIgniter.php(898): App\Controllers\Custom->custom_Main_Menu()
 3 SYSTEMPATH/CodeIgniter.php(468): CodeIgniter\CodeIgniter->runController(Object(App\Controllers\Custom))
 4 SYSTEMPATH/CodeIgniter.php(351): CodeIgniter\CodeIgniter->handleRequest(null, Object(Config\Cache), false)
 5 FCPATH/index.php(55): CodeIgniter\CodeIgniter->run()
CRITICAL - 2023-12-17 07:57:52 --> Trying to access array offset on value of type null
in APPPATH/Controllers/Custom.php on line 266.
 1 APPPATH/Controllers/Custom.php(266): CodeIgniter\Debug\Exceptions->errorHandler(8, 'Trying to access array offset on value of type null', 'APPPATH/Controllers/Custom.php', 266, [...])
 2 SYSTEMPATH/CodeIgniter.php(898): App\Controllers\Custom->custom_Main_Menu()
 3 SYSTEMPATH/CodeIgniter.php(468): CodeIgniter\CodeIgniter->runController(Object(App\Controllers\Custom))
 4 SYSTEMPATH/CodeIgniter.php(351): CodeIgniter\CodeIgniter->handleRequest(null, Object(Config\Cache), false)
 5 FCPATH/index.php(55): CodeIgniter\CodeIgniter->run()
CRITICAL - 2023-12-17 08:27:49 --> Trying to access array offset on value of type null
in APPPATH/Controllers/Custom.php on line 266.
 1 APPPATH/Controllers/Custom.php(266): CodeIgniter\Debug\Exceptions->errorHandler(8, 'Trying to access array offset on value of type null', 'APPPATH/Controllers/Custom.php', 266, [...])
 2 SYSTEMPATH/CodeIgniter.php(898): App\Controllers\Custom->custom_Main_Menu()
 3 SYSTEMPATH/CodeIgniter.php(468): CodeIgniter\CodeIgniter->runController(Object(App\Controllers\Custom))
 4 SYSTEMPATH/CodeIgniter.php(351): CodeIgniter\CodeIgniter->handleRequest(null, Object(Config\Cache), false)
 5 FCPATH/index.php(55): CodeIgniter\CodeIgniter->run()
CRITICAL - 2023-12-17 08:48:26 --> Trying to access array offset on value of type null
in APPPATH/Controllers/Custom.php on line 266.
 1 APPPATH/Controllers/Custom.php(266): CodeIgniter\Debug\Exceptions->errorHandler(8, 'Trying to access array offset on value of type null', 'APPPATH/Controllers/Custom.php', 266, [...])
 2 SYSTEMPATH/CodeIgniter.php(898): App\Controllers\Custom->custom_Main_Menu()
 3 SYSTEMPATH/CodeIgniter.php(468): CodeIgniter\CodeIgniter->runController(Object(App\Controllers\Custom))
 4 SYSTEMPATH/CodeIgniter.php(351): CodeIgniter\CodeIgniter->handleRequest(null, Object(Config\Cache), false)
 5 FCPATH/index.php(55): CodeIgniter\CodeIgniter->run()
CRITICAL - 2023-12-17 09:38:22 --> Trying to access array offset on value of type null
in APPPATH/Controllers/Custom.php on line 266.
 1 APPPATH/Controllers/Custom.php(266): CodeIgniter\Debug\Exceptions->errorHandler(8, 'Trying to access array offset on value of type null', 'APPPATH/Controllers/Custom.php', 266, [...])
 2 SYSTEMPATH/CodeIgniter.php(898): App\Controllers\Custom->custom_Main_Menu()
 3 SYSTEMPATH/CodeIgniter.php(468): CodeIgniter\CodeIgniter->runController(Object(App\Controllers\Custom))
 4 SYSTEMPATH/CodeIgniter.php(351): CodeIgniter\CodeIgniter->handleRequest(null, Object(Config\Cache), false)
 5 FCPATH/index.php(55): CodeIgniter\CodeIgniter->run()
CRITICAL - 2023-12-17 11:41:05 --> Trying to access array offset on value of type null
in APPPATH/Controllers/Custom.php on line 266.
 1 APPPATH/Controllers/Custom.php(266): CodeIgniter\Debug\Exceptions->errorHandler(8, 'Trying to access array offset on value of type null', 'APPPATH/Controllers/Custom.php', 266, [...])
 2 SYSTEMPATH/CodeIgniter.php(898): App\Controllers\Custom->custom_Main_Menu()
 3 SYSTEMPATH/CodeIgniter.php(468): CodeIgniter\CodeIgniter->runController(Object(App\Controllers\Custom))
 4 SYSTEMPATH/CodeIgniter.php(351): CodeIgniter\CodeIgniter->handleRequest(null, Object(Config\Cache), false)
 5 FCPATH/index.php(55): CodeIgniter\CodeIgniter->run()
CRITICAL - 2023-12-17 12:37:35 --> Trying to access array offset on value of type null
in APPPATH/Controllers/Custom.php on line 266.
 1 APPPATH/Controllers/Custom.php(266): CodeIgniter\Debug\Exceptions->errorHandler(8, 'Trying to access array offset on value of type null', 'APPPATH/Controllers/Custom.php', 266, [...])
 2 SYSTEMPATH/CodeIgniter.php(898): App\Controllers\Custom->custom_Main_Menu()
 3 SYSTEMPATH/CodeIgniter.php(468): CodeIgniter\CodeIgniter->runController(Object(App\Controllers\Custom))
 4 SYSTEMPATH/CodeIgniter.php(351): CodeIgniter\CodeIgniter->handleRequest(null, Object(Config\Cache), false)
 5 FCPATH/index.php(55): CodeIgniter\CodeIgniter->run()
CRITICAL - 2023-12-17 12:50:20 --> Trying to access array offset on value of type null
in APPPATH/Controllers/Custom.php on line 266.
 1 APPPATH/Controllers/Custom.php(266): CodeIgniter\Debug\Exceptions->errorHandler(8, 'Trying to access array offset on value of type null', 'APPPATH/Controllers/Custom.php', 266, [...])
 2 SYSTEMPATH/CodeIgniter.php(898): App\Controllers\Custom->custom_Main_Menu()
 3 SYSTEMPATH/CodeIgniter.php(468): CodeIgniter\CodeIgniter->runController(Object(App\Controllers\Custom))
 4 SYSTEMPATH/CodeIgniter.php(351): CodeIgniter\CodeIgniter->handleRequest(null, Object(Config\Cache), false)
 5 FCPATH/index.php(55): CodeIgniter\CodeIgniter->run()
CRITICAL - 2023-12-17 14:05:28 --> Trying to access array offset on value of type null
in APPPATH/Controllers/Custom.php on line 266.
 1 APPPATH/Controllers/Custom.php(266): CodeIgniter\Debug\Exceptions->errorHandler(8, 'Trying to access array offset on value of type null', 'APPPATH/Controllers/Custom.php', 266, [...])
 2 SYSTEMPATH/CodeIgniter.php(898): App\Controllers\Custom->custom_Main_Menu()
 3 SYSTEMPATH/CodeIgniter.php(468): CodeIgniter\CodeIgniter->runController(Object(App\Controllers\Custom))
 4 SYSTEMPATH/CodeIgniter.php(351): CodeIgniter\CodeIgniter->handleRequest(null, Object(Config\Cache), false)
 5 FCPATH/index.php(55): CodeIgniter\CodeIgniter->run()
CRITICAL - 2023-12-17 15:33:49 --> Trying to access array offset on value of type null
in APPPATH/Controllers/Custom.php on line 266.
 1 APPPATH/Controllers/Custom.php(266): CodeIgniter\Debug\Exceptions->errorHandler(8, 'Trying to access array offset on value of type null', 'APPPATH/Controllers/Custom.php', 266, [...])
 2 SYSTEMPATH/CodeIgniter.php(898): App\Controllers\Custom->custom_Main_Menu()
 3 SYSTEMPATH/CodeIgniter.php(468): CodeIgniter\CodeIgniter->runController(Object(App\Controllers\Custom))
 4 SYSTEMPATH/CodeIgniter.php(351): CodeIgniter\CodeIgniter->handleRequest(null, Object(Config\Cache), false)
 5 FCPATH/index.php(55): CodeIgniter\CodeIgniter->run()
CRITICAL - 2023-12-17 15:35:34 --> Trying to access array offset on value of type null
in APPPATH/Controllers/Custom.php on line 266.
 1 APPPATH/Controllers/Custom.php(266): CodeIgniter\Debug\Exceptions->errorHandler(8, 'Trying to access array offset on value of type null', 'APPPATH/Controllers/Custom.php', 266, [...])
 2 SYSTEMPATH/CodeIgniter.php(898): App\Controllers\Custom->custom_Main_Menu()
 3 SYSTEMPATH/CodeIgniter.php(468): CodeIgniter\CodeIgniter->runController(Object(App\Controllers\Custom))
 4 SYSTEMPATH/CodeIgniter.php(351): CodeIgniter\CodeIgniter->handleRequest(null, Object(Config\Cache), false)
 5 FCPATH/index.php(55): CodeIgniter\CodeIgniter->run()
CRITICAL - 2023-12-17 20:49:11 --> Trying to access array offset on value of type null
in APPPATH/Controllers/Custom.php on line 266.
 1 APPPATH/Controllers/Custom.php(266): CodeIgniter\Debug\Exceptions->errorHandler(8, 'Trying to access array offset on value of type null', 'APPPATH/Controllers/Custom.php', 266, [...])
 2 SYSTEMPATH/CodeIgniter.php(898): App\Controllers\Custom->custom_Main_Menu()
 3 SYSTEMPATH/CodeIgniter.php(468): CodeIgniter\CodeIgniter->runController(Object(App\Controllers\Custom))
 4 SYSTEMPATH/CodeIgniter.php(351): CodeIgniter\CodeIgniter->handleRequest(null, Object(Config\Cache), false)
 5 FCPATH/index.php(55): CodeIgniter\CodeIgniter->run()
CRITICAL - 2023-12-17 20:54:28 --> Trying to access array offset on value of type null
in APPPATH/Controllers/Custom.php on line 266.
 1 APPPATH/Controllers/Custom.php(266): CodeIgniter\Debug\Exceptions->errorHandler(8, 'Trying to access array offset on value of type null', 'APPPATH/Controllers/Custom.php', 266, [...])
 2 SYSTEMPATH/CodeIgniter.php(898): App\Controllers\Custom->custom_Main_Menu()
 3 SYSTEMPATH/CodeIgniter.php(468): CodeIgniter\CodeIgniter->runController(Object(App\Controllers\Custom))
 4 SYSTEMPATH/CodeIgniter.php(351): CodeIgniter\CodeIgniter->handleRequest(null, Object(Config\Cache), false)
 5 FCPATH/index.php(55): CodeIgniter\CodeIgniter->run()
CRITICAL - 2023-12-17 20:55:50 --> Trying to access array offset on value of type null
in APPPATH/Controllers/Custom.php on line 266.
 1 APPPATH/Controllers/Custom.php(266): CodeIgniter\Debug\Exceptions->errorHandler(8, 'Trying to access array offset on value of type null', 'APPPATH/Controllers/Custom.php', 266, [...])
 2 SYSTEMPATH/CodeIgniter.php(898): App\Controllers\Custom->custom_Main_Menu()
 3 SYSTEMPATH/CodeIgniter.php(468): CodeIgniter\CodeIgniter->runController(Object(App\Controllers\Custom))
 4 SYSTEMPATH/CodeIgniter.php(351): CodeIgniter\CodeIgniter->handleRequest(null, Object(Config\Cache), false)
 5 FCPATH/index.php(55): CodeIgniter\CodeIgniter->run()
CRITICAL - 2023-12-17 22:17:34 --> Trying to access array offset on value of type null
in APPPATH/Controllers/Custom.php on line 266.
 1 APPPATH/Controllers/Custom.php(266): CodeIgniter\Debug\Exceptions->errorHandler(8, 'Trying to access array offset on value of type null', 'APPPATH/Controllers/Custom.php', 266, [...])
 2 SYSTEMPATH/CodeIgniter.php(898): App\Controllers\Custom->custom_Main_Menu()
 3 SYSTEMPATH/CodeIgniter.php(468): CodeIgniter\CodeIgniter->runController(Object(App\Controllers\Custom))
 4 SYSTEMPATH/CodeIgniter.php(351): CodeIgniter\CodeIgniter->handleRequest(null, Object(Config\Cache), false)
 5 FCPATH/index.php(55): CodeIgniter\CodeIgniter->run()
CRITICAL - 2023-12-17 22:21:57 --> Trying to access array offset on value of type null
in APPPATH/Controllers/Custom.php on line 266.
 1 APPPATH/Controllers/Custom.php(266): CodeIgniter\Debug\Exceptions->errorHandler(8, 'Trying to access array offset on value of type null', 'APPPATH/Controllers/Custom.php', 266, [...])
 2 SYSTEMPATH/CodeIgniter.php(898): App\Controllers\Custom->custom_Main_Menu()
 3 SYSTEMPATH/CodeIgniter.php(468): CodeIgniter\CodeIgniter->runController(Object(App\Controllers\Custom))
 4 SYSTEMPATH/CodeIgniter.php(351): CodeIgniter\CodeIgniter->handleRequest(null, Object(Config\Cache), false)
 5 FCPATH/index.php(55): CodeIgniter\CodeIgniter->run()
CRITICAL - 2023-12-17 22:21:57 --> Trying to access array offset on value of type null
in APPPATH/Controllers/Custom.php on line 266.
 1 APPPATH/Controllers/Custom.php(266): CodeIgniter\Debug\Exceptions->errorHandler(8, 'Trying to access array offset on value of type null', 'APPPATH/Controllers/Custom.php', 266, [...])
 2 SYSTEMPATH/CodeIgniter.php(898): App\Controllers\Custom->custom_Main_Menu()
 3 SYSTEMPATH/CodeIgniter.php(468): CodeIgniter\CodeIgniter->runController(Object(App\Controllers\Custom))
 4 SYSTEMPATH/CodeIgniter.php(351): CodeIgniter\CodeIgniter->handleRequest(null, Object(Config\Cache), false)
 5 FCPATH/index.php(55): CodeIgniter\CodeIgniter->run()
CRITICAL - 2023-12-17 22:21:58 --> Trying to access array offset on value of type null
in APPPATH/Controllers/Custom.php on line 266.
 1 APPPATH/Controllers/Custom.php(266): CodeIgniter\Debug\Exceptions->errorHandler(8, 'Trying to access array offset on value of type null', 'APPPATH/Controllers/Custom.php', 266, [...])
 2 SYSTEMPATH/CodeIgniter.php(898): App\Controllers\Custom->custom_Main_Menu()
 3 SYSTEMPATH/CodeIgniter.php(468): CodeIgniter\CodeIgniter->runController(Object(App\Controllers\Custom))
 4 SYSTEMPATH/CodeIgniter.php(351): CodeIgniter\CodeIgniter->handleRequest(null, Object(Config\Cache), false)
 5 FCPATH/index.php(55): CodeIgniter\CodeIgniter->run()
CRITICAL - 2023-12-17 22:21:58 --> Trying to access array offset on value of type null
in APPPATH/Controllers/Custom.php on line 266.
 1 APPPATH/Controllers/Custom.php(266): CodeIgniter\Debug\Exceptions->errorHandler(8, 'Trying to access array offset on value of type null', 'APPPATH/Controllers/Custom.php', 266, [...])
 2 SYSTEMPATH/CodeIgniter.php(898): App\Controllers\Custom->custom_Main_Menu()
 3 SYSTEMPATH/CodeIgniter.php(468): CodeIgniter\CodeIgniter->runController(Object(App\Controllers\Custom))
 4 SYSTEMPATH/CodeIgniter.php(351): CodeIgniter\CodeIgniter->handleRequest(null, Object(Config\Cache), false)
 5 FCPATH/index.php(55): CodeIgniter\CodeIgniter->run()
CRITICAL - 2023-12-17 22:21:59 --> Trying to access array offset on value of type null
in APPPATH/Controllers/Custom.php on line 266.
 1 APPPATH/Controllers/Custom.php(266): CodeIgniter\Debug\Exceptions->errorHandler(8, 'Trying to access array offset on value of type null', 'APPPATH/Controllers/Custom.php', 266, [...])
 2 SYSTEMPATH/CodeIgniter.php(898): App\Controllers\Custom->custom_Main_Menu()
 3 SYSTEMPATH/CodeIgniter.php(468): CodeIgniter\CodeIgniter->runController(Object(App\Controllers\Custom))
 4 SYSTEMPATH/CodeIgniter.php(351): CodeIgniter\CodeIgniter->handleRequest(null, Object(Config\Cache), false)
 5 FCPATH/index.php(55): CodeIgniter\CodeIgniter->run()
CRITICAL - 2023-12-17 22:40:27 --> Trying to access array offset on value of type null
in APPPATH/Controllers/Custom.php on line 266.
 1 APPPATH/Controllers/Custom.php(266): CodeIgniter\Debug\Exceptions->errorHandler(8, 'Trying to access array offset on value of type null', 'APPPATH/Controllers/Custom.php', 266, [...])
 2 SYSTEMPATH/CodeIgniter.php(898): App\Controllers\Custom->custom_Main_Menu()
 3 SYSTEMPATH/CodeIgniter.php(468): CodeIgniter\CodeIgniter->runController(Object(App\Controllers\Custom))
 4 SYSTEMPATH/CodeIgniter.php(351): CodeIgniter\CodeIgniter->handleRequest(null, Object(Config\Cache), false)
 5 FCPATH/index.php(55): CodeIgniter\CodeIgniter->run()
CRITICAL - 2023-12-17 23:13:45 --> Trying to access array offset on value of type null
in APPPATH/Controllers/Custom.php on line 266.
 1 APPPATH/Controllers/Custom.php(266): CodeIgniter\Debug\Exceptions->errorHandler(8, 'Trying to access array offset on value of type null', 'APPPATH/Controllers/Custom.php', 266, [...])
 2 SYSTEMPATH/CodeIgniter.php(898): App\Controllers\Custom->custom_Main_Menu()
 3 SYSTEMPATH/CodeIgniter.php(468): CodeIgniter\CodeIgniter->runController(Object(App\Controllers\Custom))
 4 SYSTEMPATH/CodeIgniter.php(351): CodeIgniter\CodeIgniter->handleRequest(null, Object(Config\Cache), false)
 5 FCPATH/index.php(55): CodeIgniter\CodeIgniter->run()
