CRITICAL - 2024-02-17 03:47:10 --> Invalid argument supplied for foreach()
in APPPATH/Views/theme1/frontend/update_detail.php on line 149.
 1 APPPATH/Views/theme1/frontend/update_detail.php(149): CodeIgniter\Debug\Exceptions->errorHandler(2, 'Invalid argument supplied for foreach()', 'APPPATH/Views/theme1/frontend/update_detail.php', 149, [...])
 2 SYSTEMPATH/View/View.php(213): include('APPPATH/Views/theme1/frontend/update_detail.php')
 3 SYSTEMPATH/View/View.php(216): CodeIgniter\View\View->CodeIgniter\View\{closure}()
 4 SYSTEMPATH/Common.php(1135): CodeIgniter\View\View->render('theme1/frontend/update_detail', [], true)
 5 APPPATH/Controllers/Update.php(146): view('theme1/frontend/update_detail', [...])
 6 SYSTEMPATH/CodeIgniter.php(898): App\Controllers\Update->update_details()
 7 SYSTEMPATH/CodeIgniter.php(468): CodeIgniter\CodeIgniter->runController(Object(App\Controllers\Update))
 8 SYSTEMPATH/CodeIgniter.php(351): CodeIgniter\CodeIgniter->handleRequest(null, Object(Config\Cache), false)
 9 FCPATH/index.php(55): CodeIgniter\CodeIgniter->run()
CRITICAL - 2024-02-17 04:24:00 --> Invalid argument supplied for foreach()
in APPPATH/Views/theme1/frontend/update_detail.php on line 149.
 1 APPPATH/Views/theme1/frontend/update_detail.php(149): CodeIgniter\Debug\Exceptions->errorHandler(2, 'Invalid argument supplied for foreach()', 'APPPATH/Views/theme1/frontend/update_detail.php', 149, [...])
 2 SYSTEMPATH/View/View.php(213): include('APPPATH/Views/theme1/frontend/update_detail.php')
 3 SYSTEMPATH/View/View.php(216): CodeIgniter\View\View->CodeIgniter\View\{closure}()
 4 SYSTEMPATH/Common.php(1135): CodeIgniter\View\View->render('theme1/frontend/update_detail', [], true)
 5 APPPATH/Controllers/Update.php(146): view('theme1/frontend/update_detail', [...])
 6 SYSTEMPATH/CodeIgniter.php(898): App\Controllers\Update->update_details()
 7 SYSTEMPATH/CodeIgniter.php(468): CodeIgniter\CodeIgniter->runController(Object(App\Controllers\Update))
 8 SYSTEMPATH/CodeIgniter.php(351): CodeIgniter\CodeIgniter->handleRequest(null, Object(Config\Cache), false)
 9 FCPATH/index.php(55): CodeIgniter\CodeIgniter->run()
CRITICAL - 2024-02-17 05:39:19 --> Invalid argument supplied for foreach()
in APPPATH/Views/theme1/frontend/update_detail.php on line 149.
 1 APPPATH/Views/theme1/frontend/update_detail.php(149): CodeIgniter\Debug\Exceptions->errorHandler(2, 'Invalid argument supplied for foreach()', 'APPPATH/Views/theme1/frontend/update_detail.php', 149, [...])
 2 SYSTEMPATH/View/View.php(213): include('APPPATH/Views/theme1/frontend/update_detail.php')
 3 SYSTEMPATH/View/View.php(216): CodeIgniter\View\View->CodeIgniter\View\{closure}()
 4 SYSTEMPATH/Common.php(1135): CodeIgniter\View\View->render('theme1/frontend/update_detail', [], true)
 5 APPPATH/Controllers/Update.php(146): view('theme1/frontend/update_detail', [...])
 6 SYSTEMPATH/CodeIgniter.php(898): App\Controllers\Update->update_details()
 7 SYSTEMPATH/CodeIgniter.php(468): CodeIgniter\CodeIgniter->runController(Object(App\Controllers\Update))
 8 SYSTEMPATH/CodeIgniter.php(351): CodeIgniter\CodeIgniter->handleRequest(null, Object(Config\Cache), false)
 9 FCPATH/index.php(55): CodeIgniter\CodeIgniter->run()
ERROR - 2024-02-17 06:34:57 --> Error connecting to the database: Too many connections
CRITICAL - 2024-02-17 06:34:57 --> Unable to connect to the database.
Main connection [MySQLi]: Too many connections
in SYSTEMPATH/Database/BaseConnection.php on line 415.
 1 SYSTEMPATH/Database/BaseConnection.php(585): CodeIgniter\Database\BaseConnection->initialize()
 2 APPPATH/Models/Users_model.php(613): CodeIgniter\Database\BaseConnection->query('SELECT * FROM seo_users ORDER BY id')
 3 APPPATH/Libraries/User_details.php(385): App\Models\Users_model->getUserDetails()
 4 APPPATH/Controllers/UiController.php(22): App\Libraries\User_details->getUserDetails()
 5 APPPATH/Controllers/Update.php(15): App\Controllers\UiController->__construct()
 6 SYSTEMPATH/CodeIgniter.php(860): App\Controllers\Update->__construct()
 7 SYSTEMPATH/CodeIgniter.php(459): CodeIgniter\CodeIgniter->createController()
 8 SYSTEMPATH/CodeIgniter.php(351): CodeIgniter\CodeIgniter->handleRequest(null, Object(Config\Cache), false)
 9 FCPATH/index.php(55): CodeIgniter\CodeIgniter->run()
ERROR - 2024-02-17 06:35:02 --> Error connecting to the database: Too many connections
CRITICAL - 2024-02-17 06:35:02 --> Unable to connect to the database.
Main connection [MySQLi]: Too many connections
in SYSTEMPATH/Database/BaseConnection.php on line 415.
 1 SYSTEMPATH/Database/BaseConnection.php(585): CodeIgniter\Database\BaseConnection->initialize()
 2 APPPATH/Models/Users_model.php(613): CodeIgniter\Database\BaseConnection->query('SELECT * FROM seo_users ORDER BY id')
 3 APPPATH/Libraries/User_details.php(385): App\Models\Users_model->getUserDetails()
 4 APPPATH/Controllers/UiController.php(22): App\Libraries\User_details->getUserDetails()
 5 APPPATH/Controllers/Home.php(19): App\Controllers\UiController->__construct()
 6 SYSTEMPATH/CodeIgniter.php(860): App\Controllers\Home->__construct()
 7 SYSTEMPATH/CodeIgniter.php(459): CodeIgniter\CodeIgniter->createController()
 8 SYSTEMPATH/CodeIgniter.php(351): CodeIgniter\CodeIgniter->handleRequest(null, Object(Config\Cache), false)
 9 FCPATH/index.php(55): CodeIgniter\CodeIgniter->run()
ERROR - 2024-02-17 06:35:19 --> Error connecting to the database: Too many connections
CRITICAL - 2024-02-17 06:35:19 --> Unable to connect to the database.
Main connection [MySQLi]: Too many connections
in SYSTEMPATH/Database/BaseConnection.php on line 415.
 1 SYSTEMPATH/Database/BaseConnection.php(585): CodeIgniter\Database\BaseConnection->initialize()
 2 APPPATH/Models/Users_model.php(613): CodeIgniter\Database\BaseConnection->query('SELECT * FROM seo_users ORDER BY id')
 3 APPPATH/Libraries/User_details.php(385): App\Models\Users_model->getUserDetails()
 4 APPPATH/Controllers/UiController.php(22): App\Libraries\User_details->getUserDetails()
 5 APPPATH/Controllers/Update.php(15): App\Controllers\UiController->__construct()
 6 SYSTEMPATH/CodeIgniter.php(860): App\Controllers\Update->__construct()
 7 SYSTEMPATH/CodeIgniter.php(459): CodeIgniter\CodeIgniter->createController()
 8 SYSTEMPATH/CodeIgniter.php(351): CodeIgniter\CodeIgniter->handleRequest(null, Object(Config\Cache), false)
 9 FCPATH/index.php(55): CodeIgniter\CodeIgniter->run()
ERROR - 2024-02-17 06:35:44 --> Error connecting to the database: Too many connections
CRITICAL - 2024-02-17 06:35:44 --> Unable to connect to the database.
Main connection [MySQLi]: Too many connections
in SYSTEMPATH/Database/BaseConnection.php on line 415.
 1 SYSTEMPATH/Database/BaseConnection.php(585): CodeIgniter\Database\BaseConnection->initialize()
 2 APPPATH/Models/Settings_model.php(47): CodeIgniter\Database\BaseConnection->query('SELECT seo_settings.setting_name,  seo_settings.setting_value
        FROM seo_settings
        WHERE seo_settings.deleted=0 AND (seo_settings.type = \'app\' OR (seo_settings.type =\'user\' AND seo_settings.setting_name LIKE \'user__%\'))')
 3 APPPATH/Controllers/AppController.php(31): App\Models\Settings_model->get_all_required_settings(false)
 4 APPPATH/Controllers/PostController.php(18): App\Controllers\AppController->__construct()
 5 SYSTEMPATH/CodeIgniter.php(860): App\Controllers\PostController->__construct()
 6 SYSTEMPATH/CodeIgniter.php(459): CodeIgniter\CodeIgniter->createController()
 7 SYSTEMPATH/CodeIgniter.php(351): CodeIgniter\CodeIgniter->handleRequest(null, Object(Config\Cache), false)
 8 FCPATH/index.php(55): CodeIgniter\CodeIgniter->run()
ERROR - 2024-02-17 06:35:47 --> Error connecting to the database: Too many connections
CRITICAL - 2024-02-17 06:35:47 --> Unable to connect to the database.
Main connection [MySQLi]: Too many connections
in SYSTEMPATH/Database/BaseConnection.php on line 415.
 1 SYSTEMPATH/Database/BaseConnection.php(585): CodeIgniter\Database\BaseConnection->initialize()
 2 APPPATH/Models/Users_model.php(613): CodeIgniter\Database\BaseConnection->query('SELECT * FROM seo_users ORDER BY id')
 3 APPPATH/Libraries/User_details.php(385): App\Models\Users_model->getUserDetails()
 4 APPPATH/Controllers/UiController.php(22): App\Libraries\User_details->getUserDetails()
 5 APPPATH/Controllers/Update.php(15): App\Controllers\UiController->__construct()
 6 SYSTEMPATH/CodeIgniter.php(860): App\Controllers\Update->__construct()
 7 SYSTEMPATH/CodeIgniter.php(459): CodeIgniter\CodeIgniter->createController()
 8 SYSTEMPATH/CodeIgniter.php(351): CodeIgniter\CodeIgniter->handleRequest(null, Object(Config\Cache), false)
 9 FCPATH/index.php(55): CodeIgniter\CodeIgniter->run()
ERROR - 2024-02-17 06:35:51 --> Error connecting to the database: Too many connections
CRITICAL - 2024-02-17 06:35:51 --> Unable to connect to the database.
Main connection [MySQLi]: Too many connections
in SYSTEMPATH/Database/BaseConnection.php on line 415.
 1 SYSTEMPATH/Database/BaseConnection.php(585): CodeIgniter\Database\BaseConnection->initialize()
 2 APPPATH/Models/Users_model.php(613): CodeIgniter\Database\BaseConnection->query('SELECT * FROM seo_users ORDER BY id')
 3 APPPATH/Libraries/User_details.php(385): App\Models\Users_model->getUserDetails()
 4 APPPATH/Controllers/UiController.php(22): App\Libraries\User_details->getUserDetails()
 5 APPPATH/Controllers/Home.php(19): App\Controllers\UiController->__construct()
 6 SYSTEMPATH/CodeIgniter.php(860): App\Controllers\Home->__construct()
 7 SYSTEMPATH/CodeIgniter.php(459): CodeIgniter\CodeIgniter->createController()
 8 SYSTEMPATH/CodeIgniter.php(351): CodeIgniter\CodeIgniter->handleRequest(null, Object(Config\Cache), false)
 9 FCPATH/index.php(55): CodeIgniter\CodeIgniter->run()
ERROR - 2024-02-17 06:36:12 --> Error connecting to the database: Too many connections
CRITICAL - 2024-02-17 06:36:12 --> Unable to connect to the database.
Main connection [MySQLi]: Too many connections
in SYSTEMPATH/Database/BaseConnection.php on line 415.
 1 SYSTEMPATH/Database/BaseConnection.php(585): CodeIgniter\Database\BaseConnection->initialize()
 2 APPPATH/Models/Settings_model.php(47): CodeIgniter\Database\BaseConnection->query('SELECT seo_settings.setting_name,  seo_settings.setting_value
        FROM seo_settings
        WHERE seo_settings.deleted=0 AND (seo_settings.type = \'app\' OR (seo_settings.type =\'user\' AND seo_settings.setting_name LIKE \'user__%\'))')
 3 APPPATH/Controllers/AppController.php(31): App\Models\Settings_model->get_all_required_settings(false)
 4 APPPATH/Controllers/PostController.php(18): App\Controllers\AppController->__construct()
 5 SYSTEMPATH/CodeIgniter.php(860): App\Controllers\PostController->__construct()
 6 SYSTEMPATH/CodeIgniter.php(459): CodeIgniter\CodeIgniter->createController()
 7 SYSTEMPATH/CodeIgniter.php(351): CodeIgniter\CodeIgniter->handleRequest(null, Object(Config\Cache), false)
 8 FCPATH/index.php(55): CodeIgniter\CodeIgniter->run()
ERROR - 2024-02-17 06:36:12 --> Error connecting to the database: Too many connections
CRITICAL - 2024-02-17 06:36:12 --> Unable to connect to the database.
Main connection [MySQLi]: Too many connections
in SYSTEMPATH/Database/BaseConnection.php on line 415.
 1 SYSTEMPATH/Database/BaseConnection.php(585): CodeIgniter\Database\BaseConnection->initialize()
 2 APPPATH/Models/Users_model.php(613): CodeIgniter\Database\BaseConnection->query('SELECT * FROM seo_users ORDER BY id')
 3 APPPATH/Libraries/User_details.php(385): App\Models\Users_model->getUserDetails()
 4 APPPATH/Controllers/UiController.php(22): App\Libraries\User_details->getUserDetails()
 5 APPPATH/Controllers/ClickVisitController.php(13): App\Controllers\UiController->__construct()
 6 SYSTEMPATH/CodeIgniter.php(860): App\Controllers\ClickVisitController->__construct()
 7 SYSTEMPATH/CodeIgniter.php(459): CodeIgniter\CodeIgniter->createController()
 8 SYSTEMPATH/CodeIgniter.php(351): CodeIgniter\CodeIgniter->handleRequest(null, Object(Config\Cache), false)
 9 FCPATH/index.php(55): CodeIgniter\CodeIgniter->run()
ERROR - 2024-02-17 06:36:17 --> Error connecting to the database: Too many connections
CRITICAL - 2024-02-17 06:36:17 --> Unable to connect to the database.
Main connection [MySQLi]: Too many connections
in SYSTEMPATH/Database/BaseConnection.php on line 415.
 1 SYSTEMPATH/Database/BaseConnection.php(585): CodeIgniter\Database\BaseConnection->initialize()
 2 APPPATH/Models/Users_model.php(613): CodeIgniter\Database\BaseConnection->query('SELECT * FROM seo_users ORDER BY id')
 3 APPPATH/Libraries/User_details.php(385): App\Models\Users_model->getUserDetails()
 4 APPPATH/Controllers/UiController.php(22): App\Libraries\User_details->getUserDetails()
 5 APPPATH/Controllers/Home.php(19): App\Controllers\UiController->__construct()
 6 SYSTEMPATH/CodeIgniter.php(860): App\Controllers\Home->__construct()
 7 SYSTEMPATH/CodeIgniter.php(459): CodeIgniter\CodeIgniter->createController()
 8 SYSTEMPATH/CodeIgniter.php(351): CodeIgniter\CodeIgniter->handleRequest(null, Object(Config\Cache), false)
 9 FCPATH/index.php(55): CodeIgniter\CodeIgniter->run()
ERROR - 2024-02-17 06:36:24 --> Error connecting to the database: Too many connections
CRITICAL - 2024-02-17 06:36:24 --> Unable to connect to the database.
Main connection [MySQLi]: Too many connections
in SYSTEMPATH/Database/BaseConnection.php on line 415.
 1 SYSTEMPATH/Database/BaseConnection.php(585): CodeIgniter\Database\BaseConnection->initialize()
 2 APPPATH/Models/Users_model.php(613): CodeIgniter\Database\BaseConnection->query('SELECT * FROM seo_users ORDER BY id')
 3 APPPATH/Libraries/User_details.php(385): App\Models\Users_model->getUserDetails()
 4 APPPATH/Controllers/UiController.php(22): App\Libraries\User_details->getUserDetails()
 5 APPPATH/Controllers/Home.php(19): App\Controllers\UiController->__construct()
 6 SYSTEMPATH/CodeIgniter.php(860): App\Controllers\Home->__construct()
 7 SYSTEMPATH/CodeIgniter.php(459): CodeIgniter\CodeIgniter->createController()
 8 SYSTEMPATH/CodeIgniter.php(351): CodeIgniter\CodeIgniter->handleRequest(null, Object(Config\Cache), false)
 9 FCPATH/index.php(55): CodeIgniter\CodeIgniter->run()
ERROR - 2024-02-17 06:36:30 --> Error connecting to the database: Too many connections
CRITICAL - 2024-02-17 06:36:30 --> Unable to connect to the database.
Main connection [MySQLi]: Too many connections
in SYSTEMPATH/Database/BaseConnection.php on line 415.
 1 SYSTEMPATH/Database/BaseConnection.php(585): CodeIgniter\Database\BaseConnection->initialize()
 2 APPPATH/Models/Settings_model.php(47): CodeIgniter\Database\BaseConnection->query('SELECT seo_settings.setting_name,  seo_settings.setting_value
        FROM seo_settings
        WHERE seo_settings.deleted=0 AND (seo_settings.type = \'app\' OR (seo_settings.type =\'user\' AND seo_settings.setting_name LIKE \'user__%\'))')
 3 APPPATH/Controllers/AppController.php(31): App\Models\Settings_model->get_all_required_settings(false)
 4 APPPATH/Controllers/PostController.php(18): App\Controllers\AppController->__construct()
 5 SYSTEMPATH/CodeIgniter.php(860): App\Controllers\PostController->__construct()
 6 SYSTEMPATH/CodeIgniter.php(459): CodeIgniter\CodeIgniter->createController()
 7 SYSTEMPATH/CodeIgniter.php(351): CodeIgniter\CodeIgniter->handleRequest(null, Object(Config\Cache), false)
 8 FCPATH/index.php(55): CodeIgniter\CodeIgniter->run()
ERROR - 2024-02-17 06:36:57 --> Error connecting to the database: Too many connections
CRITICAL - 2024-02-17 06:36:57 --> Unable to connect to the database.
Main connection [MySQLi]: Too many connections
in SYSTEMPATH/Database/BaseConnection.php on line 415.
 1 SYSTEMPATH/Database/BaseConnection.php(585): CodeIgniter\Database\BaseConnection->initialize()
 2 APPPATH/Models/Settings_model.php(47): CodeIgniter\Database\BaseConnection->query('SELECT seo_settings.setting_name,  seo_settings.setting_value
        FROM seo_settings
        WHERE seo_settings.deleted=0 AND (seo_settings.type = \'app\' OR (seo_settings.type =\'user\' AND seo_settings.setting_name LIKE \'user__%\'))')
 3 APPPATH/Controllers/AppController.php(31): App\Models\Settings_model->get_all_required_settings(false)
 4 APPPATH/Controllers/PostController.php(18): App\Controllers\AppController->__construct()
 5 SYSTEMPATH/CodeIgniter.php(860): App\Controllers\PostController->__construct()
 6 SYSTEMPATH/CodeIgniter.php(459): CodeIgniter\CodeIgniter->createController()
 7 SYSTEMPATH/CodeIgniter.php(351): CodeIgniter\CodeIgniter->handleRequest(null, Object(Config\Cache), false)
 8 FCPATH/index.php(55): CodeIgniter\CodeIgniter->run()
ERROR - 2024-02-17 06:37:01 --> Error connecting to the database: Too many connections
CRITICAL - 2024-02-17 06:37:01 --> Unable to connect to the database.
Main connection [MySQLi]: Too many connections
in SYSTEMPATH/Database/BaseConnection.php on line 415.
 1 SYSTEMPATH/Database/BaseConnection.php(585): CodeIgniter\Database\BaseConnection->initialize()
 2 APPPATH/Models/Users_model.php(613): CodeIgniter\Database\BaseConnection->query('SELECT * FROM seo_users ORDER BY id')
 3 APPPATH/Libraries/User_details.php(385): App\Models\Users_model->getUserDetails()
 4 APPPATH/Controllers/UiController.php(22): App\Libraries\User_details->getUserDetails()
 5 APPPATH/Controllers/Update.php(15): App\Controllers\UiController->__construct()
 6 SYSTEMPATH/CodeIgniter.php(860): App\Controllers\Update->__construct()
 7 SYSTEMPATH/CodeIgniter.php(459): CodeIgniter\CodeIgniter->createController()
 8 SYSTEMPATH/CodeIgniter.php(351): CodeIgniter\CodeIgniter->handleRequest(null, Object(Config\Cache), false)
 9 FCPATH/index.php(55): CodeIgniter\CodeIgniter->run()
ERROR - 2024-02-17 06:37:04 --> Error connecting to the database: Too many connections
CRITICAL - 2024-02-17 06:37:04 --> Unable to connect to the database.
Main connection [MySQLi]: Too many connections
in SYSTEMPATH/Database/BaseConnection.php on line 415.
 1 SYSTEMPATH/Database/BaseConnection.php(585): CodeIgniter\Database\BaseConnection->initialize()
 2 APPPATH/Models/Users_model.php(613): CodeIgniter\Database\BaseConnection->query('SELECT * FROM seo_users ORDER BY id')
 3 APPPATH/Libraries/User_details.php(385): App\Models\Users_model->getUserDetails()
 4 APPPATH/Controllers/UiController.php(22): App\Libraries\User_details->getUserDetails()
 5 APPPATH/Controllers/Home.php(19): App\Controllers\UiController->__construct()
 6 SYSTEMPATH/CodeIgniter.php(860): App\Controllers\Home->__construct()
 7 SYSTEMPATH/CodeIgniter.php(459): CodeIgniter\CodeIgniter->createController()
 8 SYSTEMPATH/CodeIgniter.php(351): CodeIgniter\CodeIgniter->handleRequest(null, Object(Config\Cache), false)
 9 FCPATH/index.php(55): CodeIgniter\CodeIgniter->run()
ERROR - 2024-02-17 06:37:09 --> Error connecting to the database: Too many connections
CRITICAL - 2024-02-17 06:37:09 --> Unable to connect to the database.
Main connection [MySQLi]: Too many connections
in SYSTEMPATH/Database/BaseConnection.php on line 415.
 1 SYSTEMPATH/Database/BaseConnection.php(585): CodeIgniter\Database\BaseConnection->initialize()
 2 APPPATH/Models/Users_model.php(613): CodeIgniter\Database\BaseConnection->query('SELECT * FROM seo_users ORDER BY id')
 3 APPPATH/Libraries/User_details.php(385): App\Models\Users_model->getUserDetails()
 4 APPPATH/Controllers/UiController.php(22): App\Libraries\User_details->getUserDetails()
 5 APPPATH/Controllers/Home.php(19): App\Controllers\UiController->__construct()
 6 SYSTEMPATH/CodeIgniter.php(860): App\Controllers\Home->__construct()
 7 SYSTEMPATH/CodeIgniter.php(459): CodeIgniter\CodeIgniter->createController()
 8 SYSTEMPATH/CodeIgniter.php(351): CodeIgniter\CodeIgniter->handleRequest(null, Object(Config\Cache), false)
 9 FCPATH/index.php(55): CodeIgniter\CodeIgniter->run()
ERROR - 2024-02-17 06:37:23 --> Error connecting to the database: Too many connections
CRITICAL - 2024-02-17 06:37:23 --> Unable to connect to the database.
Main connection [MySQLi]: Too many connections
in SYSTEMPATH/Database/BaseConnection.php on line 415.
 1 SYSTEMPATH/Database/BaseConnection.php(585): CodeIgniter\Database\BaseConnection->initialize()
 2 APPPATH/Models/Users_model.php(613): CodeIgniter\Database\BaseConnection->query('SELECT * FROM seo_users ORDER BY id')
 3 APPPATH/Libraries/User_details.php(385): App\Models\Users_model->getUserDetails()
 4 APPPATH/Controllers/UiController.php(22): App\Libraries\User_details->getUserDetails()
 5 APPPATH/Controllers/Home.php(19): App\Controllers\UiController->__construct()
 6 SYSTEMPATH/CodeIgniter.php(860): App\Controllers\Home->__construct()
 7 SYSTEMPATH/CodeIgniter.php(459): CodeIgniter\CodeIgniter->createController()
 8 SYSTEMPATH/CodeIgniter.php(351): CodeIgniter\CodeIgniter->handleRequest(null, Object(Config\Cache), false)
 9 FCPATH/index.php(55): CodeIgniter\CodeIgniter->run()
ERROR - 2024-02-17 06:37:23 --> Error connecting to the database: Too many connections
CRITICAL - 2024-02-17 06:37:23 --> Unable to connect to the database.
Main connection [MySQLi]: Too many connections
in SYSTEMPATH/Database/BaseConnection.php on line 415.
 1 SYSTEMPATH/Database/BaseConnection.php(585): CodeIgniter\Database\BaseConnection->initialize()
 2 APPPATH/Models/Settings_model.php(47): CodeIgniter\Database\BaseConnection->query('SELECT seo_settings.setting_name,  seo_settings.setting_value
        FROM seo_settings
        WHERE seo_settings.deleted=0 AND (seo_settings.type = \'app\' OR (seo_settings.type =\'user\' AND seo_settings.setting_name LIKE \'user__%\'))')
 3 APPPATH/Controllers/AppController.php(31): App\Models\Settings_model->get_all_required_settings(false)
 4 SYSTEMPATH/CodeIgniter.php(860): App\Controllers\AppController->__construct()
 5 SYSTEMPATH/CodeIgniter.php(459): CodeIgniter\CodeIgniter->createController()
 6 SYSTEMPATH/CodeIgniter.php(351): CodeIgniter\CodeIgniter->handleRequest(null, Object(Config\Cache), false)
 7 FCPATH/index.php(55): CodeIgniter\CodeIgniter->run()
ERROR - 2024-02-17 06:37:24 --> Error connecting to the database: Too many connections
CRITICAL - 2024-02-17 06:37:24 --> Unable to connect to the database.
Main connection [MySQLi]: Too many connections
in SYSTEMPATH/Database/BaseConnection.php on line 415.
 1 SYSTEMPATH/Database/BaseConnection.php(585): CodeIgniter\Database\BaseConnection->initialize()
 2 APPPATH/Models/Users_model.php(613): CodeIgniter\Database\BaseConnection->query('SELECT * FROM seo_users ORDER BY id')
 3 APPPATH/Libraries/User_details.php(385): App\Models\Users_model->getUserDetails()
 4 APPPATH/Controllers/UiController.php(22): App\Libraries\User_details->getUserDetails()
 5 APPPATH/Controllers/Home.php(19): App\Controllers\UiController->__construct()
 6 SYSTEMPATH/CodeIgniter.php(860): App\Controllers\Home->__construct()
 7 SYSTEMPATH/CodeIgniter.php(459): CodeIgniter\CodeIgniter->createController()
 8 SYSTEMPATH/CodeIgniter.php(351): CodeIgniter\CodeIgniter->handleRequest(null, Object(Config\Cache), false)
 9 FCPATH/index.php(55): CodeIgniter\CodeIgniter->run()
ERROR - 2024-02-17 06:37:53 --> Error connecting to the database: Too many connections
CRITICAL - 2024-02-17 06:37:53 --> Unable to connect to the database.
Main connection [MySQLi]: Too many connections
in SYSTEMPATH/Database/BaseConnection.php on line 415.
 1 SYSTEMPATH/Database/BaseConnection.php(585): CodeIgniter\Database\BaseConnection->initialize()
 2 APPPATH/Models/Users_model.php(613): CodeIgniter\Database\BaseConnection->query('SELECT * FROM seo_users ORDER BY id')
 3 APPPATH/Libraries/User_details.php(385): App\Models\Users_model->getUserDetails()
 4 APPPATH/Controllers/UiController.php(22): App\Libraries\User_details->getUserDetails()
 5 APPPATH/Controllers/Home.php(19): App\Controllers\UiController->__construct()
 6 SYSTEMPATH/CodeIgniter.php(860): App\Controllers\Home->__construct()
 7 SYSTEMPATH/CodeIgniter.php(459): CodeIgniter\CodeIgniter->createController()
 8 SYSTEMPATH/CodeIgniter.php(351): CodeIgniter\CodeIgniter->handleRequest(null, Object(Config\Cache), false)
 9 FCPATH/index.php(55): CodeIgniter\CodeIgniter->run()
ERROR - 2024-02-17 06:38:17 --> Error connecting to the database: Too many connections
CRITICAL - 2024-02-17 06:38:17 --> Unable to connect to the database.
Main connection [MySQLi]: Too many connections
in SYSTEMPATH/Database/BaseConnection.php on line 415.
 1 SYSTEMPATH/Database/BaseConnection.php(585): CodeIgniter\Database\BaseConnection->initialize()
 2 APPPATH/Models/Users_model.php(613): CodeIgniter\Database\BaseConnection->query('SELECT * FROM seo_users ORDER BY id')
 3 APPPATH/Libraries/User_details.php(385): App\Models\Users_model->getUserDetails()
 4 APPPATH/Controllers/UiController.php(22): App\Libraries\User_details->getUserDetails()
 5 APPPATH/Controllers/Home.php(19): App\Controllers\UiController->__construct()
 6 SYSTEMPATH/CodeIgniter.php(860): App\Controllers\Home->__construct()
 7 SYSTEMPATH/CodeIgniter.php(459): CodeIgniter\CodeIgniter->createController()
 8 SYSTEMPATH/CodeIgniter.php(351): CodeIgniter\CodeIgniter->handleRequest(null, Object(Config\Cache), false)
 9 FCPATH/index.php(55): CodeIgniter\CodeIgniter->run()
ERROR - 2024-02-17 06:38:18 --> Error connecting to the database: Too many connections
CRITICAL - 2024-02-17 06:38:18 --> Unable to connect to the database.
Main connection [MySQLi]: Too many connections
in SYSTEMPATH/Database/BaseConnection.php on line 415.
 1 SYSTEMPATH/Database/BaseConnection.php(585): CodeIgniter\Database\BaseConnection->initialize()
 2 APPPATH/Models/Users_model.php(613): CodeIgniter\Database\BaseConnection->query('SELECT * FROM seo_users ORDER BY id')
 3 APPPATH/Libraries/User_details.php(385): App\Models\Users_model->getUserDetails()
 4 APPPATH/Controllers/UiController.php(22): App\Libraries\User_details->getUserDetails()
 5 APPPATH/Controllers/Home.php(19): App\Controllers\UiController->__construct()
 6 SYSTEMPATH/CodeIgniter.php(860): App\Controllers\Home->__construct()
 7 SYSTEMPATH/CodeIgniter.php(459): CodeIgniter\CodeIgniter->createController()
 8 SYSTEMPATH/CodeIgniter.php(351): CodeIgniter\CodeIgniter->handleRequest(null, Object(Config\Cache), false)
 9 FCPATH/index.php(55): CodeIgniter\CodeIgniter->run()
ERROR - 2024-02-17 06:38:19 --> Error connecting to the database: Too many connections
CRITICAL - 2024-02-17 06:38:19 --> Unable to connect to the database.
Main connection [MySQLi]: Too many connections
in SYSTEMPATH/Database/BaseConnection.php on line 415.
 1 SYSTEMPATH/Database/BaseConnection.php(585): CodeIgniter\Database\BaseConnection->initialize()
 2 APPPATH/Models/Users_model.php(613): CodeIgniter\Database\BaseConnection->query('SELECT * FROM seo_users ORDER BY id')
 3 APPPATH/Libraries/User_details.php(385): App\Models\Users_model->getUserDetails()
 4 APPPATH/Controllers/UiController.php(22): App\Libraries\User_details->getUserDetails()
 5 APPPATH/Controllers/Home.php(19): App\Controllers\UiController->__construct()
 6 SYSTEMPATH/CodeIgniter.php(860): App\Controllers\Home->__construct()
 7 SYSTEMPATH/CodeIgniter.php(459): CodeIgniter\CodeIgniter->createController()
 8 SYSTEMPATH/CodeIgniter.php(351): CodeIgniter\CodeIgniter->handleRequest(null, Object(Config\Cache), false)
 9 FCPATH/index.php(55): CodeIgniter\CodeIgniter->run()
ERROR - 2024-02-17 06:38:20 --> Error connecting to the database: Too many connections
CRITICAL - 2024-02-17 06:38:20 --> Unable to connect to the database.
Main connection [MySQLi]: Too many connections
in SYSTEMPATH/Database/BaseConnection.php on line 415.
 1 SYSTEMPATH/Database/BaseConnection.php(585): CodeIgniter\Database\BaseConnection->initialize()
 2 APPPATH/Models/Users_model.php(613): CodeIgniter\Database\BaseConnection->query('SELECT * FROM seo_users ORDER BY id')
 3 APPPATH/Libraries/User_details.php(385): App\Models\Users_model->getUserDetails()
 4 APPPATH/Controllers/UiController.php(22): App\Libraries\User_details->getUserDetails()
 5 APPPATH/Controllers/Home.php(19): App\Controllers\UiController->__construct()
 6 SYSTEMPATH/CodeIgniter.php(860): App\Controllers\Home->__construct()
 7 SYSTEMPATH/CodeIgniter.php(459): CodeIgniter\CodeIgniter->createController()
 8 SYSTEMPATH/CodeIgniter.php(351): CodeIgniter\CodeIgniter->handleRequest(null, Object(Config\Cache), false)
 9 FCPATH/index.php(55): CodeIgniter\CodeIgniter->run()
ERROR - 2024-02-17 06:38:22 --> Error connecting to the database: Too many connections
CRITICAL - 2024-02-17 06:38:22 --> Unable to connect to the database.
Main connection [MySQLi]: Too many connections
in SYSTEMPATH/Database/BaseConnection.php on line 415.
 1 SYSTEMPATH/Database/BaseConnection.php(585): CodeIgniter\Database\BaseConnection->initialize()
 2 APPPATH/Models/Users_model.php(613): CodeIgniter\Database\BaseConnection->query('SELECT * FROM seo_users ORDER BY id')
 3 APPPATH/Libraries/User_details.php(385): App\Models\Users_model->getUserDetails()
 4 APPPATH/Controllers/UiController.php(22): App\Libraries\User_details->getUserDetails()
 5 APPPATH/Controllers/Home.php(19): App\Controllers\UiController->__construct()
 6 SYSTEMPATH/CodeIgniter.php(860): App\Controllers\Home->__construct()
 7 SYSTEMPATH/CodeIgniter.php(459): CodeIgniter\CodeIgniter->createController()
 8 SYSTEMPATH/CodeIgniter.php(351): CodeIgniter\CodeIgniter->handleRequest(null, Object(Config\Cache), false)
 9 FCPATH/index.php(55): CodeIgniter\CodeIgniter->run()
ERROR - 2024-02-17 06:38:54 --> Error connecting to the database: Too many connections
CRITICAL - 2024-02-17 06:38:54 --> Unable to connect to the database.
Main connection [MySQLi]: Too many connections
in SYSTEMPATH/Database/BaseConnection.php on line 415.
 1 SYSTEMPATH/Database/BaseConnection.php(585): CodeIgniter\Database\BaseConnection->initialize()
 2 APPPATH/Models/Users_model.php(613): CodeIgniter\Database\BaseConnection->query('SELECT * FROM seo_users ORDER BY id')
 3 APPPATH/Libraries/User_details.php(385): App\Models\Users_model->getUserDetails()
 4 APPPATH/Controllers/UiController.php(22): App\Libraries\User_details->getUserDetails()
 5 APPPATH/Controllers/Home.php(19): App\Controllers\UiController->__construct()
 6 SYSTEMPATH/CodeIgniter.php(860): App\Controllers\Home->__construct()
 7 SYSTEMPATH/CodeIgniter.php(459): CodeIgniter\CodeIgniter->createController()
 8 SYSTEMPATH/CodeIgniter.php(351): CodeIgniter\CodeIgniter->handleRequest(null, Object(Config\Cache), false)
 9 FCPATH/index.php(55): CodeIgniter\CodeIgniter->run()
ERROR - 2024-02-17 06:39:23 --> Error connecting to the database: Too many connections
CRITICAL - 2024-02-17 06:39:23 --> Unable to connect to the database.
Main connection [MySQLi]: Too many connections
in SYSTEMPATH/Database/BaseConnection.php on line 415.
 1 SYSTEMPATH/Database/BaseConnection.php(585): CodeIgniter\Database\BaseConnection->initialize()
 2 APPPATH/Models/Settings_model.php(47): CodeIgniter\Database\BaseConnection->query('SELECT seo_settings.setting_name,  seo_settings.setting_value
        FROM seo_settings
        WHERE seo_settings.deleted=0 AND (seo_settings.type = \'app\' OR (seo_settings.type =\'user\' AND seo_settings.setting_name LIKE \'user__%\'))')
 3 APPPATH/Controllers/AppController.php(31): App\Models\Settings_model->get_all_required_settings(false)
 4 APPPATH/Controllers/PostController.php(18): App\Controllers\AppController->__construct()
 5 SYSTEMPATH/CodeIgniter.php(860): App\Controllers\PostController->__construct()
 6 SYSTEMPATH/CodeIgniter.php(459): CodeIgniter\CodeIgniter->createController()
 7 SYSTEMPATH/CodeIgniter.php(351): CodeIgniter\CodeIgniter->handleRequest(null, Object(Config\Cache), false)
 8 FCPATH/index.php(55): CodeIgniter\CodeIgniter->run()
ERROR - 2024-02-17 06:39:23 --> Error connecting to the database: Too many connections
CRITICAL - 2024-02-17 06:39:23 --> Unable to connect to the database.
Main connection [MySQLi]: Too many connections
in SYSTEMPATH/Database/BaseConnection.php on line 415.
 1 SYSTEMPATH/Database/BaseConnection.php(585): CodeIgniter\Database\BaseConnection->initialize()
 2 APPPATH/Models/Users_model.php(613): CodeIgniter\Database\BaseConnection->query('SELECT * FROM seo_users ORDER BY id')
 3 APPPATH/Libraries/User_details.php(385): App\Models\Users_model->getUserDetails()
 4 APPPATH/Controllers/UiController.php(22): App\Libraries\User_details->getUserDetails()
 5 APPPATH/Controllers/ClickVisitController.php(13): App\Controllers\UiController->__construct()
 6 SYSTEMPATH/CodeIgniter.php(860): App\Controllers\ClickVisitController->__construct()
 7 SYSTEMPATH/CodeIgniter.php(459): CodeIgniter\CodeIgniter->createController()
 8 SYSTEMPATH/CodeIgniter.php(351): CodeIgniter\CodeIgniter->handleRequest(null, Object(Config\Cache), false)
 9 FCPATH/index.php(55): CodeIgniter\CodeIgniter->run()
ERROR - 2024-02-17 06:39:26 --> Error connecting to the database: Too many connections
CRITICAL - 2024-02-17 06:39:26 --> Unable to connect to the database.
Main connection [MySQLi]: Too many connections
in SYSTEMPATH/Database/BaseConnection.php on line 415.
 1 SYSTEMPATH/Database/BaseConnection.php(585): CodeIgniter\Database\BaseConnection->initialize()
 2 APPPATH/Models/Settings_model.php(47): CodeIgniter\Database\BaseConnection->query('SELECT seo_settings.setting_name,  seo_settings.setting_value
        FROM seo_settings
        WHERE seo_settings.deleted=0 AND (seo_settings.type = \'app\' OR (seo_settings.type =\'user\' AND seo_settings.setting_name LIKE \'user__%\'))')
 3 APPPATH/Controllers/AppController.php(31): App\Models\Settings_model->get_all_required_settings(false)
 4 APPPATH/Controllers/PostController.php(18): App\Controllers\AppController->__construct()
 5 SYSTEMPATH/CodeIgniter.php(860): App\Controllers\PostController->__construct()
 6 SYSTEMPATH/CodeIgniter.php(459): CodeIgniter\CodeIgniter->createController()
 7 SYSTEMPATH/CodeIgniter.php(351): CodeIgniter\CodeIgniter->handleRequest(null, Object(Config\Cache), false)
 8 FCPATH/index.php(55): CodeIgniter\CodeIgniter->run()
ERROR - 2024-02-17 06:39:33 --> Error connecting to the database: Too many connections
CRITICAL - 2024-02-17 06:39:33 --> Unable to connect to the database.
Main connection [MySQLi]: Too many connections
in SYSTEMPATH/Database/BaseConnection.php on line 415.
 1 SYSTEMPATH/Database/BaseConnection.php(585): CodeIgniter\Database\BaseConnection->initialize()
 2 APPPATH/Models/Users_model.php(613): CodeIgniter\Database\BaseConnection->query('SELECT * FROM seo_users ORDER BY id')
 3 APPPATH/Libraries/User_details.php(385): App\Models\Users_model->getUserDetails()
 4 APPPATH/Controllers/UiController.php(22): App\Libraries\User_details->getUserDetails()
 5 APPPATH/Controllers/Home.php(19): App\Controllers\UiController->__construct()
 6 SYSTEMPATH/CodeIgniter.php(860): App\Controllers\Home->__construct()
 7 SYSTEMPATH/CodeIgniter.php(459): CodeIgniter\CodeIgniter->createController()
 8 SYSTEMPATH/CodeIgniter.php(351): CodeIgniter\CodeIgniter->handleRequest(null, Object(Config\Cache), false)
 9 FCPATH/index.php(55): CodeIgniter\CodeIgniter->run()
ERROR - 2024-02-17 06:40:02 --> Error connecting to the database: Too many connections
CRITICAL - 2024-02-17 06:40:02 --> Unable to connect to the database.
Main connection [MySQLi]: Too many connections
in SYSTEMPATH/Database/BaseConnection.php on line 415.
 1 SYSTEMPATH/Database/BaseConnection.php(585): CodeIgniter\Database\BaseConnection->initialize()
 2 APPPATH/Models/Users_model.php(613): CodeIgniter\Database\BaseConnection->query('SELECT * FROM seo_users ORDER BY id')
 3 APPPATH/Libraries/User_details.php(385): App\Models\Users_model->getUserDetails()
 4 APPPATH/Controllers/UiController.php(22): App\Libraries\User_details->getUserDetails()
 5 APPPATH/Controllers/Home.php(19): App\Controllers\UiController->__construct()
 6 SYSTEMPATH/CodeIgniter.php(860): App\Controllers\Home->__construct()
 7 SYSTEMPATH/CodeIgniter.php(459): CodeIgniter\CodeIgniter->createController()
 8 SYSTEMPATH/CodeIgniter.php(351): CodeIgniter\CodeIgniter->handleRequest(null, Object(Config\Cache), false)
 9 FCPATH/index.php(55): CodeIgniter\CodeIgniter->run()
ERROR - 2024-02-17 06:40:07 --> Error connecting to the database: Too many connections
CRITICAL - 2024-02-17 06:40:07 --> Unable to connect to the database.
Main connection [MySQLi]: Too many connections
in SYSTEMPATH/Database/BaseConnection.php on line 415.
 1 SYSTEMPATH/Database/BaseConnection.php(585): CodeIgniter\Database\BaseConnection->initialize()
 2 APPPATH/Models/Users_model.php(613): CodeIgniter\Database\BaseConnection->query('SELECT * FROM seo_users ORDER BY id')
 3 APPPATH/Libraries/User_details.php(385): App\Models\Users_model->getUserDetails()
 4 APPPATH/Controllers/UiController.php(22): App\Libraries\User_details->getUserDetails()
 5 APPPATH/Controllers/ClickVisitController.php(13): App\Controllers\UiController->__construct()
 6 SYSTEMPATH/CodeIgniter.php(860): App\Controllers\ClickVisitController->__construct()
 7 SYSTEMPATH/CodeIgniter.php(459): CodeIgniter\CodeIgniter->createController()
 8 SYSTEMPATH/CodeIgniter.php(351): CodeIgniter\CodeIgniter->handleRequest(null, Object(Config\Cache), false)
 9 FCPATH/index.php(55): CodeIgniter\CodeIgniter->run()
ERROR - 2024-02-17 06:40:07 --> Error connecting to the database: Too many connections
CRITICAL - 2024-02-17 06:40:07 --> Unable to connect to the database.
Main connection [MySQLi]: Too many connections
in SYSTEMPATH/Database/BaseConnection.php on line 415.
 1 SYSTEMPATH/Database/BaseConnection.php(585): CodeIgniter\Database\BaseConnection->initialize()
 2 APPPATH/Models/Settings_model.php(47): CodeIgniter\Database\BaseConnection->query('SELECT seo_settings.setting_name,  seo_settings.setting_value
        FROM seo_settings
        WHERE seo_settings.deleted=0 AND (seo_settings.type = \'app\' OR (seo_settings.type =\'user\' AND seo_settings.setting_name LIKE \'user__%\'))')
 3 APPPATH/Controllers/AppController.php(31): App\Models\Settings_model->get_all_required_settings(false)
 4 APPPATH/Controllers/PostController.php(18): App\Controllers\AppController->__construct()
 5 SYSTEMPATH/CodeIgniter.php(860): App\Controllers\PostController->__construct()
 6 SYSTEMPATH/CodeIgniter.php(459): CodeIgniter\CodeIgniter->createController()
 7 SYSTEMPATH/CodeIgniter.php(351): CodeIgniter\CodeIgniter->handleRequest(null, Object(Config\Cache), false)
 8 FCPATH/index.php(55): CodeIgniter\CodeIgniter->run()
ERROR - 2024-02-17 06:45:08 --> Error connecting to the database: Too many connections
CRITICAL - 2024-02-17 06:45:08 --> Unable to connect to the database.
Main connection [MySQLi]: Too many connections
in SYSTEMPATH/Database/BaseConnection.php on line 415.
 1 SYSTEMPATH/Database/BaseConnection.php(585): CodeIgniter\Database\BaseConnection->initialize()
 2 APPPATH/Models/Users_model.php(613): CodeIgniter\Database\BaseConnection->query('SELECT * FROM seo_users ORDER BY id')
 3 APPPATH/Libraries/User_details.php(385): App\Models\Users_model->getUserDetails()
 4 APPPATH/Controllers/UiController.php(22): App\Libraries\User_details->getUserDetails()
 5 APPPATH/Controllers/Home.php(19): App\Controllers\UiController->__construct()
 6 SYSTEMPATH/CodeIgniter.php(860): App\Controllers\Home->__construct()
 7 SYSTEMPATH/CodeIgniter.php(459): CodeIgniter\CodeIgniter->createController()
 8 SYSTEMPATH/CodeIgniter.php(351): CodeIgniter\CodeIgniter->handleRequest(null, Object(Config\Cache), false)
 9 FCPATH/index.php(55): CodeIgniter\CodeIgniter->run()
ERROR - 2024-02-17 06:45:12 --> Error connecting to the database: Too many connections
CRITICAL - 2024-02-17 06:45:12 --> Unable to connect to the database.
Main connection [MySQLi]: Too many connections
in SYSTEMPATH/Database/BaseConnection.php on line 415.
 1 SYSTEMPATH/Database/BaseConnection.php(585): CodeIgniter\Database\BaseConnection->initialize()
 2 APPPATH/Models/Settings_model.php(47): CodeIgniter\Database\BaseConnection->query('SELECT seo_settings.setting_name,  seo_settings.setting_value
        FROM seo_settings
        WHERE seo_settings.deleted=0 AND (seo_settings.type = \'app\' OR (seo_settings.type =\'user\' AND seo_settings.setting_name LIKE \'user__%\'))')
 3 APPPATH/Controllers/AppController.php(31): App\Models\Settings_model->get_all_required_settings(false)
 4 APPPATH/Controllers/PostController.php(18): App\Controllers\AppController->__construct()
 5 SYSTEMPATH/CodeIgniter.php(860): App\Controllers\PostController->__construct()
 6 SYSTEMPATH/CodeIgniter.php(459): CodeIgniter\CodeIgniter->createController()
 7 SYSTEMPATH/CodeIgniter.php(351): CodeIgniter\CodeIgniter->handleRequest(null, Object(Config\Cache), false)
 8 FCPATH/index.php(55): CodeIgniter\CodeIgniter->run()
ERROR - 2024-02-17 06:45:12 --> Error connecting to the database: Too many connections
CRITICAL - 2024-02-17 06:45:12 --> Unable to connect to the database.
Main connection [MySQLi]: Too many connections
in SYSTEMPATH/Database/BaseConnection.php on line 415.
 1 SYSTEMPATH/Database/BaseConnection.php(585): CodeIgniter\Database\BaseConnection->initialize()
 2 APPPATH/Models/Users_model.php(613): CodeIgniter\Database\BaseConnection->query('SELECT * FROM seo_users ORDER BY id')
 3 APPPATH/Libraries/User_details.php(385): App\Models\Users_model->getUserDetails()
 4 APPPATH/Controllers/UiController.php(22): App\Libraries\User_details->getUserDetails()
 5 APPPATH/Controllers/ClickVisitController.php(13): App\Controllers\UiController->__construct()
 6 SYSTEMPATH/CodeIgniter.php(860): App\Controllers\ClickVisitController->__construct()
 7 SYSTEMPATH/CodeIgniter.php(459): CodeIgniter\CodeIgniter->createController()
 8 SYSTEMPATH/CodeIgniter.php(351): CodeIgniter\CodeIgniter->handleRequest(null, Object(Config\Cache), false)
 9 FCPATH/index.php(55): CodeIgniter\CodeIgniter->run()
ERROR - 2024-02-17 06:45:12 --> Error connecting to the database: Too many connections
CRITICAL - 2024-02-17 06:45:12 --> Unable to connect to the database.
Main connection [MySQLi]: Too many connections
in SYSTEMPATH/Database/BaseConnection.php on line 415.
 1 SYSTEMPATH/Database/BaseConnection.php(585): CodeIgniter\Database\BaseConnection->initialize()
 2 APPPATH/Models/Users_model.php(613): CodeIgniter\Database\BaseConnection->query('SELECT * FROM seo_users ORDER BY id')
 3 APPPATH/Libraries/User_details.php(385): App\Models\Users_model->getUserDetails()
 4 APPPATH/Controllers/UiController.php(22): App\Libraries\User_details->getUserDetails()
 5 APPPATH/Controllers/Home.php(19): App\Controllers\UiController->__construct()
 6 SYSTEMPATH/CodeIgniter.php(860): App\Controllers\Home->__construct()
 7 SYSTEMPATH/CodeIgniter.php(459): CodeIgniter\CodeIgniter->createController()
 8 SYSTEMPATH/CodeIgniter.php(351): CodeIgniter\CodeIgniter->handleRequest(null, Object(Config\Cache), false)
 9 FCPATH/index.php(55): CodeIgniter\CodeIgniter->run()
ERROR - 2024-02-17 06:45:13 --> Error connecting to the database: Too many connections
CRITICAL - 2024-02-17 06:45:13 --> Unable to connect to the database.
Main connection [MySQLi]: Too many connections
in SYSTEMPATH/Database/BaseConnection.php on line 415.
 1 SYSTEMPATH/Database/BaseConnection.php(585): CodeIgniter\Database\BaseConnection->initialize()
 2 APPPATH/Models/Users_model.php(613): CodeIgniter\Database\BaseConnection->query('SELECT * FROM seo_users ORDER BY id')
 3 APPPATH/Libraries/User_details.php(385): App\Models\Users_model->getUserDetails()
 4 APPPATH/Controllers/UiController.php(22): App\Libraries\User_details->getUserDetails()
 5 APPPATH/Controllers/Home.php(19): App\Controllers\UiController->__construct()
 6 SYSTEMPATH/CodeIgniter.php(860): App\Controllers\Home->__construct()
 7 SYSTEMPATH/CodeIgniter.php(459): CodeIgniter\CodeIgniter->createController()
 8 SYSTEMPATH/CodeIgniter.php(351): CodeIgniter\CodeIgniter->handleRequest(null, Object(Config\Cache), false)
 9 FCPATH/index.php(55): CodeIgniter\CodeIgniter->run()
ERROR - 2024-02-17 06:45:14 --> Error connecting to the database: Too many connections
CRITICAL - 2024-02-17 06:45:14 --> Unable to connect to the database.
Main connection [MySQLi]: Too many connections
in SYSTEMPATH/Database/BaseConnection.php on line 415.
 1 SYSTEMPATH/Database/BaseConnection.php(585): CodeIgniter\Database\BaseConnection->initialize()
 2 APPPATH/Models/Users_model.php(613): CodeIgniter\Database\BaseConnection->query('SELECT * FROM seo_users ORDER BY id')
 3 APPPATH/Libraries/User_details.php(385): App\Models\Users_model->getUserDetails()
 4 APPPATH/Controllers/UiController.php(22): App\Libraries\User_details->getUserDetails()
 5 APPPATH/Controllers/Home.php(19): App\Controllers\UiController->__construct()
 6 SYSTEMPATH/CodeIgniter.php(860): App\Controllers\Home->__construct()
 7 SYSTEMPATH/CodeIgniter.php(459): CodeIgniter\CodeIgniter->createController()
 8 SYSTEMPATH/CodeIgniter.php(351): CodeIgniter\CodeIgniter->handleRequest(null, Object(Config\Cache), false)
 9 FCPATH/index.php(55): CodeIgniter\CodeIgniter->run()
ERROR - 2024-02-17 06:45:15 --> Error connecting to the database: Too many connections
CRITICAL - 2024-02-17 06:45:15 --> Unable to connect to the database.
Main connection [MySQLi]: Too many connections
in SYSTEMPATH/Database/BaseConnection.php on line 415.
 1 SYSTEMPATH/Database/BaseConnection.php(585): CodeIgniter\Database\BaseConnection->initialize()
 2 APPPATH/Models/Users_model.php(613): CodeIgniter\Database\BaseConnection->query('SELECT * FROM seo_users ORDER BY id')
 3 APPPATH/Libraries/User_details.php(385): App\Models\Users_model->getUserDetails()
 4 APPPATH/Controllers/UiController.php(22): App\Libraries\User_details->getUserDetails()
 5 APPPATH/Controllers/Home.php(19): App\Controllers\UiController->__construct()
 6 SYSTEMPATH/CodeIgniter.php(860): App\Controllers\Home->__construct()
 7 SYSTEMPATH/CodeIgniter.php(459): CodeIgniter\CodeIgniter->createController()
 8 SYSTEMPATH/CodeIgniter.php(351): CodeIgniter\CodeIgniter->handleRequest(null, Object(Config\Cache), false)
 9 FCPATH/index.php(55): CodeIgniter\CodeIgniter->run()
ERROR - 2024-02-17 06:45:31 --> Error connecting to the database: Too many connections
CRITICAL - 2024-02-17 06:45:31 --> Unable to connect to the database.
Main connection [MySQLi]: Too many connections
in SYSTEMPATH/Database/BaseConnection.php on line 415.
 1 SYSTEMPATH/Database/BaseConnection.php(585): CodeIgniter\Database\BaseConnection->initialize()
 2 APPPATH/Models/Users_model.php(613): CodeIgniter\Database\BaseConnection->query('SELECT * FROM seo_users ORDER BY id')
 3 APPPATH/Libraries/User_details.php(385): App\Models\Users_model->getUserDetails()
 4 APPPATH/Controllers/UiController.php(22): App\Libraries\User_details->getUserDetails()
 5 APPPATH/Controllers/Custom.php(13): App\Controllers\UiController->__construct()
 6 SYSTEMPATH/CodeIgniter.php(860): App\Controllers\Custom->__construct()
 7 SYSTEMPATH/CodeIgniter.php(459): CodeIgniter\CodeIgniter->createController()
 8 SYSTEMPATH/CodeIgniter.php(351): CodeIgniter\CodeIgniter->handleRequest(null, Object(Config\Cache), false)
 9 FCPATH/index.php(55): CodeIgniter\CodeIgniter->run()
ERROR - 2024-02-17 06:45:36 --> Error connecting to the database: Too many connections
CRITICAL - 2024-02-17 06:45:36 --> Unable to connect to the database.
Main connection [MySQLi]: Too many connections
in SYSTEMPATH/Database/BaseConnection.php on line 415.
 1 SYSTEMPATH/Database/BaseConnection.php(585): CodeIgniter\Database\BaseConnection->initialize()
 2 APPPATH/Models/Users_model.php(613): CodeIgniter\Database\BaseConnection->query('SELECT * FROM seo_users ORDER BY id')
 3 APPPATH/Libraries/User_details.php(385): App\Models\Users_model->getUserDetails()
 4 APPPATH/Controllers/UiController.php(22): App\Libraries\User_details->getUserDetails()
 5 APPPATH/Controllers/Home.php(19): App\Controllers\UiController->__construct()
 6 SYSTEMPATH/CodeIgniter.php(860): App\Controllers\Home->__construct()
 7 SYSTEMPATH/CodeIgniter.php(459): CodeIgniter\CodeIgniter->createController()
 8 SYSTEMPATH/CodeIgniter.php(351): CodeIgniter\CodeIgniter->handleRequest(null, Object(Config\Cache), false)
 9 FCPATH/index.php(55): CodeIgniter\CodeIgniter->run()
ERROR - 2024-02-17 06:46:28 --> Error connecting to the database: Too many connections
CRITICAL - 2024-02-17 06:46:28 --> Unable to connect to the database.
Main connection [MySQLi]: Too many connections
in SYSTEMPATH/Database/BaseConnection.php on line 415.
 1 SYSTEMPATH/Database/BaseConnection.php(585): CodeIgniter\Database\BaseConnection->initialize()
 2 APPPATH/Models/Users_model.php(613): CodeIgniter\Database\BaseConnection->query('SELECT * FROM seo_users ORDER BY id')
 3 APPPATH/Libraries/User_details.php(385): App\Models\Users_model->getUserDetails()
 4 APPPATH/Controllers/UiController.php(22): App\Libraries\User_details->getUserDetails()
 5 APPPATH/Controllers/ClickVisitController.php(13): App\Controllers\UiController->__construct()
 6 SYSTEMPATH/CodeIgniter.php(860): App\Controllers\ClickVisitController->__construct()
 7 SYSTEMPATH/CodeIgniter.php(459): CodeIgniter\CodeIgniter->createController()
 8 SYSTEMPATH/CodeIgniter.php(351): CodeIgniter\CodeIgniter->handleRequest(null, Object(Config\Cache), false)
 9 FCPATH/index.php(55): CodeIgniter\CodeIgniter->run()
ERROR - 2024-02-17 06:46:28 --> Error connecting to the database: Too many connections
CRITICAL - 2024-02-17 06:46:28 --> Unable to connect to the database.
Main connection [MySQLi]: Too many connections
in SYSTEMPATH/Database/BaseConnection.php on line 415.
 1 SYSTEMPATH/Database/BaseConnection.php(585): CodeIgniter\Database\BaseConnection->initialize()
 2 APPPATH/Models/Settings_model.php(47): CodeIgniter\Database\BaseConnection->query('SELECT seo_settings.setting_name,  seo_settings.setting_value
        FROM seo_settings
        WHERE seo_settings.deleted=0 AND (seo_settings.type = \'app\' OR (seo_settings.type =\'user\' AND seo_settings.setting_name LIKE \'user__%\'))')
 3 APPPATH/Controllers/AppController.php(31): App\Models\Settings_model->get_all_required_settings(false)
 4 APPPATH/Controllers/PostController.php(18): App\Controllers\AppController->__construct()
 5 SYSTEMPATH/CodeIgniter.php(860): App\Controllers\PostController->__construct()
 6 SYSTEMPATH/CodeIgniter.php(459): CodeIgniter\CodeIgniter->createController()
 7 SYSTEMPATH/CodeIgniter.php(351): CodeIgniter\CodeIgniter->handleRequest(null, Object(Config\Cache), false)
 8 FCPATH/index.php(55): CodeIgniter\CodeIgniter->run()
ERROR - 2024-02-17 06:46:38 --> Error connecting to the database: Too many connections
CRITICAL - 2024-02-17 06:46:38 --> Unable to connect to the database.
Main connection [MySQLi]: Too many connections
in SYSTEMPATH/Database/BaseConnection.php on line 415.
 1 SYSTEMPATH/Database/BaseConnection.php(585): CodeIgniter\Database\BaseConnection->initialize()
 2 APPPATH/Models/Users_model.php(613): CodeIgniter\Database\BaseConnection->query('SELECT * FROM seo_users ORDER BY id')
 3 APPPATH/Libraries/User_details.php(385): App\Models\Users_model->getUserDetails()
 4 APPPATH/Controllers/UiController.php(22): App\Libraries\User_details->getUserDetails()
 5 APPPATH/Controllers/Custom.php(13): App\Controllers\UiController->__construct()
 6 SYSTEMPATH/CodeIgniter.php(860): App\Controllers\Custom->__construct()
 7 SYSTEMPATH/CodeIgniter.php(459): CodeIgniter\CodeIgniter->createController()
 8 SYSTEMPATH/CodeIgniter.php(351): CodeIgniter\CodeIgniter->handleRequest(null, Object(Config\Cache), false)
 9 FCPATH/index.php(55): CodeIgniter\CodeIgniter->run()
ERROR - 2024-02-17 06:46:38 --> Error connecting to the database: Too many connections
CRITICAL - 2024-02-17 06:46:38 --> Unable to connect to the database.
Main connection [MySQLi]: Too many connections
in SYSTEMPATH/Database/BaseConnection.php on line 415.
 1 SYSTEMPATH/Database/BaseConnection.php(585): CodeIgniter\Database\BaseConnection->initialize()
 2 APPPATH/Models/Settings_model.php(47): CodeIgniter\Database\BaseConnection->query('SELECT seo_settings.setting_name,  seo_settings.setting_value
        FROM seo_settings
        WHERE seo_settings.deleted=0 AND (seo_settings.type = \'app\' OR (seo_settings.type =\'user\' AND seo_settings.setting_name LIKE \'user__%\'))')
 3 APPPATH/Controllers/AppController.php(31): App\Models\Settings_model->get_all_required_settings(false)
 4 APPPATH/Controllers/PostController.php(18): App\Controllers\AppController->__construct()
 5 SYSTEMPATH/CodeIgniter.php(860): App\Controllers\PostController->__construct()
 6 SYSTEMPATH/CodeIgniter.php(459): CodeIgniter\CodeIgniter->createController()
 7 SYSTEMPATH/CodeIgniter.php(351): CodeIgniter\CodeIgniter->handleRequest(null, Object(Config\Cache), false)
 8 FCPATH/index.php(55): CodeIgniter\CodeIgniter->run()
ERROR - 2024-02-17 06:46:38 --> Error connecting to the database: Too many connections
CRITICAL - 2024-02-17 06:46:38 --> Unable to connect to the database.
Main connection [MySQLi]: Too many connections
in SYSTEMPATH/Database/BaseConnection.php on line 415.
 1 SYSTEMPATH/Database/BaseConnection.php(585): CodeIgniter\Database\BaseConnection->initialize()
 2 APPPATH/Models/Users_model.php(613): CodeIgniter\Database\BaseConnection->query('SELECT * FROM seo_users ORDER BY id')
 3 APPPATH/Libraries/User_details.php(385): App\Models\Users_model->getUserDetails()
 4 APPPATH/Controllers/UiController.php(22): App\Libraries\User_details->getUserDetails()
 5 APPPATH/Controllers/ClickVisitController.php(13): App\Controllers\UiController->__construct()
 6 SYSTEMPATH/CodeIgniter.php(860): App\Controllers\ClickVisitController->__construct()
 7 SYSTEMPATH/CodeIgniter.php(459): CodeIgniter\CodeIgniter->createController()
 8 SYSTEMPATH/CodeIgniter.php(351): CodeIgniter\CodeIgniter->handleRequest(null, Object(Config\Cache), false)
 9 FCPATH/index.php(55): CodeIgniter\CodeIgniter->run()
ERROR - 2024-02-17 06:46:38 --> Error connecting to the database: Too many connections
CRITICAL - 2024-02-17 06:46:38 --> Unable to connect to the database.
Main connection [MySQLi]: Too many connections
in SYSTEMPATH/Database/BaseConnection.php on line 415.
 1 SYSTEMPATH/Database/BaseConnection.php(585): CodeIgniter\Database\BaseConnection->initialize()
 2 APPPATH/Models/Users_model.php(613): CodeIgniter\Database\BaseConnection->query('SELECT * FROM seo_users ORDER BY id')
 3 APPPATH/Libraries/User_details.php(385): App\Models\Users_model->getUserDetails()
 4 APPPATH/Controllers/UiController.php(22): App\Libraries\User_details->getUserDetails()
 5 APPPATH/Controllers/Home.php(19): App\Controllers\UiController->__construct()
 6 SYSTEMPATH/CodeIgniter.php(860): App\Controllers\Home->__construct()
 7 SYSTEMPATH/CodeIgniter.php(459): CodeIgniter\CodeIgniter->createController()
 8 SYSTEMPATH/CodeIgniter.php(351): CodeIgniter\CodeIgniter->handleRequest(null, Object(Config\Cache), false)
 9 FCPATH/index.php(55): CodeIgniter\CodeIgniter->run()
ERROR - 2024-02-17 06:46:42 --> Error connecting to the database: Too many connections
CRITICAL - 2024-02-17 06:46:42 --> Unable to connect to the database.
Main connection [MySQLi]: Too many connections
in SYSTEMPATH/Database/BaseConnection.php on line 415.
 1 SYSTEMPATH/Database/BaseConnection.php(585): CodeIgniter\Database\BaseConnection->initialize()
 2 APPPATH/Models/Users_model.php(613): CodeIgniter\Database\BaseConnection->query('SELECT * FROM seo_users ORDER BY id')
 3 APPPATH/Libraries/User_details.php(385): App\Models\Users_model->getUserDetails()
 4 APPPATH/Controllers/UiController.php(22): App\Libraries\User_details->getUserDetails()
 5 APPPATH/Controllers/Custom.php(13): App\Controllers\UiController->__construct()
 6 SYSTEMPATH/CodeIgniter.php(860): App\Controllers\Custom->__construct()
 7 SYSTEMPATH/CodeIgniter.php(459): CodeIgniter\CodeIgniter->createController()
 8 SYSTEMPATH/CodeIgniter.php(351): CodeIgniter\CodeIgniter->handleRequest(null, Object(Config\Cache), false)
 9 FCPATH/index.php(55): CodeIgniter\CodeIgniter->run()
ERROR - 2024-02-17 06:46:42 --> Error connecting to the database: Too many connections
CRITICAL - 2024-02-17 06:46:42 --> Unable to connect to the database.
Main connection [MySQLi]: Too many connections
in SYSTEMPATH/Database/BaseConnection.php on line 415.
 1 SYSTEMPATH/Database/BaseConnection.php(585): CodeIgniter\Database\BaseConnection->initialize()
 2 APPPATH/Models/Users_model.php(613): CodeIgniter\Database\BaseConnection->query('SELECT * FROM seo_users ORDER BY id')
 3 APPPATH/Libraries/User_details.php(385): App\Models\Users_model->getUserDetails()
 4 APPPATH/Controllers/UiController.php(22): App\Libraries\User_details->getUserDetails()
 5 APPPATH/Controllers/ClickVisitController.php(13): App\Controllers\UiController->__construct()
 6 SYSTEMPATH/CodeIgniter.php(860): App\Controllers\ClickVisitController->__construct()
 7 SYSTEMPATH/CodeIgniter.php(459): CodeIgniter\CodeIgniter->createController()
 8 SYSTEMPATH/CodeIgniter.php(351): CodeIgniter\CodeIgniter->handleRequest(null, Object(Config\Cache), false)
 9 FCPATH/index.php(55): CodeIgniter\CodeIgniter->run()
ERROR - 2024-02-17 06:46:42 --> Error connecting to the database: Too many connections
CRITICAL - 2024-02-17 06:46:42 --> Unable to connect to the database.
Main connection [MySQLi]: Too many connections
in SYSTEMPATH/Database/BaseConnection.php on line 415.
 1 SYSTEMPATH/Database/BaseConnection.php(585): CodeIgniter\Database\BaseConnection->initialize()
 2 APPPATH/Models/Settings_model.php(47): CodeIgniter\Database\BaseConnection->query('SELECT seo_settings.setting_name,  seo_settings.setting_value
        FROM seo_settings
        WHERE seo_settings.deleted=0 AND (seo_settings.type = \'app\' OR (seo_settings.type =\'user\' AND seo_settings.setting_name LIKE \'user__%\'))')
 3 APPPATH/Controllers/AppController.php(31): App\Models\Settings_model->get_all_required_settings(false)
 4 APPPATH/Controllers/PostController.php(18): App\Controllers\AppController->__construct()
 5 SYSTEMPATH/CodeIgniter.php(860): App\Controllers\PostController->__construct()
 6 SYSTEMPATH/CodeIgniter.php(459): CodeIgniter\CodeIgniter->createController()
 7 SYSTEMPATH/CodeIgniter.php(351): CodeIgniter\CodeIgniter->handleRequest(null, Object(Config\Cache), false)
 8 FCPATH/index.php(55): CodeIgniter\CodeIgniter->run()
ERROR - 2024-02-17 06:46:44 --> Error connecting to the database: Too many connections
CRITICAL - 2024-02-17 06:46:44 --> Unable to connect to the database.
Main connection [MySQLi]: Too many connections
in SYSTEMPATH/Database/BaseConnection.php on line 415.
 1 SYSTEMPATH/Database/BaseConnection.php(585): CodeIgniter\Database\BaseConnection->initialize()
 2 APPPATH/Models/Users_model.php(613): CodeIgniter\Database\BaseConnection->query('SELECT * FROM seo_users ORDER BY id')
 3 APPPATH/Libraries/User_details.php(385): App\Models\Users_model->getUserDetails()
 4 APPPATH/Controllers/UiController.php(22): App\Libraries\User_details->getUserDetails()
 5 APPPATH/Controllers/Home.php(19): App\Controllers\UiController->__construct()
 6 SYSTEMPATH/CodeIgniter.php(860): App\Controllers\Home->__construct()
 7 SYSTEMPATH/CodeIgniter.php(459): CodeIgniter\CodeIgniter->createController()
 8 SYSTEMPATH/CodeIgniter.php(351): CodeIgniter\CodeIgniter->handleRequest(null, Object(Config\Cache), false)
 9 FCPATH/index.php(55): CodeIgniter\CodeIgniter->run()
ERROR - 2024-02-17 06:46:46 --> Error connecting to the database: Too many connections
CRITICAL - 2024-02-17 06:46:46 --> Unable to connect to the database.
Main connection [MySQLi]: Too many connections
in SYSTEMPATH/Database/BaseConnection.php on line 415.
 1 SYSTEMPATH/Database/BaseConnection.php(585): CodeIgniter\Database\BaseConnection->initialize()
 2 APPPATH/Models/Users_model.php(613): CodeIgniter\Database\BaseConnection->query('SELECT * FROM seo_users ORDER BY id')
 3 APPPATH/Libraries/User_details.php(385): App\Models\Users_model->getUserDetails()
 4 APPPATH/Controllers/UiController.php(22): App\Libraries\User_details->getUserDetails()
 5 APPPATH/Controllers/Home.php(19): App\Controllers\UiController->__construct()
 6 SYSTEMPATH/CodeIgniter.php(860): App\Controllers\Home->__construct()
 7 SYSTEMPATH/CodeIgniter.php(459): CodeIgniter\CodeIgniter->createController()
 8 SYSTEMPATH/CodeIgniter.php(351): CodeIgniter\CodeIgniter->handleRequest(null, Object(Config\Cache), false)
 9 FCPATH/index.php(55): CodeIgniter\CodeIgniter->run()
ERROR - 2024-02-17 06:46:48 --> Error connecting to the database: Too many connections
CRITICAL - 2024-02-17 06:46:48 --> Unable to connect to the database.
Main connection [MySQLi]: Too many connections
in SYSTEMPATH/Database/BaseConnection.php on line 415.
 1 SYSTEMPATH/Database/BaseConnection.php(585): CodeIgniter\Database\BaseConnection->initialize()
 2 APPPATH/Models/Users_model.php(613): CodeIgniter\Database\BaseConnection->query('SELECT * FROM seo_users ORDER BY id')
 3 APPPATH/Libraries/User_details.php(385): App\Models\Users_model->getUserDetails()
 4 APPPATH/Controllers/UiController.php(22): App\Libraries\User_details->getUserDetails()
 5 APPPATH/Controllers/Custom.php(13): App\Controllers\UiController->__construct()
 6 SYSTEMPATH/CodeIgniter.php(860): App\Controllers\Custom->__construct()
 7 SYSTEMPATH/CodeIgniter.php(459): CodeIgniter\CodeIgniter->createController()
 8 SYSTEMPATH/CodeIgniter.php(351): CodeIgniter\CodeIgniter->handleRequest(null, Object(Config\Cache), false)
 9 FCPATH/index.php(55): CodeIgniter\CodeIgniter->run()
ERROR - 2024-02-17 06:46:48 --> Error connecting to the database: Too many connections
CRITICAL - 2024-02-17 06:46:48 --> Unable to connect to the database.
Main connection [MySQLi]: Too many connections
in SYSTEMPATH/Database/BaseConnection.php on line 415.
 1 SYSTEMPATH/Database/BaseConnection.php(585): CodeIgniter\Database\BaseConnection->initialize()
 2 APPPATH/Models/Users_model.php(613): CodeIgniter\Database\BaseConnection->query('SELECT * FROM seo_users ORDER BY id')
 3 APPPATH/Libraries/User_details.php(385): App\Models\Users_model->getUserDetails()
 4 APPPATH/Controllers/UiController.php(22): App\Libraries\User_details->getUserDetails()
 5 APPPATH/Controllers/ClickVisitController.php(13): App\Controllers\UiController->__construct()
 6 SYSTEMPATH/CodeIgniter.php(860): App\Controllers\ClickVisitController->__construct()
 7 SYSTEMPATH/CodeIgniter.php(459): CodeIgniter\CodeIgniter->createController()
 8 SYSTEMPATH/CodeIgniter.php(351): CodeIgniter\CodeIgniter->handleRequest(null, Object(Config\Cache), false)
 9 FCPATH/index.php(55): CodeIgniter\CodeIgniter->run()
ERROR - 2024-02-17 06:46:48 --> Error connecting to the database: Too many connections
CRITICAL - 2024-02-17 06:46:48 --> Unable to connect to the database.
Main connection [MySQLi]: Too many connections
in SYSTEMPATH/Database/BaseConnection.php on line 415.
 1 SYSTEMPATH/Database/BaseConnection.php(585): CodeIgniter\Database\BaseConnection->initialize()
 2 APPPATH/Models/Settings_model.php(47): CodeIgniter\Database\BaseConnection->query('SELECT seo_settings.setting_name,  seo_settings.setting_value
        FROM seo_settings
        WHERE seo_settings.deleted=0 AND (seo_settings.type = \'app\' OR (seo_settings.type =\'user\' AND seo_settings.setting_name LIKE \'user__%\'))')
 3 APPPATH/Controllers/AppController.php(31): App\Models\Settings_model->get_all_required_settings(false)
 4 APPPATH/Controllers/PostController.php(18): App\Controllers\AppController->__construct()
 5 SYSTEMPATH/CodeIgniter.php(860): App\Controllers\PostController->__construct()
 6 SYSTEMPATH/CodeIgniter.php(459): CodeIgniter\CodeIgniter->createController()
 7 SYSTEMPATH/CodeIgniter.php(351): CodeIgniter\CodeIgniter->handleRequest(null, Object(Config\Cache), false)
 8 FCPATH/index.php(55): CodeIgniter\CodeIgniter->run()
ERROR - 2024-02-17 06:46:54 --> Error connecting to the database: Too many connections
CRITICAL - 2024-02-17 06:46:54 --> Unable to connect to the database.
Main connection [MySQLi]: Too many connections
in SYSTEMPATH/Database/BaseConnection.php on line 415.
 1 SYSTEMPATH/Database/BaseConnection.php(585): CodeIgniter\Database\BaseConnection->initialize()
 2 APPPATH/Models/Users_model.php(613): CodeIgniter\Database\BaseConnection->query('SELECT * FROM seo_users ORDER BY id')
 3 APPPATH/Libraries/User_details.php(385): App\Models\Users_model->getUserDetails()
 4 APPPATH/Controllers/UiController.php(22): App\Libraries\User_details->getUserDetails()
 5 APPPATH/Controllers/Home.php(19): App\Controllers\UiController->__construct()
 6 SYSTEMPATH/CodeIgniter.php(860): App\Controllers\Home->__construct()
 7 SYSTEMPATH/CodeIgniter.php(459): CodeIgniter\CodeIgniter->createController()
 8 SYSTEMPATH/CodeIgniter.php(351): CodeIgniter\CodeIgniter->handleRequest(null, Object(Config\Cache), false)
 9 FCPATH/index.php(55): CodeIgniter\CodeIgniter->run()
ERROR - 2024-02-17 06:46:56 --> Error connecting to the database: Too many connections
CRITICAL - 2024-02-17 06:46:56 --> Unable to connect to the database.
Main connection [MySQLi]: Too many connections
in SYSTEMPATH/Database/BaseConnection.php on line 415.
 1 SYSTEMPATH/Database/BaseConnection.php(585): CodeIgniter\Database\BaseConnection->initialize()
 2 APPPATH/Models/Users_model.php(613): CodeIgniter\Database\BaseConnection->query('SELECT * FROM seo_users ORDER BY id')
 3 APPPATH/Libraries/User_details.php(385): App\Models\Users_model->getUserDetails()
 4 APPPATH/Controllers/UiController.php(22): App\Libraries\User_details->getUserDetails()
 5 APPPATH/Controllers/Custom.php(13): App\Controllers\UiController->__construct()
 6 SYSTEMPATH/CodeIgniter.php(860): App\Controllers\Custom->__construct()
 7 SYSTEMPATH/CodeIgniter.php(459): CodeIgniter\CodeIgniter->createController()
 8 SYSTEMPATH/CodeIgniter.php(351): CodeIgniter\CodeIgniter->handleRequest(null, Object(Config\Cache), false)
 9 FCPATH/index.php(55): CodeIgniter\CodeIgniter->run()
ERROR - 2024-02-17 06:46:56 --> Error connecting to the database: Too many connections
CRITICAL - 2024-02-17 06:46:56 --> Unable to connect to the database.
Main connection [MySQLi]: Too many connections
in SYSTEMPATH/Database/BaseConnection.php on line 415.
 1 SYSTEMPATH/Database/BaseConnection.php(585): CodeIgniter\Database\BaseConnection->initialize()
 2 APPPATH/Models/Users_model.php(613): CodeIgniter\Database\BaseConnection->query('SELECT * FROM seo_users ORDER BY id')
 3 APPPATH/Libraries/User_details.php(385): App\Models\Users_model->getUserDetails()
 4 APPPATH/Controllers/UiController.php(22): App\Libraries\User_details->getUserDetails()
 5 APPPATH/Controllers/ClickVisitController.php(13): App\Controllers\UiController->__construct()
 6 SYSTEMPATH/CodeIgniter.php(860): App\Controllers\ClickVisitController->__construct()
 7 SYSTEMPATH/CodeIgniter.php(459): CodeIgniter\CodeIgniter->createController()
 8 SYSTEMPATH/CodeIgniter.php(351): CodeIgniter\CodeIgniter->handleRequest(null, Object(Config\Cache), false)
 9 FCPATH/index.php(55): CodeIgniter\CodeIgniter->run()
ERROR - 2024-02-17 06:46:56 --> Error connecting to the database: Too many connections
CRITICAL - 2024-02-17 06:46:56 --> Unable to connect to the database.
Main connection [MySQLi]: Too many connections
in SYSTEMPATH/Database/BaseConnection.php on line 415.
 1 SYSTEMPATH/Database/BaseConnection.php(585): CodeIgniter\Database\BaseConnection->initialize()
 2 APPPATH/Models/Settings_model.php(47): CodeIgniter\Database\BaseConnection->query('SELECT seo_settings.setting_name,  seo_settings.setting_value
        FROM seo_settings
        WHERE seo_settings.deleted=0 AND (seo_settings.type = \'app\' OR (seo_settings.type =\'user\' AND seo_settings.setting_name LIKE \'user__%\'))')
 3 APPPATH/Controllers/AppController.php(31): App\Models\Settings_model->get_all_required_settings(false)
 4 APPPATH/Controllers/PostController.php(18): App\Controllers\AppController->__construct()
 5 SYSTEMPATH/CodeIgniter.php(860): App\Controllers\PostController->__construct()
 6 SYSTEMPATH/CodeIgniter.php(459): CodeIgniter\CodeIgniter->createController()
 7 SYSTEMPATH/CodeIgniter.php(351): CodeIgniter\CodeIgniter->handleRequest(null, Object(Config\Cache), false)
 8 FCPATH/index.php(55): CodeIgniter\CodeIgniter->run()
ERROR - 2024-02-17 06:46:58 --> Error connecting to the database: Too many connections
CRITICAL - 2024-02-17 06:46:58 --> Unable to connect to the database.
Main connection [MySQLi]: Too many connections
in SYSTEMPATH/Database/BaseConnection.php on line 415.
 1 SYSTEMPATH/Database/BaseConnection.php(585): CodeIgniter\Database\BaseConnection->initialize()
 2 APPPATH/Models/Settings_model.php(47): CodeIgniter\Database\BaseConnection->query('SELECT seo_settings.setting_name,  seo_settings.setting_value
        FROM seo_settings
        WHERE seo_settings.deleted=0 AND (seo_settings.type = \'app\' OR (seo_settings.type =\'user\' AND seo_settings.setting_name LIKE \'user__%\'))')
 3 APPPATH/Controllers/AppController.php(31): App\Models\Settings_model->get_all_required_settings(false)
 4 APPPATH/Controllers/PostController.php(18): App\Controllers\AppController->__construct()
 5 SYSTEMPATH/CodeIgniter.php(860): App\Controllers\PostController->__construct()
 6 SYSTEMPATH/CodeIgniter.php(459): CodeIgniter\CodeIgniter->createController()
 7 SYSTEMPATH/CodeIgniter.php(351): CodeIgniter\CodeIgniter->handleRequest(null, Object(Config\Cache), false)
 8 FCPATH/index.php(55): CodeIgniter\CodeIgniter->run()
ERROR - 2024-02-17 06:46:58 --> Error connecting to the database: Too many connections
CRITICAL - 2024-02-17 06:46:58 --> Unable to connect to the database.
Main connection [MySQLi]: Too many connections
in SYSTEMPATH/Database/BaseConnection.php on line 415.
 1 SYSTEMPATH/Database/BaseConnection.php(585): CodeIgniter\Database\BaseConnection->initialize()
 2 APPPATH/Models/Users_model.php(613): CodeIgniter\Database\BaseConnection->query('SELECT * FROM seo_users ORDER BY id')
 3 APPPATH/Libraries/User_details.php(385): App\Models\Users_model->getUserDetails()
 4 APPPATH/Controllers/UiController.php(22): App\Libraries\User_details->getUserDetails()
 5 APPPATH/Controllers/ClickVisitController.php(13): App\Controllers\UiController->__construct()
 6 SYSTEMPATH/CodeIgniter.php(860): App\Controllers\ClickVisitController->__construct()
 7 SYSTEMPATH/CodeIgniter.php(459): CodeIgniter\CodeIgniter->createController()
 8 SYSTEMPATH/CodeIgniter.php(351): CodeIgniter\CodeIgniter->handleRequest(null, Object(Config\Cache), false)
 9 FCPATH/index.php(55): CodeIgniter\CodeIgniter->run()
ERROR - 2024-02-17 06:47:04 --> Error connecting to the database: Too many connections
CRITICAL - 2024-02-17 06:47:04 --> Unable to connect to the database.
Main connection [MySQLi]: Too many connections
in SYSTEMPATH/Database/BaseConnection.php on line 415.
 1 SYSTEMPATH/Database/BaseConnection.php(585): CodeIgniter\Database\BaseConnection->initialize()
 2 APPPATH/Models/Users_model.php(613): CodeIgniter\Database\BaseConnection->query('SELECT * FROM seo_users ORDER BY id')
 3 APPPATH/Libraries/User_details.php(385): App\Models\Users_model->getUserDetails()
 4 APPPATH/Controllers/UiController.php(22): App\Libraries\User_details->getUserDetails()
 5 APPPATH/Controllers/Home.php(19): App\Controllers\UiController->__construct()
 6 SYSTEMPATH/CodeIgniter.php(860): App\Controllers\Home->__construct()
 7 SYSTEMPATH/CodeIgniter.php(459): CodeIgniter\CodeIgniter->createController()
 8 SYSTEMPATH/CodeIgniter.php(351): CodeIgniter\CodeIgniter->handleRequest(null, Object(Config\Cache), false)
 9 FCPATH/index.php(55): CodeIgniter\CodeIgniter->run()
ERROR - 2024-02-17 06:47:06 --> Error connecting to the database: Too many connections
CRITICAL - 2024-02-17 06:47:06 --> Unable to connect to the database.
Main connection [MySQLi]: Too many connections
in SYSTEMPATH/Database/BaseConnection.php on line 415.
 1 SYSTEMPATH/Database/BaseConnection.php(585): CodeIgniter\Database\BaseConnection->initialize()
 2 APPPATH/Models/Users_model.php(613): CodeIgniter\Database\BaseConnection->query('SELECT * FROM seo_users ORDER BY id')
 3 APPPATH/Libraries/User_details.php(385): App\Models\Users_model->getUserDetails()
 4 APPPATH/Controllers/UiController.php(22): App\Libraries\User_details->getUserDetails()
 5 APPPATH/Controllers/Home.php(19): App\Controllers\UiController->__construct()
 6 SYSTEMPATH/CodeIgniter.php(860): App\Controllers\Home->__construct()
 7 SYSTEMPATH/CodeIgniter.php(459): CodeIgniter\CodeIgniter->createController()
 8 SYSTEMPATH/CodeIgniter.php(351): CodeIgniter\CodeIgniter->handleRequest(null, Object(Config\Cache), false)
 9 FCPATH/index.php(55): CodeIgniter\CodeIgniter->run()
ERROR - 2024-02-17 10:17:29 --> Error connecting to the database: Too many connections
CRITICAL - 2024-02-17 10:17:29 --> Unable to connect to the database.
Main connection [MySQLi]: Too many connections
in SYSTEMPATH/Database/BaseConnection.php on line 415.
 1 SYSTEMPATH/Database/BaseConnection.php(585): CodeIgniter\Database\BaseConnection->initialize()
 2 APPPATH/Models/Settings_model.php(47): CodeIgniter\Database\BaseConnection->query('SELECT seo_settings.setting_name,  seo_settings.setting_value
        FROM seo_settings
        WHERE seo_settings.deleted=0 AND (seo_settings.type = \'app\' OR (seo_settings.type =\'user\' AND seo_settings.setting_name LIKE \'user__%\'))')
 3 APPPATH/Controllers/AppController.php(31): App\Models\Settings_model->get_all_required_settings(false)
 4 APPPATH/Controllers/PostController.php(18): App\Controllers\AppController->__construct()
 5 SYSTEMPATH/CodeIgniter.php(860): App\Controllers\PostController->__construct()
 6 SYSTEMPATH/CodeIgniter.php(459): CodeIgniter\CodeIgniter->createController()
 7 SYSTEMPATH/CodeIgniter.php(351): CodeIgniter\CodeIgniter->handleRequest(null, Object(Config\Cache), false)
 8 FCPATH/index.php(55): CodeIgniter\CodeIgniter->run()
ERROR - 2024-02-17 10:40:45 --> Error connecting to the database: Too many connections
CRITICAL - 2024-02-17 10:40:45 --> Unable to connect to the database.
Main connection [MySQLi]: Too many connections
in SYSTEMPATH/Database/BaseConnection.php on line 415.
 1 SYSTEMPATH/Database/BaseConnection.php(585): CodeIgniter\Database\BaseConnection->initialize()
 2 APPPATH/Models/Users_model.php(613): CodeIgniter\Database\BaseConnection->query('SELECT * FROM seo_users ORDER BY id')
 3 APPPATH/Libraries/User_details.php(385): App\Models\Users_model->getUserDetails()
 4 APPPATH/Controllers/UiController.php(22): App\Libraries\User_details->getUserDetails()
 5 APPPATH/Controllers/Home.php(19): App\Controllers\UiController->__construct()
 6 SYSTEMPATH/CodeIgniter.php(860): App\Controllers\Home->__construct()
 7 SYSTEMPATH/CodeIgniter.php(459): CodeIgniter\CodeIgniter->createController()
 8 SYSTEMPATH/CodeIgniter.php(351): CodeIgniter\CodeIgniter->handleRequest(null, Object(Config\Cache), false)
 9 FCPATH/index.php(55): CodeIgniter\CodeIgniter->run()
CRITICAL - 2024-02-17 12:58:19 --> Invalid argument supplied for foreach()
in APPPATH/Views/theme1/frontend/update_detail.php on line 149.
 1 APPPATH/Views/theme1/frontend/update_detail.php(149): CodeIgniter\Debug\Exceptions->errorHandler(2, 'Invalid argument supplied for foreach()', 'APPPATH/Views/theme1/frontend/update_detail.php', 149, [...])
 2 SYSTEMPATH/View/View.php(213): include('APPPATH/Views/theme1/frontend/update_detail.php')
 3 SYSTEMPATH/View/View.php(216): CodeIgniter\View\View->CodeIgniter\View\{closure}()
 4 SYSTEMPATH/Common.php(1135): CodeIgniter\View\View->render('theme1/frontend/update_detail', [], true)
 5 APPPATH/Controllers/Update.php(146): view('theme1/frontend/update_detail', [...])
 6 SYSTEMPATH/CodeIgniter.php(898): App\Controllers\Update->update_details()
 7 SYSTEMPATH/CodeIgniter.php(468): CodeIgniter\CodeIgniter->runController(Object(App\Controllers\Update))
 8 SYSTEMPATH/CodeIgniter.php(351): CodeIgniter\CodeIgniter->handleRequest(null, Object(Config\Cache), false)
 9 FCPATH/index.php(55): CodeIgniter\CodeIgniter->run()
CRITICAL - 2024-02-17 13:33:53 --> Invalid argument supplied for foreach()
in APPPATH/Views/theme1/frontend/update_detail.php on line 149.
 1 APPPATH/Views/theme1/frontend/update_detail.php(149): CodeIgniter\Debug\Exceptions->errorHandler(2, 'Invalid argument supplied for foreach()', 'APPPATH/Views/theme1/frontend/update_detail.php', 149, [...])
 2 SYSTEMPATH/View/View.php(213): include('APPPATH/Views/theme1/frontend/update_detail.php')
 3 SYSTEMPATH/View/View.php(216): CodeIgniter\View\View->CodeIgniter\View\{closure}()
 4 SYSTEMPATH/Common.php(1135): CodeIgniter\View\View->render('theme1/frontend/update_detail', [], true)
 5 APPPATH/Controllers/Update.php(146): view('theme1/frontend/update_detail', [...])
 6 SYSTEMPATH/CodeIgniter.php(898): App\Controllers\Update->update_details()
 7 SYSTEMPATH/CodeIgniter.php(468): CodeIgniter\CodeIgniter->runController(Object(App\Controllers\Update))
 8 SYSTEMPATH/CodeIgniter.php(351): CodeIgniter\CodeIgniter->handleRequest(null, Object(Config\Cache), false)
 9 FCPATH/index.php(55): CodeIgniter\CodeIgniter->run()
CRITICAL - 2024-02-17 13:57:24 --> Invalid argument supplied for foreach()
in APPPATH/Views/theme1/frontend/update_detail.php on line 149.
 1 APPPATH/Views/theme1/frontend/update_detail.php(149): CodeIgniter\Debug\Exceptions->errorHandler(2, 'Invalid argument supplied for foreach()', 'APPPATH/Views/theme1/frontend/update_detail.php', 149, [...])
 2 SYSTEMPATH/View/View.php(213): include('APPPATH/Views/theme1/frontend/update_detail.php')
 3 SYSTEMPATH/View/View.php(216): CodeIgniter\View\View->CodeIgniter\View\{closure}()
 4 SYSTEMPATH/Common.php(1135): CodeIgniter\View\View->render('theme1/frontend/update_detail', [], true)
 5 APPPATH/Controllers/Update.php(146): view('theme1/frontend/update_detail', [...])
 6 SYSTEMPATH/CodeIgniter.php(898): App\Controllers\Update->update_details()
 7 SYSTEMPATH/CodeIgniter.php(468): CodeIgniter\CodeIgniter->runController(Object(App\Controllers\Update))
 8 SYSTEMPATH/CodeIgniter.php(351): CodeIgniter\CodeIgniter->handleRequest(null, Object(Config\Cache), false)
 9 FCPATH/index.php(55): CodeIgniter\CodeIgniter->run()
CRITICAL - 2024-02-17 16:14:31 --> Invalid argument supplied for foreach()
in APPPATH/Views/theme1/frontend/update_detail.php on line 149.
 1 APPPATH/Views/theme1/frontend/update_detail.php(149): CodeIgniter\Debug\Exceptions->errorHandler(2, 'Invalid argument supplied for foreach()', 'APPPATH/Views/theme1/frontend/update_detail.php', 149, [...])
 2 SYSTEMPATH/View/View.php(213): include('APPPATH/Views/theme1/frontend/update_detail.php')
 3 SYSTEMPATH/View/View.php(216): CodeIgniter\View\View->CodeIgniter\View\{closure}()
 4 SYSTEMPATH/Common.php(1135): CodeIgniter\View\View->render('theme1/frontend/update_detail', [], true)
 5 APPPATH/Controllers/Update.php(146): view('theme1/frontend/update_detail', [...])
 6 SYSTEMPATH/CodeIgniter.php(898): App\Controllers\Update->update_details()
 7 SYSTEMPATH/CodeIgniter.php(468): CodeIgniter\CodeIgniter->runController(Object(App\Controllers\Update))
 8 SYSTEMPATH/CodeIgniter.php(351): CodeIgniter\CodeIgniter->handleRequest(null, Object(Config\Cache), false)
 9 FCPATH/index.php(55): CodeIgniter\CodeIgniter->run()
CRITICAL - 2024-02-17 16:46:32 --> Invalid argument supplied for foreach()
in APPPATH/Views/theme1/frontend/update_detail.php on line 149.
 1 APPPATH/Views/theme1/frontend/update_detail.php(149): CodeIgniter\Debug\Exceptions->errorHandler(2, 'Invalid argument supplied for foreach()', 'APPPATH/Views/theme1/frontend/update_detail.php', 149, [...])
 2 SYSTEMPATH/View/View.php(213): include('APPPATH/Views/theme1/frontend/update_detail.php')
 3 SYSTEMPATH/View/View.php(216): CodeIgniter\View\View->CodeIgniter\View\{closure}()
 4 SYSTEMPATH/Common.php(1135): CodeIgniter\View\View->render('theme1/frontend/update_detail', [], true)
 5 APPPATH/Controllers/Update.php(146): view('theme1/frontend/update_detail', [...])
 6 SYSTEMPATH/CodeIgniter.php(898): App\Controllers\Update->update_details()
 7 SYSTEMPATH/CodeIgniter.php(468): CodeIgniter\CodeIgniter->runController(Object(App\Controllers\Update))
 8 SYSTEMPATH/CodeIgniter.php(351): CodeIgniter\CodeIgniter->handleRequest(null, Object(Config\Cache), false)
 9 FCPATH/index.php(55): CodeIgniter\CodeIgniter->run()
CRITICAL - 2024-02-17 17:21:11 --> Invalid argument supplied for foreach()
in APPPATH/Views/theme1/frontend/update_detail.php on line 149.
 1 APPPATH/Views/theme1/frontend/update_detail.php(149): CodeIgniter\Debug\Exceptions->errorHandler(2, 'Invalid argument supplied for foreach()', 'APPPATH/Views/theme1/frontend/update_detail.php', 149, [...])
 2 SYSTEMPATH/View/View.php(213): include('APPPATH/Views/theme1/frontend/update_detail.php')
 3 SYSTEMPATH/View/View.php(216): CodeIgniter\View\View->CodeIgniter\View\{closure}()
 4 SYSTEMPATH/Common.php(1135): CodeIgniter\View\View->render('theme1/frontend/update_detail', [], true)
 5 APPPATH/Controllers/Update.php(146): view('theme1/frontend/update_detail', [...])
 6 SYSTEMPATH/CodeIgniter.php(898): App\Controllers\Update->update_details()
 7 SYSTEMPATH/CodeIgniter.php(468): CodeIgniter\CodeIgniter->runController(Object(App\Controllers\Update))
 8 SYSTEMPATH/CodeIgniter.php(351): CodeIgniter\CodeIgniter->handleRequest(null, Object(Config\Cache), false)
 9 FCPATH/index.php(55): CodeIgniter\CodeIgniter->run()
CRITICAL - 2024-02-17 17:30:49 --> Invalid argument supplied for foreach()
in APPPATH/Views/theme1/frontend/update_detail.php on line 149.
 1 APPPATH/Views/theme1/frontend/update_detail.php(149): CodeIgniter\Debug\Exceptions->errorHandler(2, 'Invalid argument supplied for foreach()', 'APPPATH/Views/theme1/frontend/update_detail.php', 149, [...])
 2 SYSTEMPATH/View/View.php(213): include('APPPATH/Views/theme1/frontend/update_detail.php')
 3 SYSTEMPATH/View/View.php(216): CodeIgniter\View\View->CodeIgniter\View\{closure}()
 4 SYSTEMPATH/Common.php(1135): CodeIgniter\View\View->render('theme1/frontend/update_detail', [], true)
 5 APPPATH/Controllers/Update.php(146): view('theme1/frontend/update_detail', [...])
 6 SYSTEMPATH/CodeIgniter.php(898): App\Controllers\Update->update_details()
 7 SYSTEMPATH/CodeIgniter.php(468): CodeIgniter\CodeIgniter->runController(Object(App\Controllers\Update))
 8 SYSTEMPATH/CodeIgniter.php(351): CodeIgniter\CodeIgniter->handleRequest(null, Object(Config\Cache), false)
 9 FCPATH/index.php(55): CodeIgniter\CodeIgniter->run()
CRITICAL - 2024-02-17 19:05:05 --> Invalid argument supplied for foreach()
in APPPATH/Views/theme1/frontend/update_detail.php on line 149.
 1 APPPATH/Views/theme1/frontend/update_detail.php(149): CodeIgniter\Debug\Exceptions->errorHandler(2, 'Invalid argument supplied for foreach()', 'APPPATH/Views/theme1/frontend/update_detail.php', 149, [...])
 2 SYSTEMPATH/View/View.php(213): include('APPPATH/Views/theme1/frontend/update_detail.php')
 3 SYSTEMPATH/View/View.php(216): CodeIgniter\View\View->CodeIgniter\View\{closure}()
 4 SYSTEMPATH/Common.php(1135): CodeIgniter\View\View->render('theme1/frontend/update_detail', [], true)
 5 APPPATH/Controllers/Update.php(146): view('theme1/frontend/update_detail', [...])
 6 SYSTEMPATH/CodeIgniter.php(898): App\Controllers\Update->update_details()
 7 SYSTEMPATH/CodeIgniter.php(468): CodeIgniter\CodeIgniter->runController(Object(App\Controllers\Update))
 8 SYSTEMPATH/CodeIgniter.php(351): CodeIgniter\CodeIgniter->handleRequest(null, Object(Config\Cache), false)
 9 FCPATH/index.php(55): CodeIgniter\CodeIgniter->run()
