CRITICAL - 2023-11-11 00:25:52 --> Trying to access array offset on value of type null
in APPPATH/Controllers/Custom.php on line 266.
 1 APPPATH/Controllers/Custom.php(266): CodeIgniter\Debug\Exceptions->errorHandler(8, 'Trying to access array offset on value of type null', 'APPPATH/Controllers/Custom.php', 266, [...])
 2 SYSTEMPATH/CodeIgniter.php(898): App\Controllers\Custom->custom_Main_Menu()
 3 SYSTEMPATH/CodeIgniter.php(468): CodeIgniter\CodeIgniter->runController(Object(App\Controllers\Custom))
 4 SYSTEMPATH/CodeIgniter.php(351): CodeIgniter\CodeIgniter->handleRequest(null, Object(Config\Cache), false)
 5 FCPATH/index.php(55): CodeIgniter\CodeIgniter->run()
CRITICAL - 2023-11-11 00:27:53 --> Trying to access array offset on value of type null
in APPPATH/Controllers/Custom.php on line 266.
 1 APPPATH/Controllers/Custom.php(266): CodeIgniter\Debug\Exceptions->errorHandler(8, 'Trying to access array offset on value of type null', 'APPPATH/Controllers/Custom.php', 266, [...])
 2 SYSTEMPATH/CodeIgniter.php(898): App\Controllers\Custom->custom_Main_Menu()
 3 SYSTEMPATH/CodeIgniter.php(468): CodeIgniter\CodeIgniter->runController(Object(App\Controllers\Custom))
 4 SYSTEMPATH/CodeIgniter.php(351): CodeIgniter\CodeIgniter->handleRequest(null, Object(Config\Cache), false)
 5 FCPATH/index.php(55): CodeIgniter\CodeIgniter->run()
CRITICAL - 2023-11-11 00:37:55 --> Trying to access array offset on value of type null
in APPPATH/Controllers/Custom.php on line 266.
 1 APPPATH/Controllers/Custom.php(266): CodeIgniter\Debug\Exceptions->errorHandler(8, 'Trying to access array offset on value of type null', 'APPPATH/Controllers/Custom.php', 266, [...])
 2 SYSTEMPATH/CodeIgniter.php(898): App\Controllers\Custom->custom_Main_Menu()
 3 SYSTEMPATH/CodeIgniter.php(468): CodeIgniter\CodeIgniter->runController(Object(App\Controllers\Custom))
 4 SYSTEMPATH/CodeIgniter.php(351): CodeIgniter\CodeIgniter->handleRequest(null, Object(Config\Cache), false)
 5 FCPATH/index.php(55): CodeIgniter\CodeIgniter->run()
CRITICAL - 2023-11-11 00:39:53 --> Trying to access array offset on value of type null
in APPPATH/Controllers/Custom.php on line 266.
 1 APPPATH/Controllers/Custom.php(266): CodeIgniter\Debug\Exceptions->errorHandler(8, 'Trying to access array offset on value of type null', 'APPPATH/Controllers/Custom.php', 266, [...])
 2 SYSTEMPATH/CodeIgniter.php(898): App\Controllers\Custom->custom_Main_Menu()
 3 SYSTEMPATH/CodeIgniter.php(468): CodeIgniter\CodeIgniter->runController(Object(App\Controllers\Custom))
 4 SYSTEMPATH/CodeIgniter.php(351): CodeIgniter\CodeIgniter->handleRequest(null, Object(Config\Cache), false)
 5 FCPATH/index.php(55): CodeIgniter\CodeIgniter->run()
CRITICAL - 2023-11-11 00:41:47 --> Trying to access array offset on value of type null
in APPPATH/Views/theme1/frontend/update_detail.php on line 20.
 1 APPPATH/Views/theme1/frontend/update_detail.php(20): CodeIgniter\Debug\Exceptions->errorHandler(8, 'Trying to access array offset on value of type null', 'APPPATH/Views/theme1/frontend/update_detail.php', 20, [...])
 2 SYSTEMPATH/View/View.php(213): include('APPPATH/Views/theme1/frontend/update_detail.php')
 3 SYSTEMPATH/View/View.php(216): CodeIgniter\View\View->CodeIgniter\View\{closure}()
 4 SYSTEMPATH/Common.php(1135): CodeIgniter\View\View->render('theme1/frontend/update_detail', [], true)
 5 APPPATH/Controllers/Update.php(146): view('theme1/frontend/update_detail', [...])
 6 SYSTEMPATH/CodeIgniter.php(898): App\Controllers\Update->update_details()
 7 SYSTEMPATH/CodeIgniter.php(468): CodeIgniter\CodeIgniter->runController(Object(App\Controllers\Update))
 8 SYSTEMPATH/CodeIgniter.php(351): CodeIgniter\CodeIgniter->handleRequest(null, Object(Config\Cache), false)
 9 FCPATH/index.php(55): CodeIgniter\CodeIgniter->run()
CRITICAL - 2023-11-11 09:30:46 --> Trying to access array offset on value of type null
in APPPATH/Views/theme1/frontend/update_detail.php on line 20.
 1 APPPATH/Views/theme1/frontend/update_detail.php(20): CodeIgniter\Debug\Exceptions->errorHandler(8, 'Trying to access array offset on value of type null', 'APPPATH/Views/theme1/frontend/update_detail.php', 20, [...])
 2 SYSTEMPATH/View/View.php(213): include('APPPATH/Views/theme1/frontend/update_detail.php')
 3 SYSTEMPATH/View/View.php(216): CodeIgniter\View\View->CodeIgniter\View\{closure}()
 4 SYSTEMPATH/Common.php(1135): CodeIgniter\View\View->render('theme1/frontend/update_detail', [], true)
 5 APPPATH/Controllers/Update.php(146): view('theme1/frontend/update_detail', [...])
 6 SYSTEMPATH/CodeIgniter.php(898): App\Controllers\Update->update_details()
 7 SYSTEMPATH/CodeIgniter.php(468): CodeIgniter\CodeIgniter->runController(Object(App\Controllers\Update))
 8 SYSTEMPATH/CodeIgniter.php(351): CodeIgniter\CodeIgniter->handleRequest(null, Object(Config\Cache), false)
 9 FCPATH/index.php(55): CodeIgniter\CodeIgniter->run()
CRITICAL - 2023-11-11 12:24:39 --> Trying to access array offset on value of type null
in APPPATH/Controllers/Custom.php on line 266.
 1 APPPATH/Controllers/Custom.php(266): CodeIgniter\Debug\Exceptions->errorHandler(8, 'Trying to access array offset on value of type null', 'APPPATH/Controllers/Custom.php', 266, [...])
 2 SYSTEMPATH/CodeIgniter.php(898): App\Controllers\Custom->custom_Main_Menu()
 3 SYSTEMPATH/CodeIgniter.php(468): CodeIgniter\CodeIgniter->runController(Object(App\Controllers\Custom))
 4 SYSTEMPATH/CodeIgniter.php(351): CodeIgniter\CodeIgniter->handleRequest(null, Object(Config\Cache), false)
 5 FCPATH/index.php(55): CodeIgniter\CodeIgniter->run()
CRITICAL - 2023-11-11 12:26:58 --> Trying to access array offset on value of type null
in APPPATH/Controllers/Custom.php on line 266.
 1 APPPATH/Controllers/Custom.php(266): CodeIgniter\Debug\Exceptions->errorHandler(8, 'Trying to access array offset on value of type null', 'APPPATH/Controllers/Custom.php', 266, [...])
 2 SYSTEMPATH/CodeIgniter.php(898): App\Controllers\Custom->custom_Main_Menu()
 3 SYSTEMPATH/CodeIgniter.php(468): CodeIgniter\CodeIgniter->runController(Object(App\Controllers\Custom))
 4 SYSTEMPATH/CodeIgniter.php(351): CodeIgniter\CodeIgniter->handleRequest(null, Object(Config\Cache), false)
 5 FCPATH/index.php(55): CodeIgniter\CodeIgniter->run()
CRITICAL - 2023-11-11 12:28:56 --> Trying to access array offset on value of type null
in APPPATH/Controllers/Custom.php on line 266.
 1 APPPATH/Controllers/Custom.php(266): CodeIgniter\Debug\Exceptions->errorHandler(8, 'Trying to access array offset on value of type null', 'APPPATH/Controllers/Custom.php', 266, [...])
 2 SYSTEMPATH/CodeIgniter.php(898): App\Controllers\Custom->custom_Main_Menu()
 3 SYSTEMPATH/CodeIgniter.php(468): CodeIgniter\CodeIgniter->runController(Object(App\Controllers\Custom))
 4 SYSTEMPATH/CodeIgniter.php(351): CodeIgniter\CodeIgniter->handleRequest(null, Object(Config\Cache), false)
 5 FCPATH/index.php(55): CodeIgniter\CodeIgniter->run()
CRITICAL - 2023-11-11 12:31:31 --> Trying to access array offset on value of type null
in APPPATH/Controllers/Custom.php on line 266.
 1 APPPATH/Controllers/Custom.php(266): CodeIgniter\Debug\Exceptions->errorHandler(8, 'Trying to access array offset on value of type null', 'APPPATH/Controllers/Custom.php', 266, [...])
 2 SYSTEMPATH/CodeIgniter.php(898): App\Controllers\Custom->custom_Main_Menu()
 3 SYSTEMPATH/CodeIgniter.php(468): CodeIgniter\CodeIgniter->runController(Object(App\Controllers\Custom))
 4 SYSTEMPATH/CodeIgniter.php(351): CodeIgniter\CodeIgniter->handleRequest(null, Object(Config\Cache), false)
 5 FCPATH/index.php(55): CodeIgniter\CodeIgniter->run()
CRITICAL - 2023-11-11 12:38:58 --> Trying to access array offset on value of type null
in APPPATH/Controllers/Custom.php on line 266.
 1 APPPATH/Controllers/Custom.php(266): CodeIgniter\Debug\Exceptions->errorHandler(8, 'Trying to access array offset on value of type null', 'APPPATH/Controllers/Custom.php', 266, [...])
 2 SYSTEMPATH/CodeIgniter.php(898): App\Controllers\Custom->custom_Main_Menu()
 3 SYSTEMPATH/CodeIgniter.php(468): CodeIgniter\CodeIgniter->runController(Object(App\Controllers\Custom))
 4 SYSTEMPATH/CodeIgniter.php(351): CodeIgniter\CodeIgniter->handleRequest(null, Object(Config\Cache), false)
 5 FCPATH/index.php(55): CodeIgniter\CodeIgniter->run()
CRITICAL - 2023-11-11 12:40:58 --> Trying to access array offset on value of type null
in APPPATH/Controllers/Custom.php on line 266.
 1 APPPATH/Controllers/Custom.php(266): CodeIgniter\Debug\Exceptions->errorHandler(8, 'Trying to access array offset on value of type null', 'APPPATH/Controllers/Custom.php', 266, [...])
 2 SYSTEMPATH/CodeIgniter.php(898): App\Controllers\Custom->custom_Main_Menu()
 3 SYSTEMPATH/CodeIgniter.php(468): CodeIgniter\CodeIgniter->runController(Object(App\Controllers\Custom))
 4 SYSTEMPATH/CodeIgniter.php(351): CodeIgniter\CodeIgniter->handleRequest(null, Object(Config\Cache), false)
 5 FCPATH/index.php(55): CodeIgniter\CodeIgniter->run()
CRITICAL - 2023-11-11 12:50:42 --> Trying to access array offset on value of type null
in APPPATH/Controllers/Custom.php on line 266.
 1 APPPATH/Controllers/Custom.php(266): CodeIgniter\Debug\Exceptions->errorHandler(8, 'Trying to access array offset on value of type null', 'APPPATH/Controllers/Custom.php', 266, [...])
 2 SYSTEMPATH/CodeIgniter.php(898): App\Controllers\Custom->custom_Main_Menu()
 3 SYSTEMPATH/CodeIgniter.php(468): CodeIgniter\CodeIgniter->runController(Object(App\Controllers\Custom))
 4 SYSTEMPATH/CodeIgniter.php(351): CodeIgniter\CodeIgniter->handleRequest(null, Object(Config\Cache), false)
 5 FCPATH/index.php(55): CodeIgniter\CodeIgniter->run()
CRITICAL - 2023-11-11 13:45:45 --> Trying to access array offset on value of type null
in APPPATH/Controllers/Custom.php on line 266.
 1 APPPATH/Controllers/Custom.php(266): CodeIgniter\Debug\Exceptions->errorHandler(8, 'Trying to access array offset on value of type null', 'APPPATH/Controllers/Custom.php', 266, [...])
 2 SYSTEMPATH/CodeIgniter.php(898): App\Controllers\Custom->custom_Main_Menu()
 3 SYSTEMPATH/CodeIgniter.php(468): CodeIgniter\CodeIgniter->runController(Object(App\Controllers\Custom))
 4 SYSTEMPATH/CodeIgniter.php(351): CodeIgniter\CodeIgniter->handleRequest(null, Object(Config\Cache), false)
 5 FCPATH/index.php(55): CodeIgniter\CodeIgniter->run()
CRITICAL - 2023-11-11 14:04:06 --> Trying to access array offset on value of type null
in APPPATH/Controllers/Custom.php on line 266.
 1 APPPATH/Controllers/Custom.php(266): CodeIgniter\Debug\Exceptions->errorHandler(8, 'Trying to access array offset on value of type null', 'APPPATH/Controllers/Custom.php', 266, [...])
 2 SYSTEMPATH/CodeIgniter.php(898): App\Controllers\Custom->custom_Main_Menu()
 3 SYSTEMPATH/CodeIgniter.php(468): CodeIgniter\CodeIgniter->runController(Object(App\Controllers\Custom))
 4 SYSTEMPATH/CodeIgniter.php(351): CodeIgniter\CodeIgniter->handleRequest(null, Object(Config\Cache), false)
 5 FCPATH/index.php(55): CodeIgniter\CodeIgniter->run()
CRITICAL - 2023-11-11 14:37:32 --> Trying to access array offset on value of type null
in APPPATH/Controllers/Custom.php on line 266.
 1 APPPATH/Controllers/Custom.php(266): CodeIgniter\Debug\Exceptions->errorHandler(8, 'Trying to access array offset on value of type null', 'APPPATH/Controllers/Custom.php', 266, [...])
 2 SYSTEMPATH/CodeIgniter.php(898): App\Controllers\Custom->custom_Main_Menu()
 3 SYSTEMPATH/CodeIgniter.php(468): CodeIgniter\CodeIgniter->runController(Object(App\Controllers\Custom))
 4 SYSTEMPATH/CodeIgniter.php(351): CodeIgniter\CodeIgniter->handleRequest(null, Object(Config\Cache), false)
 5 FCPATH/index.php(55): CodeIgniter\CodeIgniter->run()
CRITICAL - 2023-11-11 15:35:21 --> Trying to access array offset on value of type null
in APPPATH/Views/theme1/frontend/update_detail.php on line 20.
 1 APPPATH/Views/theme1/frontend/update_detail.php(20): CodeIgniter\Debug\Exceptions->errorHandler(8, 'Trying to access array offset on value of type null', 'APPPATH/Views/theme1/frontend/update_detail.php', 20, [...])
 2 SYSTEMPATH/View/View.php(213): include('APPPATH/Views/theme1/frontend/update_detail.php')
 3 SYSTEMPATH/View/View.php(216): CodeIgniter\View\View->CodeIgniter\View\{closure}()
 4 SYSTEMPATH/Common.php(1135): CodeIgniter\View\View->render('theme1/frontend/update_detail', [], true)
 5 APPPATH/Controllers/Update.php(146): view('theme1/frontend/update_detail', [...])
 6 SYSTEMPATH/CodeIgniter.php(898): App\Controllers\Update->update_details()
 7 SYSTEMPATH/CodeIgniter.php(468): CodeIgniter\CodeIgniter->runController(Object(App\Controllers\Update))
 8 SYSTEMPATH/CodeIgniter.php(351): CodeIgniter\CodeIgniter->handleRequest(null, Object(Config\Cache), false)
 9 FCPATH/index.php(55): CodeIgniter\CodeIgniter->run()
CRITICAL - 2023-11-11 16:20:40 --> Trying to access array offset on value of type null
in APPPATH/Controllers/Custom.php on line 266.
 1 APPPATH/Controllers/Custom.php(266): CodeIgniter\Debug\Exceptions->errorHandler(8, 'Trying to access array offset on value of type null', 'APPPATH/Controllers/Custom.php', 266, [...])
 2 SYSTEMPATH/CodeIgniter.php(898): App\Controllers\Custom->custom_Main_Menu()
 3 SYSTEMPATH/CodeIgniter.php(468): CodeIgniter\CodeIgniter->runController(Object(App\Controllers\Custom))
 4 SYSTEMPATH/CodeIgniter.php(351): CodeIgniter\CodeIgniter->handleRequest(null, Object(Config\Cache), false)
 5 FCPATH/index.php(55): CodeIgniter\CodeIgniter->run()
CRITICAL - 2023-11-11 16:20:41 --> Trying to access array offset on value of type null
in APPPATH/Controllers/Custom.php on line 266.
 1 APPPATH/Controllers/Custom.php(266): CodeIgniter\Debug\Exceptions->errorHandler(8, 'Trying to access array offset on value of type null', 'APPPATH/Controllers/Custom.php', 266, [...])
 2 SYSTEMPATH/CodeIgniter.php(898): App\Controllers\Custom->custom_Main_Menu()
 3 SYSTEMPATH/CodeIgniter.php(468): CodeIgniter\CodeIgniter->runController(Object(App\Controllers\Custom))
 4 SYSTEMPATH/CodeIgniter.php(351): CodeIgniter\CodeIgniter->handleRequest(null, Object(Config\Cache), false)
 5 FCPATH/index.php(55): CodeIgniter\CodeIgniter->run()
CRITICAL - 2023-11-11 16:20:41 --> Trying to access array offset on value of type null
in APPPATH/Controllers/Custom.php on line 266.
 1 APPPATH/Controllers/Custom.php(266): CodeIgniter\Debug\Exceptions->errorHandler(8, 'Trying to access array offset on value of type null', 'APPPATH/Controllers/Custom.php', 266, [...])
 2 SYSTEMPATH/CodeIgniter.php(898): App\Controllers\Custom->custom_Main_Menu()
 3 SYSTEMPATH/CodeIgniter.php(468): CodeIgniter\CodeIgniter->runController(Object(App\Controllers\Custom))
 4 SYSTEMPATH/CodeIgniter.php(351): CodeIgniter\CodeIgniter->handleRequest(null, Object(Config\Cache), false)
 5 FCPATH/index.php(55): CodeIgniter\CodeIgniter->run()
CRITICAL - 2023-11-11 16:20:42 --> Trying to access array offset on value of type null
in APPPATH/Controllers/Custom.php on line 266.
 1 APPPATH/Controllers/Custom.php(266): CodeIgniter\Debug\Exceptions->errorHandler(8, 'Trying to access array offset on value of type null', 'APPPATH/Controllers/Custom.php', 266, [...])
 2 SYSTEMPATH/CodeIgniter.php(898): App\Controllers\Custom->custom_Main_Menu()
 3 SYSTEMPATH/CodeIgniter.php(468): CodeIgniter\CodeIgniter->runController(Object(App\Controllers\Custom))
 4 SYSTEMPATH/CodeIgniter.php(351): CodeIgniter\CodeIgniter->handleRequest(null, Object(Config\Cache), false)
 5 FCPATH/index.php(55): CodeIgniter\CodeIgniter->run()
CRITICAL - 2023-11-11 16:20:42 --> Trying to access array offset on value of type null
in APPPATH/Controllers/Custom.php on line 266.
 1 APPPATH/Controllers/Custom.php(266): CodeIgniter\Debug\Exceptions->errorHandler(8, 'Trying to access array offset on value of type null', 'APPPATH/Controllers/Custom.php', 266, [...])
 2 SYSTEMPATH/CodeIgniter.php(898): App\Controllers\Custom->custom_Main_Menu()
 3 SYSTEMPATH/CodeIgniter.php(468): CodeIgniter\CodeIgniter->runController(Object(App\Controllers\Custom))
 4 SYSTEMPATH/CodeIgniter.php(351): CodeIgniter\CodeIgniter->handleRequest(null, Object(Config\Cache), false)
 5 FCPATH/index.php(55): CodeIgniter\CodeIgniter->run()
CRITICAL - 2023-11-11 19:58:19 --> Trying to access array offset on value of type null
in APPPATH/Controllers/Custom.php on line 266.
 1 APPPATH/Controllers/Custom.php(266): CodeIgniter\Debug\Exceptions->errorHandler(8, 'Trying to access array offset on value of type null', 'APPPATH/Controllers/Custom.php', 266, [...])
 2 SYSTEMPATH/CodeIgniter.php(898): App\Controllers\Custom->custom_Main_Menu()
 3 SYSTEMPATH/CodeIgniter.php(468): CodeIgniter\CodeIgniter->runController(Object(App\Controllers\Custom))
 4 SYSTEMPATH/CodeIgniter.php(351): CodeIgniter\CodeIgniter->handleRequest(null, Object(Config\Cache), false)
 5 FCPATH/index.php(55): CodeIgniter\CodeIgniter->run()
CRITICAL - 2023-11-11 19:58:22 --> Trying to access array offset on value of type null
in APPPATH/Controllers/Custom.php on line 266.
 1 APPPATH/Controllers/Custom.php(266): CodeIgniter\Debug\Exceptions->errorHandler(8, 'Trying to access array offset on value of type null', 'APPPATH/Controllers/Custom.php', 266, [...])
 2 SYSTEMPATH/CodeIgniter.php(898): App\Controllers\Custom->custom_Main_Menu()
 3 SYSTEMPATH/CodeIgniter.php(468): CodeIgniter\CodeIgniter->runController(Object(App\Controllers\Custom))
 4 SYSTEMPATH/CodeIgniter.php(351): CodeIgniter\CodeIgniter->handleRequest(null, Object(Config\Cache), false)
 5 FCPATH/index.php(55): CodeIgniter\CodeIgniter->run()
CRITICAL - 2023-11-11 19:58:26 --> Trying to access array offset on value of type null
in APPPATH/Controllers/Custom.php on line 266.
 1 APPPATH/Controllers/Custom.php(266): CodeIgniter\Debug\Exceptions->errorHandler(8, 'Trying to access array offset on value of type null', 'APPPATH/Controllers/Custom.php', 266, [...])
 2 SYSTEMPATH/CodeIgniter.php(898): App\Controllers\Custom->custom_Main_Menu()
 3 SYSTEMPATH/CodeIgniter.php(468): CodeIgniter\CodeIgniter->runController(Object(App\Controllers\Custom))
 4 SYSTEMPATH/CodeIgniter.php(351): CodeIgniter\CodeIgniter->handleRequest(null, Object(Config\Cache), false)
 5 FCPATH/index.php(55): CodeIgniter\CodeIgniter->run()
CRITICAL - 2023-11-11 19:58:29 --> Trying to access array offset on value of type null
in APPPATH/Controllers/Custom.php on line 266.
 1 APPPATH/Controllers/Custom.php(266): CodeIgniter\Debug\Exceptions->errorHandler(8, 'Trying to access array offset on value of type null', 'APPPATH/Controllers/Custom.php', 266, [...])
 2 SYSTEMPATH/CodeIgniter.php(898): App\Controllers\Custom->custom_Main_Menu()
 3 SYSTEMPATH/CodeIgniter.php(468): CodeIgniter\CodeIgniter->runController(Object(App\Controllers\Custom))
 4 SYSTEMPATH/CodeIgniter.php(351): CodeIgniter\CodeIgniter->handleRequest(null, Object(Config\Cache), false)
 5 FCPATH/index.php(55): CodeIgniter\CodeIgniter->run()
CRITICAL - 2023-11-11 21:49:21 --> Trying to access array offset on value of type null
in APPPATH/Controllers/Custom.php on line 266.
 1 APPPATH/Controllers/Custom.php(266): CodeIgniter\Debug\Exceptions->errorHandler(8, 'Trying to access array offset on value of type null', 'APPPATH/Controllers/Custom.php', 266, [...])
 2 SYSTEMPATH/CodeIgniter.php(898): App\Controllers\Custom->custom_Main_Menu()
 3 SYSTEMPATH/CodeIgniter.php(468): CodeIgniter\CodeIgniter->runController(Object(App\Controllers\Custom))
 4 SYSTEMPATH/CodeIgniter.php(351): CodeIgniter\CodeIgniter->handleRequest(null, Object(Config\Cache), false)
 5 FCPATH/index.php(55): CodeIgniter\CodeIgniter->run()
CRITICAL - 2023-11-11 22:44:57 --> Trying to access array offset on value of type null
in APPPATH/Controllers/Custom.php on line 266.
 1 APPPATH/Controllers/Custom.php(266): CodeIgniter\Debug\Exceptions->errorHandler(8, 'Trying to access array offset on value of type null', 'APPPATH/Controllers/Custom.php', 266, [...])
 2 SYSTEMPATH/CodeIgniter.php(898): App\Controllers\Custom->custom_Main_Menu()
 3 SYSTEMPATH/CodeIgniter.php(468): CodeIgniter\CodeIgniter->runController(Object(App\Controllers\Custom))
 4 SYSTEMPATH/CodeIgniter.php(351): CodeIgniter\CodeIgniter->handleRequest(null, Object(Config\Cache), false)
 5 FCPATH/index.php(55): CodeIgniter\CodeIgniter->run()
CRITICAL - 2023-11-11 22:45:01 --> Trying to access array offset on value of type null
in APPPATH/Controllers/Custom.php on line 266.
 1 APPPATH/Controllers/Custom.php(266): CodeIgniter\Debug\Exceptions->errorHandler(8, 'Trying to access array offset on value of type null', 'APPPATH/Controllers/Custom.php', 266, [...])
 2 SYSTEMPATH/CodeIgniter.php(898): App\Controllers\Custom->custom_Main_Menu()
 3 SYSTEMPATH/CodeIgniter.php(468): CodeIgniter\CodeIgniter->runController(Object(App\Controllers\Custom))
 4 SYSTEMPATH/CodeIgniter.php(351): CodeIgniter\CodeIgniter->handleRequest(null, Object(Config\Cache), false)
 5 FCPATH/index.php(55): CodeIgniter\CodeIgniter->run()
CRITICAL - 2023-11-11 22:45:05 --> Trying to access array offset on value of type null
in APPPATH/Controllers/Custom.php on line 266.
 1 APPPATH/Controllers/Custom.php(266): CodeIgniter\Debug\Exceptions->errorHandler(8, 'Trying to access array offset on value of type null', 'APPPATH/Controllers/Custom.php', 266, [...])
 2 SYSTEMPATH/CodeIgniter.php(898): App\Controllers\Custom->custom_Main_Menu()
 3 SYSTEMPATH/CodeIgniter.php(468): CodeIgniter\CodeIgniter->runController(Object(App\Controllers\Custom))
 4 SYSTEMPATH/CodeIgniter.php(351): CodeIgniter\CodeIgniter->handleRequest(null, Object(Config\Cache), false)
 5 FCPATH/index.php(55): CodeIgniter\CodeIgniter->run()
