CRITICAL - 2024-03-20 00:10:44 --> Invalid argument supplied for foreach()
in APPPATH/Views/theme1/frontend/update_detail.php on line 149.
 1 APPPATH/Views/theme1/frontend/update_detail.php(149): CodeIgniter\Debug\Exceptions->errorHandler(2, 'Invalid argument supplied for foreach()', 'APPPATH/Views/theme1/frontend/update_detail.php', 149, [...])
 2 SYSTEMPATH/View/View.php(213): include('APPPATH/Views/theme1/frontend/update_detail.php')
 3 SYSTEMPATH/View/View.php(216): CodeIgniter\View\View->CodeIgniter\View\{closure}()
 4 SYSTEMPATH/Common.php(1135): CodeIgniter\View\View->render('theme1/frontend/update_detail', [], true)
 5 APPPATH/Controllers/Update.php(146): view('theme1/frontend/update_detail', [...])
 6 SYSTEMPATH/CodeIgniter.php(898): App\Controllers\Update->update_details()
 7 SYSTEMPATH/CodeIgniter.php(468): CodeIgniter\CodeIgniter->runController(Object(App\Controllers\Update))
 8 SYSTEMPATH/CodeIgniter.php(351): CodeIgniter\CodeIgniter->handleRequest(null, Object(Config\Cache), false)
 9 FCPATH/index.php(55): CodeIgniter\CodeIgniter->run()
CRITICAL - 2024-03-20 01:04:21 --> Invalid argument supplied for foreach()
in APPPATH/Views/theme1/frontend/update_detail.php on line 149.
 1 APPPATH/Views/theme1/frontend/update_detail.php(149): CodeIgniter\Debug\Exceptions->errorHandler(2, 'Invalid argument supplied for foreach()', 'APPPATH/Views/theme1/frontend/update_detail.php', 149, [...])
 2 SYSTEMPATH/View/View.php(213): include('APPPATH/Views/theme1/frontend/update_detail.php')
 3 SYSTEMPATH/View/View.php(216): CodeIgniter\View\View->CodeIgniter\View\{closure}()
 4 SYSTEMPATH/Common.php(1135): CodeIgniter\View\View->render('theme1/frontend/update_detail', [], true)
 5 APPPATH/Controllers/Update.php(146): view('theme1/frontend/update_detail', [...])
 6 SYSTEMPATH/CodeIgniter.php(898): App\Controllers\Update->update_details()
 7 SYSTEMPATH/CodeIgniter.php(468): CodeIgniter\CodeIgniter->runController(Object(App\Controllers\Update))
 8 SYSTEMPATH/CodeIgniter.php(351): CodeIgniter\CodeIgniter->handleRequest(null, Object(Config\Cache), false)
 9 FCPATH/index.php(55): CodeIgniter\CodeIgniter->run()
CRITICAL - 2024-03-20 02:04:41 --> Invalid argument supplied for foreach()
in APPPATH/Views/theme1/frontend/update_detail.php on line 149.
 1 APPPATH/Views/theme1/frontend/update_detail.php(149): CodeIgniter\Debug\Exceptions->errorHandler(2, 'Invalid argument supplied for foreach()', 'APPPATH/Views/theme1/frontend/update_detail.php', 149, [...])
 2 SYSTEMPATH/View/View.php(213): include('APPPATH/Views/theme1/frontend/update_detail.php')
 3 SYSTEMPATH/View/View.php(216): CodeIgniter\View\View->CodeIgniter\View\{closure}()
 4 SYSTEMPATH/Common.php(1135): CodeIgniter\View\View->render('theme1/frontend/update_detail', [], true)
 5 APPPATH/Controllers/Update.php(146): view('theme1/frontend/update_detail', [...])
 6 SYSTEMPATH/CodeIgniter.php(898): App\Controllers\Update->update_details()
 7 SYSTEMPATH/CodeIgniter.php(468): CodeIgniter\CodeIgniter->runController(Object(App\Controllers\Update))
 8 SYSTEMPATH/CodeIgniter.php(351): CodeIgniter\CodeIgniter->handleRequest(null, Object(Config\Cache), false)
 9 FCPATH/index.php(55): CodeIgniter\CodeIgniter->run()
CRITICAL - 2024-03-20 03:17:34 --> Invalid argument supplied for foreach()
in APPPATH/Views/theme1/frontend/update_detail.php on line 149.
 1 APPPATH/Views/theme1/frontend/update_detail.php(149): CodeIgniter\Debug\Exceptions->errorHandler(2, 'Invalid argument supplied for foreach()', 'APPPATH/Views/theme1/frontend/update_detail.php', 149, [...])
 2 SYSTEMPATH/View/View.php(213): include('APPPATH/Views/theme1/frontend/update_detail.php')
 3 SYSTEMPATH/View/View.php(216): CodeIgniter\View\View->CodeIgniter\View\{closure}()
 4 SYSTEMPATH/Common.php(1135): CodeIgniter\View\View->render('theme1/frontend/update_detail', [], true)
 5 APPPATH/Controllers/Update.php(146): view('theme1/frontend/update_detail', [...])
 6 SYSTEMPATH/CodeIgniter.php(898): App\Controllers\Update->update_details()
 7 SYSTEMPATH/CodeIgniter.php(468): CodeIgniter\CodeIgniter->runController(Object(App\Controllers\Update))
 8 SYSTEMPATH/CodeIgniter.php(351): CodeIgniter\CodeIgniter->handleRequest(null, Object(Config\Cache), false)
 9 FCPATH/index.php(55): CodeIgniter\CodeIgniter->run()
CRITICAL - 2024-03-20 03:55:20 --> Invalid argument supplied for foreach()
in APPPATH/Views/theme1/frontend/update_detail.php on line 149.
 1 APPPATH/Views/theme1/frontend/update_detail.php(149): CodeIgniter\Debug\Exceptions->errorHandler(2, 'Invalid argument supplied for foreach()', 'APPPATH/Views/theme1/frontend/update_detail.php', 149, [...])
 2 SYSTEMPATH/View/View.php(213): include('APPPATH/Views/theme1/frontend/update_detail.php')
 3 SYSTEMPATH/View/View.php(216): CodeIgniter\View\View->CodeIgniter\View\{closure}()
 4 SYSTEMPATH/Common.php(1135): CodeIgniter\View\View->render('theme1/frontend/update_detail', [], true)
 5 APPPATH/Controllers/Update.php(146): view('theme1/frontend/update_detail', [...])
 6 SYSTEMPATH/CodeIgniter.php(898): App\Controllers\Update->update_details()
 7 SYSTEMPATH/CodeIgniter.php(468): CodeIgniter\CodeIgniter->runController(Object(App\Controllers\Update))
 8 SYSTEMPATH/CodeIgniter.php(351): CodeIgniter\CodeIgniter->handleRequest(null, Object(Config\Cache), false)
 9 FCPATH/index.php(55): CodeIgniter\CodeIgniter->run()
CRITICAL - 2024-03-20 04:18:12 --> Invalid argument supplied for foreach()
in APPPATH/Views/theme1/frontend/update_detail.php on line 149.
 1 APPPATH/Views/theme1/frontend/update_detail.php(149): CodeIgniter\Debug\Exceptions->errorHandler(2, 'Invalid argument supplied for foreach()', 'APPPATH/Views/theme1/frontend/update_detail.php', 149, [...])
 2 SYSTEMPATH/View/View.php(213): include('APPPATH/Views/theme1/frontend/update_detail.php')
 3 SYSTEMPATH/View/View.php(216): CodeIgniter\View\View->CodeIgniter\View\{closure}()
 4 SYSTEMPATH/Common.php(1135): CodeIgniter\View\View->render('theme1/frontend/update_detail', [], true)
 5 APPPATH/Controllers/Update.php(146): view('theme1/frontend/update_detail', [...])
 6 SYSTEMPATH/CodeIgniter.php(898): App\Controllers\Update->update_details()
 7 SYSTEMPATH/CodeIgniter.php(468): CodeIgniter\CodeIgniter->runController(Object(App\Controllers\Update))
 8 SYSTEMPATH/CodeIgniter.php(351): CodeIgniter\CodeIgniter->handleRequest(null, Object(Config\Cache), false)
 9 FCPATH/index.php(55): CodeIgniter\CodeIgniter->run()
ERROR - 2024-03-20 04:36:00 --> Table 'websiteseotoo_advertising_india.email_templates' doesn't exist
CRITICAL - 2024-03-20 04:36:00 --> Call to a member function getRow() on bool
in APPPATH/Models/Email_templates_model.php on line 38.
 1 APPPATH/Controllers/Signin.php(142): App\Models\Email_templates_model->get_final_template('reset_password')
 2 SYSTEMPATH/CodeIgniter.php(898): App\Controllers\Signin->send_reset_password_mail()
 3 SYSTEMPATH/CodeIgniter.php(468): CodeIgniter\CodeIgniter->runController(Object(App\Controllers\Signin))
 4 SYSTEMPATH/CodeIgniter.php(351): CodeIgniter\CodeIgniter->handleRequest(null, Object(Config\Cache), false)
 5 FCPATH/index.php(55): CodeIgniter\CodeIgniter->run()
CRITICAL - 2024-03-20 04:38:01 --> Use of undefined constant FILTER_EMIAL - assumed 'FILTER_EMIAL' (this will throw an Error in a future version of PHP)
in APPPATH/Controllers/Signin.php on line 199.
 1 APPPATH/Controllers/Signin.php(199): CodeIgniter\Debug\Exceptions->errorHandler(2, 'Use of undefined constant FILTER_EMIAL - assumed \'FILTER_EMIAL\' (this will throw an Error in a future version of PHP)', 'APPPATH/Controllers/Signin.php', 199, [...])
 2 SYSTEMPATH/CodeIgniter.php(898): App\Controllers\Signin->send_reset_password_mail()
 3 SYSTEMPATH/CodeIgniter.php(468): CodeIgniter\CodeIgniter->runController(Object(App\Controllers\Signin))
 4 SYSTEMPATH/CodeIgniter.php(351): CodeIgniter\CodeIgniter->handleRequest(null, Object(Config\Cache), false)
 5 FCPATH/index.php(55): CodeIgniter\CodeIgniter->run()
CRITICAL - 2024-03-20 04:39:57 --> Use of undefined constant FILTER_EMIAL - assumed 'FILTER_EMIAL' (this will throw an Error in a future version of PHP)
in APPPATH/Controllers/Signin.php on line 199.
 1 APPPATH/Controllers/Signin.php(199): CodeIgniter\Debug\Exceptions->errorHandler(2, 'Use of undefined constant FILTER_EMIAL - assumed \'FILTER_EMIAL\' (this will throw an Error in a future version of PHP)', 'APPPATH/Controllers/Signin.php', 199, [...])
 2 SYSTEMPATH/CodeIgniter.php(898): App\Controllers\Signin->send_reset_password_mail()
 3 SYSTEMPATH/CodeIgniter.php(468): CodeIgniter\CodeIgniter->runController(Object(App\Controllers\Signin))
 4 SYSTEMPATH/CodeIgniter.php(351): CodeIgniter\CodeIgniter->handleRequest(null, Object(Config\Cache), false)
 5 FCPATH/index.php(55): CodeIgniter\CodeIgniter->run()
CRITICAL - 2024-03-20 04:40:36 --> Use of undefined constant FILTER_EMIAL - assumed 'FILTER_EMIAL' (this will throw an Error in a future version of PHP)
in APPPATH/Controllers/Signin.php on line 199.
 1 APPPATH/Controllers/Signin.php(199): CodeIgniter\Debug\Exceptions->errorHandler(2, 'Use of undefined constant FILTER_EMIAL - assumed \'FILTER_EMIAL\' (this will throw an Error in a future version of PHP)', 'APPPATH/Controllers/Signin.php', 199, [...])
 2 SYSTEMPATH/CodeIgniter.php(898): App\Controllers\Signin->send_reset_password_mail()
 3 SYSTEMPATH/CodeIgniter.php(468): CodeIgniter\CodeIgniter->runController(Object(App\Controllers\Signin))
 4 SYSTEMPATH/CodeIgniter.php(351): CodeIgniter\CodeIgniter->handleRequest(null, Object(Config\Cache), false)
 5 FCPATH/index.php(55): CodeIgniter\CodeIgniter->run()
CRITICAL - 2024-03-20 04:41:42 --> Use of undefined constant FILTER_EMIAL - assumed 'FILTER_EMIAL' (this will throw an Error in a future version of PHP)
in APPPATH/Controllers/Signin.php on line 199.
 1 APPPATH/Controllers/Signin.php(199): CodeIgniter\Debug\Exceptions->errorHandler(2, 'Use of undefined constant FILTER_EMIAL - assumed \'FILTER_EMIAL\' (this will throw an Error in a future version of PHP)', 'APPPATH/Controllers/Signin.php', 199, [...])
 2 SYSTEMPATH/CodeIgniter.php(898): App\Controllers\Signin->send_reset_password_mail()
 3 SYSTEMPATH/CodeIgniter.php(468): CodeIgniter\CodeIgniter->runController(Object(App\Controllers\Signin))
 4 SYSTEMPATH/CodeIgniter.php(351): CodeIgniter\CodeIgniter->handleRequest(null, Object(Config\Cache), false)
 5 FCPATH/index.php(55): CodeIgniter\CodeIgniter->run()
CRITICAL - 2024-03-20 04:42:45 --> Use of undefined constant FILTER_EMIAL - assumed 'FILTER_EMIAL' (this will throw an Error in a future version of PHP)
in APPPATH/Controllers/Signin.php on line 199.
 1 APPPATH/Controllers/Signin.php(199): CodeIgniter\Debug\Exceptions->errorHandler(2, 'Use of undefined constant FILTER_EMIAL - assumed \'FILTER_EMIAL\' (this will throw an Error in a future version of PHP)', 'APPPATH/Controllers/Signin.php', 199, [...])
 2 SYSTEMPATH/CodeIgniter.php(898): App\Controllers\Signin->send_reset_password_mail()
 3 SYSTEMPATH/CodeIgniter.php(468): CodeIgniter\CodeIgniter->runController(Object(App\Controllers\Signin))
 4 SYSTEMPATH/CodeIgniter.php(351): CodeIgniter\CodeIgniter->handleRequest(null, Object(Config\Cache), false)
 5 FCPATH/index.php(55): CodeIgniter\CodeIgniter->run()
CRITICAL - 2024-03-20 04:43:44 --> Use of undefined constant FILTER_EMIAL - assumed 'FILTER_EMIAL' (this will throw an Error in a future version of PHP)
in APPPATH/Controllers/Signin.php on line 199.
 1 APPPATH/Controllers/Signin.php(199): CodeIgniter\Debug\Exceptions->errorHandler(2, 'Use of undefined constant FILTER_EMIAL - assumed \'FILTER_EMIAL\' (this will throw an Error in a future version of PHP)', 'APPPATH/Controllers/Signin.php', 199, [...])
 2 SYSTEMPATH/CodeIgniter.php(898): App\Controllers\Signin->send_reset_password_mail()
 3 SYSTEMPATH/CodeIgniter.php(468): CodeIgniter\CodeIgniter->runController(Object(App\Controllers\Signin))
 4 SYSTEMPATH/CodeIgniter.php(351): CodeIgniter\CodeIgniter->handleRequest(null, Object(Config\Cache), false)
 5 FCPATH/index.php(55): CodeIgniter\CodeIgniter->run()
CRITICAL - 2024-03-20 04:44:36 --> Use of undefined constant FILTER_EMIAL - assumed 'FILTER_EMIAL' (this will throw an Error in a future version of PHP)
in APPPATH/Controllers/Signin.php on line 145.
 1 APPPATH/Controllers/Signin.php(145): CodeIgniter\Debug\Exceptions->errorHandler(2, 'Use of undefined constant FILTER_EMIAL - assumed \'FILTER_EMIAL\' (this will throw an Error in a future version of PHP)', 'APPPATH/Controllers/Signin.php', 145, [...])
 2 SYSTEMPATH/CodeIgniter.php(898): App\Controllers\Signin->send_reset_password_mail()
 3 SYSTEMPATH/CodeIgniter.php(468): CodeIgniter\CodeIgniter->runController(Object(App\Controllers\Signin))
 4 SYSTEMPATH/CodeIgniter.php(351): CodeIgniter\CodeIgniter->handleRequest(null, Object(Config\Cache), false)
 5 FCPATH/index.php(55): CodeIgniter\CodeIgniter->run()
CRITICAL - 2024-03-20 04:51:23 --> Invalid argument supplied for foreach()
in APPPATH/Views/theme1/frontend/update_detail.php on line 149.
 1 APPPATH/Views/theme1/frontend/update_detail.php(149): CodeIgniter\Debug\Exceptions->errorHandler(2, 'Invalid argument supplied for foreach()', 'APPPATH/Views/theme1/frontend/update_detail.php', 149, [...])
 2 SYSTEMPATH/View/View.php(213): include('APPPATH/Views/theme1/frontend/update_detail.php')
 3 SYSTEMPATH/View/View.php(216): CodeIgniter\View\View->CodeIgniter\View\{closure}()
 4 SYSTEMPATH/Common.php(1135): CodeIgniter\View\View->render('theme1/frontend/update_detail', [], true)
 5 APPPATH/Controllers/Update.php(146): view('theme1/frontend/update_detail', [...])
 6 SYSTEMPATH/CodeIgniter.php(898): App\Controllers\Update->update_details()
 7 SYSTEMPATH/CodeIgniter.php(468): CodeIgniter\CodeIgniter->runController(Object(App\Controllers\Update))
 8 SYSTEMPATH/CodeIgniter.php(351): CodeIgniter\CodeIgniter->handleRequest(null, Object(Config\Cache), false)
 9 FCPATH/index.php(55): CodeIgniter\CodeIgniter->run()
CRITICAL - 2024-03-20 04:53:07 --> Use of undefined constant FILTER_EMIAL - assumed 'FILTER_EMIAL' (this will throw an Error in a future version of PHP)
in APPPATH/Controllers/Signin.php on line 145.
 1 APPPATH/Controllers/Signin.php(145): CodeIgniter\Debug\Exceptions->errorHandler(2, 'Use of undefined constant FILTER_EMIAL - assumed \'FILTER_EMIAL\' (this will throw an Error in a future version of PHP)', 'APPPATH/Controllers/Signin.php', 145, [...])
 2 SYSTEMPATH/CodeIgniter.php(898): App\Controllers\Signin->send_reset_password_mail()
 3 SYSTEMPATH/CodeIgniter.php(468): CodeIgniter\CodeIgniter->runController(Object(App\Controllers\Signin))
 4 SYSTEMPATH/CodeIgniter.php(351): CodeIgniter\CodeIgniter->handleRequest(null, Object(Config\Cache), false)
 5 FCPATH/index.php(55): CodeIgniter\CodeIgniter->run()
CRITICAL - 2024-03-20 06:17:09 --> Invalid argument supplied for foreach()
in APPPATH/Views/theme1/frontend/update_detail.php on line 149.
 1 APPPATH/Views/theme1/frontend/update_detail.php(149): CodeIgniter\Debug\Exceptions->errorHandler(2, 'Invalid argument supplied for foreach()', 'APPPATH/Views/theme1/frontend/update_detail.php', 149, [...])
 2 SYSTEMPATH/View/View.php(213): include('APPPATH/Views/theme1/frontend/update_detail.php')
 3 SYSTEMPATH/View/View.php(216): CodeIgniter\View\View->CodeIgniter\View\{closure}()
 4 SYSTEMPATH/Common.php(1135): CodeIgniter\View\View->render('theme1/frontend/update_detail', [], true)
 5 APPPATH/Controllers/Update.php(146): view('theme1/frontend/update_detail', [...])
 6 SYSTEMPATH/CodeIgniter.php(898): App\Controllers\Update->update_details()
 7 SYSTEMPATH/CodeIgniter.php(468): CodeIgniter\CodeIgniter->runController(Object(App\Controllers\Update))
 8 SYSTEMPATH/CodeIgniter.php(351): CodeIgniter\CodeIgniter->handleRequest(null, Object(Config\Cache), false)
 9 FCPATH/index.php(55): CodeIgniter\CodeIgniter->run()
CRITICAL - 2024-03-20 06:19:01 --> Invalid argument supplied for foreach()
in APPPATH/Views/theme1/frontend/update_detail.php on line 149.
 1 APPPATH/Views/theme1/frontend/update_detail.php(149): CodeIgniter\Debug\Exceptions->errorHandler(2, 'Invalid argument supplied for foreach()', 'APPPATH/Views/theme1/frontend/update_detail.php', 149, [...])
 2 SYSTEMPATH/View/View.php(213): include('APPPATH/Views/theme1/frontend/update_detail.php')
 3 SYSTEMPATH/View/View.php(216): CodeIgniter\View\View->CodeIgniter\View\{closure}()
 4 SYSTEMPATH/Common.php(1135): CodeIgniter\View\View->render('theme1/frontend/update_detail', [], true)
 5 APPPATH/Controllers/Update.php(146): view('theme1/frontend/update_detail', [...])
 6 SYSTEMPATH/CodeIgniter.php(898): App\Controllers\Update->update_details()
 7 SYSTEMPATH/CodeIgniter.php(468): CodeIgniter\CodeIgniter->runController(Object(App\Controllers\Update))
 8 SYSTEMPATH/CodeIgniter.php(351): CodeIgniter\CodeIgniter->handleRequest(null, Object(Config\Cache), false)
 9 FCPATH/index.php(55): CodeIgniter\CodeIgniter->run()
CRITICAL - 2024-03-20 06:31:25 --> Call to undefined function App\Controllers\getSuperAdminData()
in APPPATH/Controllers/Contact.php on line 122.
 1 SYSTEMPATH/CodeIgniter.php(898): App\Controllers\Contact->saveInquiry()
 2 SYSTEMPATH/CodeIgniter.php(468): CodeIgniter\CodeIgniter->runController(Object(App\Controllers\Contact))
 3 SYSTEMPATH/CodeIgniter.php(351): CodeIgniter\CodeIgniter->handleRequest(null, Object(Config\Cache), false)
 4 FCPATH/index.php(55): CodeIgniter\CodeIgniter->run()
CRITICAL - 2024-03-20 06:46:58 --> Call to undefined function App\Controllers\getSuperAdminData()
in APPPATH/Controllers/Contact.php on line 184.
 1 SYSTEMPATH/CodeIgniter.php(898): App\Controllers\Contact->inquiry()
 2 SYSTEMPATH/CodeIgniter.php(468): CodeIgniter\CodeIgniter->runController(Object(App\Controllers\Contact))
 3 SYSTEMPATH/CodeIgniter.php(351): CodeIgniter\CodeIgniter->handleRequest(null, Object(Config\Cache), false)
 4 FCPATH/index.php(55): CodeIgniter\CodeIgniter->run()
CRITICAL - 2024-03-20 06:47:33 --> Use of undefined constant SUPER_ADMIN_URL - assumed 'SUPER_ADMIN_URL' (this will throw an Error in a future version of PHP)
in APPPATH/Controllers/Contact.php on line 226.
 1 APPPATH/Controllers/Contact.php(226): CodeIgniter\Debug\Exceptions->errorHandler(2, 'Use of undefined constant SUPER_ADMIN_URL - assumed \'SUPER_ADMIN_URL\' (this will throw an Error in a future version of PHP)', 'APPPATH/Controllers/Contact.php', 226, [])
 2 APPPATH/Controllers/Contact.php(184): App\Controllers\Contact->getSuperAdminData()
 3 SYSTEMPATH/CodeIgniter.php(898): App\Controllers\Contact->inquiry()
 4 SYSTEMPATH/CodeIgniter.php(468): CodeIgniter\CodeIgniter->runController(Object(App\Controllers\Contact))
 5 SYSTEMPATH/CodeIgniter.php(351): CodeIgniter\CodeIgniter->handleRequest(null, Object(Config\Cache), false)
 6 FCPATH/index.php(55): CodeIgniter\CodeIgniter->run()
CRITICAL - 2024-03-20 06:47:54 --> Use of undefined constant SUPER_ADMIN_URL - assumed 'SUPER_ADMIN_URL' (this will throw an Error in a future version of PHP)
in APPPATH/Controllers/Contact.php on line 226.
 1 APPPATH/Controllers/Contact.php(226): CodeIgniter\Debug\Exceptions->errorHandler(2, 'Use of undefined constant SUPER_ADMIN_URL - assumed \'SUPER_ADMIN_URL\' (this will throw an Error in a future version of PHP)', 'APPPATH/Controllers/Contact.php', 226, [])
 2 APPPATH/Controllers/Contact.php(184): App\Controllers\Contact->getSuperAdminData()
 3 SYSTEMPATH/CodeIgniter.php(898): App\Controllers\Contact->inquiry()
 4 SYSTEMPATH/CodeIgniter.php(468): CodeIgniter\CodeIgniter->runController(Object(App\Controllers\Contact))
 5 SYSTEMPATH/CodeIgniter.php(351): CodeIgniter\CodeIgniter->handleRequest(null, Object(Config\Cache), false)
 6 FCPATH/index.php(55): CodeIgniter\CodeIgniter->run()
CRITICAL - 2024-03-20 06:48:55 --> Use of undefined constant SUPER_ADMIN_URL - assumed 'SUPER_ADMIN_URL' (this will throw an Error in a future version of PHP)
in APPPATH/Controllers/Contact.php on line 227.
 1 APPPATH/Controllers/Contact.php(227): CodeIgniter\Debug\Exceptions->errorHandler(2, 'Use of undefined constant SUPER_ADMIN_URL - assumed \'SUPER_ADMIN_URL\' (this will throw an Error in a future version of PHP)', 'APPPATH/Controllers/Contact.php', 227, [])
 2 APPPATH/Controllers/Contact.php(185): App\Controllers\Contact->getSuperAdminData()
 3 SYSTEMPATH/CodeIgniter.php(898): App\Controllers\Contact->inquiry()
 4 SYSTEMPATH/CodeIgniter.php(468): CodeIgniter\CodeIgniter->runController(Object(App\Controllers\Contact))
 5 SYSTEMPATH/CodeIgniter.php(351): CodeIgniter\CodeIgniter->handleRequest(null, Object(Config\Cache), false)
 6 FCPATH/index.php(55): CodeIgniter\CodeIgniter->run()
CRITICAL - 2024-03-20 06:49:10 --> Use of undefined constant SUPER_ADMIN_URL - assumed 'SUPER_ADMIN_URL' (this will throw an Error in a future version of PHP)
in APPPATH/Controllers/Contact.php on line 227.
 1 APPPATH/Controllers/Contact.php(227): CodeIgniter\Debug\Exceptions->errorHandler(2, 'Use of undefined constant SUPER_ADMIN_URL - assumed \'SUPER_ADMIN_URL\' (this will throw an Error in a future version of PHP)', 'APPPATH/Controllers/Contact.php', 227, [])
 2 APPPATH/Controllers/Contact.php(185): App\Controllers\Contact->getSuperAdminData()
 3 SYSTEMPATH/CodeIgniter.php(898): App\Controllers\Contact->inquiry()
 4 SYSTEMPATH/CodeIgniter.php(468): CodeIgniter\CodeIgniter->runController(Object(App\Controllers\Contact))
 5 SYSTEMPATH/CodeIgniter.php(351): CodeIgniter\CodeIgniter->handleRequest(null, Object(Config\Cache), false)
 6 FCPATH/index.php(55): CodeIgniter\CodeIgniter->run()
CRITICAL - 2024-03-20 06:51:09 --> Use of undefined constant SUPER_ADMIN_URL - assumed 'SUPER_ADMIN_URL' (this will throw an Error in a future version of PHP)
in APPPATH/Controllers/Contact.php on line 227.
 1 APPPATH/Controllers/Contact.php(227): CodeIgniter\Debug\Exceptions->errorHandler(2, 'Use of undefined constant SUPER_ADMIN_URL - assumed \'SUPER_ADMIN_URL\' (this will throw an Error in a future version of PHP)', 'APPPATH/Controllers/Contact.php', 227, [])
 2 APPPATH/Controllers/Contact.php(185): App\Controllers\Contact->getSuperAdminData()
 3 SYSTEMPATH/CodeIgniter.php(898): App\Controllers\Contact->inquiry()
 4 SYSTEMPATH/CodeIgniter.php(468): CodeIgniter\CodeIgniter->runController(Object(App\Controllers\Contact))
 5 SYSTEMPATH/CodeIgniter.php(351): CodeIgniter\CodeIgniter->handleRequest(null, Object(Config\Cache), false)
 6 FCPATH/index.php(55): CodeIgniter\CodeIgniter->run()
CRITICAL - 2024-03-20 06:51:36 --> Use of undefined constant SUPER_ADMIN_URL - assumed 'SUPER_ADMIN_URL' (this will throw an Error in a future version of PHP)
in APPPATH/Controllers/Contact.php on line 227.
 1 APPPATH/Controllers/Contact.php(227): CodeIgniter\Debug\Exceptions->errorHandler(2, 'Use of undefined constant SUPER_ADMIN_URL - assumed \'SUPER_ADMIN_URL\' (this will throw an Error in a future version of PHP)', 'APPPATH/Controllers/Contact.php', 227, [])
 2 APPPATH/Controllers/Contact.php(185): App\Controllers\Contact->getSuperAdminData()
 3 SYSTEMPATH/CodeIgniter.php(898): App\Controllers\Contact->inquiry()
 4 SYSTEMPATH/CodeIgniter.php(468): CodeIgniter\CodeIgniter->runController(Object(App\Controllers\Contact))
 5 SYSTEMPATH/CodeIgniter.php(351): CodeIgniter\CodeIgniter->handleRequest(null, Object(Config\Cache), false)
 6 FCPATH/index.php(55): CodeIgniter\CodeIgniter->run()
CRITICAL - 2024-03-20 06:52:40 --> Use of undefined constant SUPER_ADMIN_URL - assumed 'SUPER_ADMIN_URL' (this will throw an Error in a future version of PHP)
in APPPATH/Controllers/Contact.php on line 226.
 1 APPPATH/Controllers/Contact.php(226): CodeIgniter\Debug\Exceptions->errorHandler(2, 'Use of undefined constant SUPER_ADMIN_URL - assumed \'SUPER_ADMIN_URL\' (this will throw an Error in a future version of PHP)', 'APPPATH/Controllers/Contact.php', 226, [])
 2 APPPATH/Controllers/Contact.php(184): App\Controllers\Contact->getSuperAdminData()
 3 SYSTEMPATH/CodeIgniter.php(898): App\Controllers\Contact->inquiry()
 4 SYSTEMPATH/CodeIgniter.php(468): CodeIgniter\CodeIgniter->runController(Object(App\Controllers\Contact))
 5 SYSTEMPATH/CodeIgniter.php(351): CodeIgniter\CodeIgniter->handleRequest(null, Object(Config\Cache), false)
 6 FCPATH/index.php(55): CodeIgniter\CodeIgniter->run()
CRITICAL - 2024-03-20 09:19:54 --> Invalid argument supplied for foreach()
in APPPATH/Views/theme1/frontend/update_detail.php on line 149.
 1 APPPATH/Views/theme1/frontend/update_detail.php(149): CodeIgniter\Debug\Exceptions->errorHandler(2, 'Invalid argument supplied for foreach()', 'APPPATH/Views/theme1/frontend/update_detail.php', 149, [...])
 2 SYSTEMPATH/View/View.php(213): include('APPPATH/Views/theme1/frontend/update_detail.php')
 3 SYSTEMPATH/View/View.php(216): CodeIgniter\View\View->CodeIgniter\View\{closure}()
 4 SYSTEMPATH/Common.php(1135): CodeIgniter\View\View->render('theme1/frontend/update_detail', [], true)
 5 APPPATH/Controllers/Update.php(146): view('theme1/frontend/update_detail', [...])
 6 SYSTEMPATH/CodeIgniter.php(898): App\Controllers\Update->update_details()
 7 SYSTEMPATH/CodeIgniter.php(468): CodeIgniter\CodeIgniter->runController(Object(App\Controllers\Update))
 8 SYSTEMPATH/CodeIgniter.php(351): CodeIgniter\CodeIgniter->handleRequest(null, Object(Config\Cache), false)
 9 FCPATH/index.php(55): CodeIgniter\CodeIgniter->run()
CRITICAL - 2024-03-20 09:37:49 --> Invalid argument supplied for foreach()
in APPPATH/Views/theme1/frontend/update_detail.php on line 149.
 1 APPPATH/Views/theme1/frontend/update_detail.php(149): CodeIgniter\Debug\Exceptions->errorHandler(2, 'Invalid argument supplied for foreach()', 'APPPATH/Views/theme1/frontend/update_detail.php', 149, [...])
 2 SYSTEMPATH/View/View.php(213): include('APPPATH/Views/theme1/frontend/update_detail.php')
 3 SYSTEMPATH/View/View.php(216): CodeIgniter\View\View->CodeIgniter\View\{closure}()
 4 SYSTEMPATH/Common.php(1135): CodeIgniter\View\View->render('theme1/frontend/update_detail', [], true)
 5 APPPATH/Controllers/Update.php(146): view('theme1/frontend/update_detail', [...])
 6 SYSTEMPATH/CodeIgniter.php(898): App\Controllers\Update->update_details()
 7 SYSTEMPATH/CodeIgniter.php(468): CodeIgniter\CodeIgniter->runController(Object(App\Controllers\Update))
 8 SYSTEMPATH/CodeIgniter.php(351): CodeIgniter\CodeIgniter->handleRequest(null, Object(Config\Cache), false)
 9 FCPATH/index.php(55): CodeIgniter\CodeIgniter->run()
CRITICAL - 2024-03-20 12:15:40 --> Invalid argument supplied for foreach()
in APPPATH/Views/theme1/frontend/update_detail.php on line 149.
 1 APPPATH/Views/theme1/frontend/update_detail.php(149): CodeIgniter\Debug\Exceptions->errorHandler(2, 'Invalid argument supplied for foreach()', 'APPPATH/Views/theme1/frontend/update_detail.php', 149, [...])
 2 SYSTEMPATH/View/View.php(213): include('APPPATH/Views/theme1/frontend/update_detail.php')
 3 SYSTEMPATH/View/View.php(216): CodeIgniter\View\View->CodeIgniter\View\{closure}()
 4 SYSTEMPATH/Common.php(1135): CodeIgniter\View\View->render('theme1/frontend/update_detail', [], true)
 5 APPPATH/Controllers/Update.php(146): view('theme1/frontend/update_detail', [...])
 6 SYSTEMPATH/CodeIgniter.php(898): App\Controllers\Update->update_details()
 7 SYSTEMPATH/CodeIgniter.php(468): CodeIgniter\CodeIgniter->runController(Object(App\Controllers\Update))
 8 SYSTEMPATH/CodeIgniter.php(351): CodeIgniter\CodeIgniter->handleRequest(null, Object(Config\Cache), false)
 9 FCPATH/index.php(55): CodeIgniter\CodeIgniter->run()
CRITICAL - 2024-03-20 13:03:00 --> Invalid argument supplied for foreach()
in APPPATH/Views/theme1/frontend/update_detail.php on line 149.
 1 APPPATH/Views/theme1/frontend/update_detail.php(149): CodeIgniter\Debug\Exceptions->errorHandler(2, 'Invalid argument supplied for foreach()', 'APPPATH/Views/theme1/frontend/update_detail.php', 149, [...])
 2 SYSTEMPATH/View/View.php(213): include('APPPATH/Views/theme1/frontend/update_detail.php')
 3 SYSTEMPATH/View/View.php(216): CodeIgniter\View\View->CodeIgniter\View\{closure}()
 4 SYSTEMPATH/Common.php(1135): CodeIgniter\View\View->render('theme1/frontend/update_detail', [], true)
 5 APPPATH/Controllers/Update.php(146): view('theme1/frontend/update_detail', [...])
 6 SYSTEMPATH/CodeIgniter.php(898): App\Controllers\Update->update_details()
 7 SYSTEMPATH/CodeIgniter.php(468): CodeIgniter\CodeIgniter->runController(Object(App\Controllers\Update))
 8 SYSTEMPATH/CodeIgniter.php(351): CodeIgniter\CodeIgniter->handleRequest(null, Object(Config\Cache), false)
 9 FCPATH/index.php(55): CodeIgniter\CodeIgniter->run()
CRITICAL - 2024-03-20 13:32:48 --> Invalid argument supplied for foreach()
in APPPATH/Views/theme1/frontend/update_detail.php on line 149.
 1 APPPATH/Views/theme1/frontend/update_detail.php(149): CodeIgniter\Debug\Exceptions->errorHandler(2, 'Invalid argument supplied for foreach()', 'APPPATH/Views/theme1/frontend/update_detail.php', 149, [...])
 2 SYSTEMPATH/View/View.php(213): include('APPPATH/Views/theme1/frontend/update_detail.php')
 3 SYSTEMPATH/View/View.php(216): CodeIgniter\View\View->CodeIgniter\View\{closure}()
 4 SYSTEMPATH/Common.php(1135): CodeIgniter\View\View->render('theme1/frontend/update_detail', [], true)
 5 APPPATH/Controllers/Update.php(146): view('theme1/frontend/update_detail', [...])
 6 SYSTEMPATH/CodeIgniter.php(898): App\Controllers\Update->update_details()
 7 SYSTEMPATH/CodeIgniter.php(468): CodeIgniter\CodeIgniter->runController(Object(App\Controllers\Update))
 8 SYSTEMPATH/CodeIgniter.php(351): CodeIgniter\CodeIgniter->handleRequest(null, Object(Config\Cache), false)
 9 FCPATH/index.php(55): CodeIgniter\CodeIgniter->run()
CRITICAL - 2024-03-20 14:25:17 --> Invalid argument supplied for foreach()
in APPPATH/Views/theme1/frontend/update_detail.php on line 149.
 1 APPPATH/Views/theme1/frontend/update_detail.php(149): CodeIgniter\Debug\Exceptions->errorHandler(2, 'Invalid argument supplied for foreach()', 'APPPATH/Views/theme1/frontend/update_detail.php', 149, [...])
 2 SYSTEMPATH/View/View.php(213): include('APPPATH/Views/theme1/frontend/update_detail.php')
 3 SYSTEMPATH/View/View.php(216): CodeIgniter\View\View->CodeIgniter\View\{closure}()
 4 SYSTEMPATH/Common.php(1135): CodeIgniter\View\View->render('theme1/frontend/update_detail', [], true)
 5 APPPATH/Controllers/Update.php(146): view('theme1/frontend/update_detail', [...])
 6 SYSTEMPATH/CodeIgniter.php(898): App\Controllers\Update->update_details()
 7 SYSTEMPATH/CodeIgniter.php(468): CodeIgniter\CodeIgniter->runController(Object(App\Controllers\Update))
 8 SYSTEMPATH/CodeIgniter.php(351): CodeIgniter\CodeIgniter->handleRequest(null, Object(Config\Cache), false)
 9 FCPATH/index.php(55): CodeIgniter\CodeIgniter->run()
CRITICAL - 2024-03-20 15:57:25 --> Invalid argument supplied for foreach()
in APPPATH/Views/theme1/frontend/update_detail.php on line 149.
 1 APPPATH/Views/theme1/frontend/update_detail.php(149): CodeIgniter\Debug\Exceptions->errorHandler(2, 'Invalid argument supplied for foreach()', 'APPPATH/Views/theme1/frontend/update_detail.php', 149, [...])
 2 SYSTEMPATH/View/View.php(213): include('APPPATH/Views/theme1/frontend/update_detail.php')
 3 SYSTEMPATH/View/View.php(216): CodeIgniter\View\View->CodeIgniter\View\{closure}()
 4 SYSTEMPATH/Common.php(1135): CodeIgniter\View\View->render('theme1/frontend/update_detail', [], true)
 5 APPPATH/Controllers/Update.php(146): view('theme1/frontend/update_detail', [...])
 6 SYSTEMPATH/CodeIgniter.php(898): App\Controllers\Update->update_details()
 7 SYSTEMPATH/CodeIgniter.php(468): CodeIgniter\CodeIgniter->runController(Object(App\Controllers\Update))
 8 SYSTEMPATH/CodeIgniter.php(351): CodeIgniter\CodeIgniter->handleRequest(null, Object(Config\Cache), false)
 9 FCPATH/index.php(55): CodeIgniter\CodeIgniter->run()
CRITICAL - 2024-03-20 16:47:15 --> Invalid argument supplied for foreach()
in APPPATH/Views/theme1/frontend/update_detail.php on line 149.
 1 APPPATH/Views/theme1/frontend/update_detail.php(149): CodeIgniter\Debug\Exceptions->errorHandler(2, 'Invalid argument supplied for foreach()', 'APPPATH/Views/theme1/frontend/update_detail.php', 149, [...])
 2 SYSTEMPATH/View/View.php(213): include('APPPATH/Views/theme1/frontend/update_detail.php')
 3 SYSTEMPATH/View/View.php(216): CodeIgniter\View\View->CodeIgniter\View\{closure}()
 4 SYSTEMPATH/Common.php(1135): CodeIgniter\View\View->render('theme1/frontend/update_detail', [], true)
 5 APPPATH/Controllers/Update.php(146): view('theme1/frontend/update_detail', [...])
 6 SYSTEMPATH/CodeIgniter.php(898): App\Controllers\Update->update_details()
 7 SYSTEMPATH/CodeIgniter.php(468): CodeIgniter\CodeIgniter->runController(Object(App\Controllers\Update))
 8 SYSTEMPATH/CodeIgniter.php(351): CodeIgniter\CodeIgniter->handleRequest(null, Object(Config\Cache), false)
 9 FCPATH/index.php(55): CodeIgniter\CodeIgniter->run()
CRITICAL - 2024-03-20 19:41:51 --> Invalid argument supplied for foreach()
in APPPATH/Views/theme1/frontend/update_detail.php on line 149.
 1 APPPATH/Views/theme1/frontend/update_detail.php(149): CodeIgniter\Debug\Exceptions->errorHandler(2, 'Invalid argument supplied for foreach()', 'APPPATH/Views/theme1/frontend/update_detail.php', 149, [...])
 2 SYSTEMPATH/View/View.php(213): include('APPPATH/Views/theme1/frontend/update_detail.php')
 3 SYSTEMPATH/View/View.php(216): CodeIgniter\View\View->CodeIgniter\View\{closure}()
 4 SYSTEMPATH/Common.php(1135): CodeIgniter\View\View->render('theme1/frontend/update_detail', [], true)
 5 APPPATH/Controllers/Update.php(146): view('theme1/frontend/update_detail', [...])
 6 SYSTEMPATH/CodeIgniter.php(898): App\Controllers\Update->update_details()
 7 SYSTEMPATH/CodeIgniter.php(468): CodeIgniter\CodeIgniter->runController(Object(App\Controllers\Update))
 8 SYSTEMPATH/CodeIgniter.php(351): CodeIgniter\CodeIgniter->handleRequest(null, Object(Config\Cache), false)
 9 FCPATH/index.php(55): CodeIgniter\CodeIgniter->run()
CRITICAL - 2024-03-20 19:43:39 --> Invalid argument supplied for foreach()
in APPPATH/Views/theme1/frontend/update_detail.php on line 149.
 1 APPPATH/Views/theme1/frontend/update_detail.php(149): CodeIgniter\Debug\Exceptions->errorHandler(2, 'Invalid argument supplied for foreach()', 'APPPATH/Views/theme1/frontend/update_detail.php', 149, [...])
 2 SYSTEMPATH/View/View.php(213): include('APPPATH/Views/theme1/frontend/update_detail.php')
 3 SYSTEMPATH/View/View.php(216): CodeIgniter\View\View->CodeIgniter\View\{closure}()
 4 SYSTEMPATH/Common.php(1135): CodeIgniter\View\View->render('theme1/frontend/update_detail', [], true)
 5 APPPATH/Controllers/Update.php(146): view('theme1/frontend/update_detail', [...])
 6 SYSTEMPATH/CodeIgniter.php(898): App\Controllers\Update->update_details()
 7 SYSTEMPATH/CodeIgniter.php(468): CodeIgniter\CodeIgniter->runController(Object(App\Controllers\Update))
 8 SYSTEMPATH/CodeIgniter.php(351): CodeIgniter\CodeIgniter->handleRequest(null, Object(Config\Cache), false)
 9 FCPATH/index.php(55): CodeIgniter\CodeIgniter->run()
CRITICAL - 2024-03-20 20:12:43 --> Invalid argument supplied for foreach()
in APPPATH/Views/theme1/frontend/update_detail.php on line 149.
 1 APPPATH/Views/theme1/frontend/update_detail.php(149): CodeIgniter\Debug\Exceptions->errorHandler(2, 'Invalid argument supplied for foreach()', 'APPPATH/Views/theme1/frontend/update_detail.php', 149, [...])
 2 SYSTEMPATH/View/View.php(213): include('APPPATH/Views/theme1/frontend/update_detail.php')
 3 SYSTEMPATH/View/View.php(216): CodeIgniter\View\View->CodeIgniter\View\{closure}()
 4 SYSTEMPATH/Common.php(1135): CodeIgniter\View\View->render('theme1/frontend/update_detail', [], true)
 5 APPPATH/Controllers/Update.php(146): view('theme1/frontend/update_detail', [...])
 6 SYSTEMPATH/CodeIgniter.php(898): App\Controllers\Update->update_details()
 7 SYSTEMPATH/CodeIgniter.php(468): CodeIgniter\CodeIgniter->runController(Object(App\Controllers\Update))
 8 SYSTEMPATH/CodeIgniter.php(351): CodeIgniter\CodeIgniter->handleRequest(null, Object(Config\Cache), false)
 9 FCPATH/index.php(55): CodeIgniter\CodeIgniter->run()
CRITICAL - 2024-03-20 21:47:23 --> Invalid argument supplied for foreach()
in APPPATH/Views/theme1/frontend/update_detail.php on line 149.
 1 APPPATH/Views/theme1/frontend/update_detail.php(149): CodeIgniter\Debug\Exceptions->errorHandler(2, 'Invalid argument supplied for foreach()', 'APPPATH/Views/theme1/frontend/update_detail.php', 149, [...])
 2 SYSTEMPATH/View/View.php(213): include('APPPATH/Views/theme1/frontend/update_detail.php')
 3 SYSTEMPATH/View/View.php(216): CodeIgniter\View\View->CodeIgniter\View\{closure}()
 4 SYSTEMPATH/Common.php(1135): CodeIgniter\View\View->render('theme1/frontend/update_detail', [], true)
 5 APPPATH/Controllers/Update.php(146): view('theme1/frontend/update_detail', [...])
 6 SYSTEMPATH/CodeIgniter.php(898): App\Controllers\Update->update_details()
 7 SYSTEMPATH/CodeIgniter.php(468): CodeIgniter\CodeIgniter->runController(Object(App\Controllers\Update))
 8 SYSTEMPATH/CodeIgniter.php(351): CodeIgniter\CodeIgniter->handleRequest(null, Object(Config\Cache), false)
 9 FCPATH/index.php(55): CodeIgniter\CodeIgniter->run()
CRITICAL - 2024-03-20 22:05:38 --> Invalid argument supplied for foreach()
in APPPATH/Views/theme1/frontend/update_detail.php on line 149.
 1 APPPATH/Views/theme1/frontend/update_detail.php(149): CodeIgniter\Debug\Exceptions->errorHandler(2, 'Invalid argument supplied for foreach()', 'APPPATH/Views/theme1/frontend/update_detail.php', 149, [...])
 2 SYSTEMPATH/View/View.php(213): include('APPPATH/Views/theme1/frontend/update_detail.php')
 3 SYSTEMPATH/View/View.php(216): CodeIgniter\View\View->CodeIgniter\View\{closure}()
 4 SYSTEMPATH/Common.php(1135): CodeIgniter\View\View->render('theme1/frontend/update_detail', [], true)
 5 APPPATH/Controllers/Update.php(146): view('theme1/frontend/update_detail', [...])
 6 SYSTEMPATH/CodeIgniter.php(898): App\Controllers\Update->update_details()
 7 SYSTEMPATH/CodeIgniter.php(468): CodeIgniter\CodeIgniter->runController(Object(App\Controllers\Update))
 8 SYSTEMPATH/CodeIgniter.php(351): CodeIgniter\CodeIgniter->handleRequest(null, Object(Config\Cache), false)
 9 FCPATH/index.php(55): CodeIgniter\CodeIgniter->run()
CRITICAL - 2024-03-20 22:12:27 --> Invalid argument supplied for foreach()
in APPPATH/Views/theme1/frontend/update_detail.php on line 149.
 1 APPPATH/Views/theme1/frontend/update_detail.php(149): CodeIgniter\Debug\Exceptions->errorHandler(2, 'Invalid argument supplied for foreach()', 'APPPATH/Views/theme1/frontend/update_detail.php', 149, [...])
 2 SYSTEMPATH/View/View.php(213): include('APPPATH/Views/theme1/frontend/update_detail.php')
 3 SYSTEMPATH/View/View.php(216): CodeIgniter\View\View->CodeIgniter\View\{closure}()
 4 SYSTEMPATH/Common.php(1135): CodeIgniter\View\View->render('theme1/frontend/update_detail', [], true)
 5 APPPATH/Controllers/Update.php(146): view('theme1/frontend/update_detail', [...])
 6 SYSTEMPATH/CodeIgniter.php(898): App\Controllers\Update->update_details()
 7 SYSTEMPATH/CodeIgniter.php(468): CodeIgniter\CodeIgniter->runController(Object(App\Controllers\Update))
 8 SYSTEMPATH/CodeIgniter.php(351): CodeIgniter\CodeIgniter->handleRequest(null, Object(Config\Cache), false)
 9 FCPATH/index.php(55): CodeIgniter\CodeIgniter->run()
